#
# There is insufficient memory for the Java Runtime Environment to continue.
# Native memory allocation (mmap) failed to map 134217728 bytes for G1 virtual space
# Possible reasons:
#   The system is out of physical RAM or swap space
#   The process is running with CompressedOops enabled, and the Java Heap may be blocking the growth of the native heap
# Possible solutions:
#   Reduce memory load on the system
#   Increase physical memory or swap space
#   Check if swap backing store is full
#   Decrease Java heap size (-Xmx/-Xms)
#   Decrease number of Java threads
#   Decrease Java thread stack sizes (-Xss)
#   Set larger code cache with -XX:ReservedCodeCacheSize=
#   JVM is running with Unscaled Compressed Oops mode in which the Java heap is
#     placed in the first 4GB address space. The Java Heap base address is the
#     maximum limit for the native heap growth. Please use -XX:HeapBaseMinAddress
#     to set the Java Heap base and to place the Java Heap above 4GB virtual address.
# This output file may be truncated or incomplete.
#
#  Out of Memory Error (./open/src/hotspot/os/windows/os_windows.cpp:3472), pid=25572, tid=25432
#
# JRE version:  (15.0+36) (build )
# Java VM: Java HotSpot(TM) 64-Bit Server VM (15+36-1562, mixed mode, sharing, tiered, compressed oops, g1 gc, windows-amd64)
# No core dump will be written. Minidumps are not enabled by default on client versions of Windows
#

---------------  S U M M A R Y ------------

Command Line: -Dfile.encoding=Cp1252 -XX:+ShowCodeDetailsInExceptionMessages com.example.Main

Host: Intel(R) Core(TM) i3-6100 CPU @ 3.70GHz, 4 cores, 7G,  Windows 10 , 64 bit Build 19041 (10.0.19041.662)
Time: Sun Jan 10 16:47:14 2021 SE Asia Standard Time elapsed time: 0.027123 seconds (0d 0h 0m 0s)

---------------  T H R E A D  ---------------

Current thread (0x000001c52b5405b0):  JavaThread "Unknown thread" [_thread_in_vm, id=25432, stack(0x0000005238f00000,0x0000005239000000)]

Stack: [0x0000005238f00000,0x0000005239000000]
Native frames: (J=compiled Java code, j=interpreted, Vv=VM code, C=native code)
V  [jvm.dll+0x629eaa]
V  [jvm.dll+0x780379]
V  [jvm.dll+0x781ad3]
V  [jvm.dll+0x782133]
V  [jvm.dll+0x2159d5]
V  [jvm.dll+0x627299]
V  [jvm.dll+0x61bdd5]
V  [jvm.dll+0x2cf96d]
V  [jvm.dll+0x2cf7d2]
V  [jvm.dll+0x2d57ac]
V  [jvm.dll+0x32523a]
V  [jvm.dll+0x324904]
V  [jvm.dll+0x2a68ea]
V  [jvm.dll+0x2a7a88]
V  [jvm.dll+0x75d0f1]
V  [jvm.dll+0x333af4]
V  [jvm.dll+0x73d816]
V  [jvm.dll+0x3b68e7]
V  [jvm.dll+0x3b8371]
C  [jli.dll+0x52fb]
C  [ucrtbase.dll+0x214c2]
C  [KERNEL32.DLL+0x17034]
C  [ntdll.dll+0x4d0d1]


---------------  P R O C E S S  ---------------

Threads class SMR info:
_java_thread_list=0x00007ffbdac22fa0, length=0, elements={
}

Java Threads: ( => current thread )

Other Threads:
  0x000001c52b57f060 GCTaskThread "GC Thread#0" [stack: 0x0000005239000000,0x0000005239100000] [id=10260]
  0x000001c52b593130 ConcurrentGCThread "G1 Main Marker" [stack: 0x0000005239100000,0x0000005239200000] [id=13512]
  0x000001c52b594590 ConcurrentGCThread "G1 Conc#0" [stack: 0x0000005239200000,0x0000005239300000] [id=25380]

[error occurred during error reporting (printing all threads), id 0xc0000005, EXCEPTION_ACCESS_VIOLATION (0xc0000005) at pc=0x00007ffbda4177b7]

VM state: not at safepoint (not fully initialized)

VM Mutex/Monitor currently owned by a thread:  ([mutex/lock_event])
[0x000001c52b53d1f0] Heap_lock - owner thread: 0x000001c52b5405b0

Heap address: 0x0000000080a00000, size: 2038 MB, Compressed Oops mode: 32-bit
CDS archive(s) mapped at: [0x0000000000000000-0x0000000000000000-0x0000000000000000), size 0, SharedBaseAddress: 0x0000000800000000, ArchiveRelocationMode: 0.
Narrow klass base: 0x0000000000000000, Narrow klass shift: 0, Narrow klass range: 0x0

Heap:
 garbage-first heap   total 131072K, used 0K [0x0000000080a00000, 0x0000000100000000)
  region size 1024K, 0 young (0K), 0 survivors (0K)
 Metaspace       used 0K, capacity 0K, committed 0K, reserved 0K
  class space    used 0K, capacity 0K, committed 0K, reserved 0K

Heap Regions: E=young(eden), S=young(survivor), O=old, HS=humongous(starts), HC=humongous(continues), CS=collection set, F=free, OA=open archive, CA=closed archive, TAMS=top-at-mark-start (previous, next)

Card table byte_map: [0x000001c544960000,0x000001c544d60000] _byte_map_base: 0x000001c54455b000

Marking Bits (Prev, Next): (CMBitMap*) 0x000001c52b582810, (CMBitMap*) 0x000001c52b582850
 Prev Bits: [0x000001c545160000, 0x000001c547138000)
 Next Bits: [0x000001c547140000, 0x000001c549118000)

GC Heap History (0 events):
No events

Deoptimization events (0 events):
No events

Classes unloaded (0 events):
No events

Classes redefined (0 events):
No events

Internal exceptions (0 events):
No events

Events (1 events):
Event: 0.015 Loaded shared library D:\Coding\Java\JDK15\bin\java.dll


Dynamic libraries:
0x00007ff68bd30000 - 0x00007ff68bd3f000 	D:\Coding\Java\JDK15\bin\javaw.exe
0x00007ffc21c90000 - 0x00007ffc21e86000 	C:\WINDOWS\SYSTEM32\ntdll.dll
0x00007ffc204d0000 - 0x00007ffc2058d000 	C:\WINDOWS\System32\KERNEL32.DLL
0x00007ffc1f700000 - 0x00007ffc1f9c9000 	C:\WINDOWS\System32\KERNELBASE.dll
0x00007ffc1f3d0000 - 0x00007ffc1f4d0000 	C:\WINDOWS\System32\ucrtbase.dll
0x00007ffc17520000 - 0x00007ffc17538000 	D:\Coding\Java\JDK15\bin\jli.dll
0x00007ffc1fcf0000 - 0x00007ffc1fd9c000 	C:\WINDOWS\System32\ADVAPI32.dll
0x00007ffc20f20000 - 0x00007ffc20fbe000 	C:\WINDOWS\System32\msvcrt.dll
0x00007ffc219a0000 - 0x00007ffc21a3c000 	C:\WINDOWS\System32\sechost.dll
0x00007ffc1fdc0000 - 0x00007ffc1feeb000 	C:\WINDOWS\System32\RPCRT4.dll
0x00007ffc217f0000 - 0x00007ffc21990000 	C:\WINDOWS\System32\USER32.dll
0x00007ffc1fb90000 - 0x00007ffc1fbb2000 	C:\WINDOWS\System32\win32u.dll
0x00007ffc20430000 - 0x00007ffc2045a000 	C:\WINDOWS\System32\GDI32.dll
0x00007ffc1fa80000 - 0x00007ffc1fb89000 	C:\WINDOWS\System32\gdi32full.dll
0x00007ffc1f500000 - 0x00007ffc1f59d000 	C:\WINDOWS\System32\msvcp_win.dll
0x00007ffc17500000 - 0x00007ffc17519000 	D:\Coding\Java\JDK15\bin\VCRUNTIME140.dll
0x00007ffc11cb0000 - 0x00007ffc11f4b000 	C:\WINDOWS\WinSxS\amd64_microsoft.windows.common-controls_6595b64144ccf1df_6.0.19041.488_none_ca04af081b815d21\COMCTL32.dll
0x00007ffc17390000 - 0x00007ffc1739a000 	C:\WINDOWS\SYSTEM32\VERSION.dll
0x00007ffc20640000 - 0x00007ffc20670000 	C:\WINDOWS\System32\IMM32.DLL
0x00007ffc160e0000 - 0x00007ffc160ec000 	D:\Coding\Java\JDK15\bin\vcruntime140_1.dll
0x00007ffbe3480000 - 0x00007ffbe3511000 	D:\Coding\Java\JDK15\bin\msvcp140.dll
0x00007ffbda160000 - 0x00007ffbdacbc000 	D:\Coding\Java\JDK15\bin\server\jvm.dll
0x00007ffc1fef0000 - 0x00007ffc1fef8000 	C:\WINDOWS\System32\PSAPI.DLL
0x00007ffc1b470000 - 0x00007ffc1b479000 	C:\WINDOWS\SYSTEM32\WSOCK32.dll
0x00007ffc208c0000 - 0x00007ffc2092b000 	C:\WINDOWS\System32\WS2_32.dll
0x00007ffc12100000 - 0x00007ffc12127000 	C:\WINDOWS\SYSTEM32\WINMM.dll
0x00007ffc1d340000 - 0x00007ffc1d352000 	C:\WINDOWS\SYSTEM32\kernel.appcore.dll
0x00007ffc1b220000 - 0x00007ffc1b22a000 	D:\Coding\Java\JDK15\bin\jimage.dll
0x00007ffc09a00000 - 0x00007ffc09be4000 	C:\WINDOWS\SYSTEM32\DBGHELP.DLL
0x00007ffc098a0000 - 0x00007ffc098cc000 	C:\WINDOWS\SYSTEM32\dbgcore.DLL
0x00007ffc1fc70000 - 0x00007ffc1fcf0000 	C:\WINDOWS\System32\bcryptPrimitives.dll
0x00007ffc16750000 - 0x00007ffc16775000 	D:\Coding\Java\JDK15\bin\java.dll

dbghelp: loaded successfully - version: 4.0.5 - missing functions: none
symbol engine: initialized successfully - sym options: 0x614 - pdb path: .;D:\Coding\Java\JDK15\bin;C:\WINDOWS\SYSTEM32;C:\WINDOWS\WinSxS\amd64_microsoft.windows.common-controls_6595b64144ccf1df_6.0.19041.488_none_ca04af081b815d21;D:\Coding\Java\JDK15\bin\server

VM Arguments:
jvm_args: -Dfile.encoding=Cp1252 -XX:+ShowCodeDetailsInExceptionMessages 
java_command: com.example.Main
java_class_path (initial): D:\Coding\Java\Eclipse\FinalProject\bin
Launcher Type: SUN_STANDARD

[Global flags]
     intx CICompilerCount                          = 3                                         {product} {ergonomic}
     uint ConcGCThreads                            = 1                                         {product} {ergonomic}
     uint G1ConcRefinementThreads                  = 4                                         {product} {ergonomic}
   size_t G1HeapRegionSize                         = 1048576                                   {product} {ergonomic}
    uintx GCDrainStackTargetSize                   = 64                                        {product} {ergonomic}
   size_t InitialHeapSize                          = 134217728                                 {product} {ergonomic}
   size_t MarkStackSize                            = 4194304                                   {product} {ergonomic}
   size_t MaxHeapSize                              = 2136997888                                {product} {ergonomic}
   size_t MinHeapDeltaBytes                        = 1048576                                   {product} {ergonomic}
   size_t MinHeapSize                              = 8388608                                   {product} {ergonomic}
    uintx NonNMethodCodeHeapSize                   = 5832780                                {pd product} {ergonomic}
    uintx NonProfiledCodeHeapSize                  = 122912730                              {pd product} {ergonomic}
    uintx ProfiledCodeHeapSize                     = 122912730                              {pd product} {ergonomic}
    uintx ReservedCodeCacheSize                    = 251658240                              {pd product} {ergonomic}
     bool SegmentedCodeCache                       = true                                      {product} {ergonomic}
     bool ShowCodeDetailsInExceptionMessages       = true                                   {manageable} {command line}
   size_t SoftMaxHeapSize                          = 2136997888                             {manageable} {ergonomic}
     bool UseCompressedClassPointers               = true                                 {lp64_product} {ergonomic}
     bool UseCompressedOops                        = true                                 {lp64_product} {ergonomic}
     bool UseG1GC                                  = true                                      {product} {ergonomic}
     bool UseLargePagesIndividualAllocation        = false                                  {pd product} {ergonomic}

Logging:
Log output configuration:
 #0: stdout all=warning uptime,level,tags
 #1: stderr all=off uptime,level,tags

Environment Variables:
PATH=D:/Coding/Java/JDK15/bin/server;D:/Coding/Java/JDK15/bin;C:\Program Files\Common Files\Oracle\Java\javapath;C:\Program Files (x86)\Common Files\Oracle\Java\javapath;C:\Program Files (x86)\NVIDIA Corporation\PhysX\Common;C:\ProgramData\Oracle\Java\javapath;C:\WINDOWS\system32;C:\WINDOWS;C:\WINDOWS\System32\Wbem;C:\WINDOWS\System32\WindowsPowerShell\v1.0\;C:\Program Files (x86)\Common Files\Acronis\SnapAPI\;C:\Program Files (x86)\Windows Live\Shared;C:\Users\user\AppData\Local\Microsoft\WindowsApps;C:\adb;C:\ADB\;C:\WINDOWS\system32;C:\WINDOWS;C:\WINDOWS\System32\Wbem;C:\WINDOWS\System32\WindowsPowerShell\v1.0\;C:\WINDOWS\System32\OpenSSH\;C:\Program Files\dotnet\;D:\XAMPP\XAMPP\php;C:\ProgramData\ComposerSetup\bin;D:\Coding Stuff\Git\Git\cmd;D:\Coding\Python\Anaconda\Anaconda;D:\Coding\Python\Anaconda\Anaconda\Library\mingw-w64\bin;D:\Coding\Python\Anaconda\Anaconda\Library\usr\bin;D:\Coding\Python\Anaconda\Anaconda\Library\bin;D:\Coding\Python\Anaconda\Anaconda\Scripts;C:\Users\user\AppData\Local\Programs\Python\Python38\Scripts\;C:\Users\user\AppData\Local\Programs\Python\Python38\;C:\Users\user\AppData\Local\Microsoft\WindowsApps;C:\Users\user\AppData\Roaming\Composer\vendor\bin;D:\Coding\Sublime Text\Sublime Text 3;D:\Coding\Java\JDK15\bin;C:\Users\user\AppData\Local\GitHubDesktop\bin;D:\Coding\Git\Git\bin;;C:\WINDOWS\system32;
USERNAME=Cheath
OS=Windows_NT
PROCESSOR_IDENTIFIER=Intel64 Family 6 Model 94 Stepping 3, GenuineIntel



---------------  S Y S T E M  ---------------

OS:
 Windows 10 , 64 bit Build 19041 (10.0.19041.662)
OS uptime: 13 days 1:33 hours

CPU: total 4 (initial active 4) (2 cores per cpu, 2 threads per core) family 6 model 94 stepping 3, cmov, cx8, fxsr, mmx, sse, sse2, sse3, ssse3, sse4.1, sse4.2, popcnt, vzeroupper, avx, avx2, aes, clmul, erms, 3dnowpref, lzcnt, ht, tsc, tscinvbit, bmi1, bmi2, adx, fma, clflush, clflushopt

Memory: 4k page, system-wide physical 8144M (705M free)
TotalPageFile size 20508M (AvailPageFile size 85M)
current process WorkingSet (physical memory assigned to process): 10M, peak: 10M
current process commit charge ("private bytes"): 51M, peak: 179M

vm_info: Java HotSpot(TM) 64-Bit Server VM (15+36-1562) for windows-amd64 JRE (15+36-1562), built on Aug 11 2020 22:38:02 by "mach5one" with unknown MS VC++:1925

END.
