#
# There is insufficient memory for the Java Runtime Environment to continue.
# Native memory allocation (malloc) failed to allocate 351760 bytes for Chunk::new
# Possible reasons:
#   The system is out of physical RAM or swap space
#   The process is running with CompressedOops enabled, and the Java Heap may be blocking the growth of the native heap
# Possible solutions:
#   Reduce memory load on the system
#   Increase physical memory or swap space
#   Check if swap backing store is full
#   Decrease Java heap size (-Xmx/-Xms)
#   Decrease number of Java threads
#   Decrease Java thread stack sizes (-Xss)
#   Set larger code cache with -XX:ReservedCodeCacheSize=
#   JVM is running with Unscaled Compressed Oops mode in which the Java heap is
#     placed in the first 4GB address space. The Java Heap base address is the
#     maximum limit for the native heap growth. Please use -XX:HeapBaseMinAddress
#     to set the Java Heap base and to place the Java Heap above 4GB virtual address.
# This output file may be truncated or incomplete.
#
#  Out of Memory Error (./open/src/hotspot/share/memory/arena.cpp:195), pid=17576, tid=17756
#
# JRE version: Java(TM) SE Runtime Environment (15.0+36) (build 15+36-1562)
# Java VM: Java HotSpot(TM) 64-Bit Server VM (15+36-1562, mixed mode, sharing, tiered, compressed oops, g1 gc, windows-amd64)
# No core dump will be written. Minidumps are not enabled by default on client versions of Windows
#

---------------  S U M M A R Y ------------

Command Line: -Dfile.encoding=Cp1252 -XX:+ShowCodeDetailsInExceptionMessages com.example.Main

Host: Intel(R) Core(TM) i3-6100 CPU @ 3.70GHz, 4 cores, 7G,  Windows 10 , 64 bit Build 19041 (10.0.19041.662)
Time: Mon Jan  4 18:17:23 2021 SE Asia Standard Time elapsed time: 1.269701 seconds (0d 0h 0m 1s)

---------------  T H R E A D  ---------------

Current thread (0x000002d17959fb50):  JavaThread "C2 CompilerThread0" daemon [_thread_in_native, id=17756, stack(0x000000fa32c00000,0x000000fa32d00000)]


Current CompileTask:
C2:   1269 1078       4       javax.swing.text.html.MuxingAttributeSet::getAttribute (45 bytes)

Stack: [0x000000fa32c00000,0x000000fa32d00000]
Native frames: (J=compiled Java code, j=interpreted, Vv=VM code, C=native code)
V  [jvm.dll+0x629eaa]
V  [jvm.dll+0x780379]
V  [jvm.dll+0x781ad3]
V  [jvm.dll+0x782133]
V  [jvm.dll+0x2159d5]
V  [jvm.dll+0x9794a]
V  [jvm.dll+0x9802c]
V  [jvm.dll+0x1e95f7]
V  [jvm.dll+0x5bb275]
V  [jvm.dll+0x5b99be]
V  [jvm.dll+0x1e9c68]
V  [jvm.dll+0x1e903e]
V  [jvm.dll+0x177f17]
V  [jvm.dll+0x1f88f5]
V  [jvm.dll+0x1f699c]
V  [jvm.dll+0x74384d]
V  [jvm.dll+0x73c64a]
V  [jvm.dll+0x628d16]
C  [ucrtbase.dll+0x214c2]
C  [KERNEL32.DLL+0x17034]
C  [ntdll.dll+0x4d0d1]


---------------  P R O C E S S  ---------------

Threads class SMR info:
_java_thread_list=0x000002d102561310, length=20, elements={
0x000002d17956c660, 0x000002d17956d230, 0x000002d179589b70, 0x000002d17958a620,
0x000002d1795930e0, 0x000002d17959fb50, 0x000002d1795a2de0, 0x000002d1795ac7d0,
0x000002d179fcc150, 0x000002d179fca940, 0x000002d179fccfc0, 0x000002d179fcd490,
0x000002d179fc9ad0, 0x000002d17b325f30, 0x000002d17b323d80, 0x000002d17b322570,
0x000002d17b69d3b0, 0x000002d17b322a40, 0x000002d17b324250, 0x000002d17b321700
}

Java Threads: ( => current thread )
  0x000002d17956c660 JavaThread "Reference Handler" daemon [_thread_blocked, id=20628, stack(0x000000fa32700000,0x000000fa32800000)]
  0x000002d17956d230 JavaThread "Finalizer" daemon [_thread_blocked, id=9348, stack(0x000000fa32800000,0x000000fa32900000)]
  0x000002d179589b70 JavaThread "Signal Dispatcher" daemon [_thread_blocked, id=4216, stack(0x000000fa32900000,0x000000fa32a00000)]
  0x000002d17958a620 JavaThread "Attach Listener" daemon [_thread_blocked, id=20936, stack(0x000000fa32a00000,0x000000fa32b00000)]
  0x000002d1795930e0 JavaThread "Service Thread" daemon [_thread_blocked, id=13368, stack(0x000000fa32b00000,0x000000fa32c00000)]
=>0x000002d17959fb50 JavaThread "C2 CompilerThread0" daemon [_thread_in_native, id=17756, stack(0x000000fa32c00000,0x000000fa32d00000)]
  0x000002d1795a2de0 JavaThread "C1 CompilerThread0" daemon [_thread_blocked, id=22472, stack(0x000000fa32d00000,0x000000fa32e00000)]
  0x000002d1795ac7d0 JavaThread "Sweeper thread" daemon [_thread_blocked, id=22056, stack(0x000000fa32e00000,0x000000fa32f00000)]
  0x000002d179fcc150 JavaThread "Notification Thread" daemon [_thread_blocked, id=16336, stack(0x000000fa32f00000,0x000000fa33000000)]
  0x000002d179fca940 JavaThread "Common-Cleaner" daemon [_thread_blocked, id=14932, stack(0x000000fa33100000,0x000000fa33200000)]
  0x000002d179fccfc0 JavaThread "Java2D Disposer" daemon [_thread_blocked, id=7132, stack(0x000000fa33200000,0x000000fa33300000)]
  0x000002d179fcd490 JavaThread "AWT-Shutdown" [_thread_blocked, id=21716, stack(0x000000fa33300000,0x000000fa33400000)]
  0x000002d179fc9ad0 JavaThread "AWT-Windows" daemon [_thread_in_native, id=16420, stack(0x000000fa33400000,0x000000fa33500000)]
  0x000002d17b325f30 JavaThread "AWT-EventQueue-0" [_thread_blocked, id=3636, stack(0x000000fa33700000,0x000000fa33800000)]
  0x000002d17b323d80 JavaThread "DestroyJavaVM" [_thread_blocked, id=20404, stack(0x000000fa32000000,0x000000fa32100000)]
  0x000002d17b322570 JavaThread "Image Fetcher 0" daemon [_thread_blocked, id=11284, stack(0x000000fa33800000,0x000000fa33900000)]
  0x000002d17b69d3b0 JavaThread "C2 CompilerThread1" daemon [_thread_blocked, id=13004, stack(0x000000fa33900000,0x000000fa33a00000)]
  0x000002d17b322a40 JavaThread "TimerQueue" daemon [_thread_blocked, id=11996, stack(0x000000fa33a00000,0x000000fa33b00000)]
  0x000002d17b324250 JavaThread "Image Fetcher 1" daemon [_thread_blocked, id=8628, stack(0x000000fa33b00000,0x000000fa33c00000)]
  0x000002d17b321700 JavaThread "D3D Screen Updater" daemon [_thread_blocked, id=14916, stack(0x000000fa34200000,0x000000fa34300000)]

Other Threads:
  0x000002d1795689d0 VMThread "VM Thread" [stack: 0x000000fa32600000,0x000000fa32700000] [id=18568]
  0x000002d179fd1ab0 WatcherThread [stack: 0x000000fa33000000,0x000000fa33100000] [id=11980]
  0x000002d15b2ff460 GCTaskThread "GC Thread#0" [stack: 0x000000fa32100000,0x000000fa32200000] [id=6064]
  0x000002d17b399340 GCTaskThread "GC Thread#1" [stack: 0x000000fa33c00000,0x000000fa33d00000] [id=8464]
  0x000002d17b399670 GCTaskThread "GC Thread#2" [stack: 0x000000fa33d00000,0x000000fa33e00000] [id=22224]
  0x000002d17b399010 GCTaskThread "GC Thread#3" [stack: 0x000000fa33e00000,0x000000fa33f00000] [id=12020]
  0x000002d15b310d90 ConcurrentGCThread "G1 Main Marker" [stack: 0x000000fa32200000,0x000000fa32300000] [id=19760]
  0x000002d15b315b50 ConcurrentGCThread "G1 Conc#0" [stack: 0x000000fa32300000,0x000000fa32400000] [id=1576]
  0x000002d15b38e840 ConcurrentGCThread "G1 Refine#0" [stack: 0x000000fa32400000,0x000000fa32500000] [id=21792]
  0x000002d15b390210 ConcurrentGCThread "G1 Young RemSet Sampling" [stack: 0x000000fa32500000,0x000000fa32600000] [id=21912]

Threads with active compile tasks:
C2 CompilerThread0     1302 1078       4       javax.swing.text.html.MuxingAttributeSet::getAttribute (45 bytes)

VM state: not at safepoint (normal execution)

VM Mutex/Monitor currently owned by a thread: None

Heap address: 0x0000000080a00000, size: 2038 MB, Compressed Oops mode: 32-bit
CDS archive(s) mapped at: [0x0000000800000000-0x0000000800b50000-0x0000000800b50000), size 11862016, SharedBaseAddress: 0x0000000800000000, ArchiveRelocationMode: 0.
Compressed class space mapped at: 0x0000000800b50000-0x0000000840b50000, size: 1073741824
Narrow klass base: 0x0000000800000000, Narrow klass shift: 3, Narrow klass range: 0x100000000

GC Precious Log:
 CPUs: 4 total, 4 available
 Memory: 8144M
 Large Page Support: Disabled
 NUMA Support: Disabled
 Compressed Oops: Enabled (32-bit)
 Heap Region Size: 1M
 Heap Min Capacity: 8M
 Heap Initial Capacity: 128M
 Heap Max Capacity: 2038M
 Pre-touch: Disabled
 Parallel Workers: 4
 Concurrent Workers: 1
 Concurrent Refinement Workers: 4
 Periodic GC: Disabled

Heap:
 garbage-first heap   total 131072K, used 14779K [0x0000000080a00000, 0x0000000100000000)
  region size 1024K, 7 young (7168K), 2 survivors (2048K)
 Metaspace       used 9689K, capacity 9828K, committed 9856K, reserved 1058816K
  class space    used 1092K, capacity 1132K, committed 1152K, reserved 1048576K

Heap Regions: E=young(eden), S=young(survivor), O=old, HS=humongous(starts), HC=humongous(continues), CS=collection set, F=free, OA=open archive, CA=closed archive, TAMS=top-at-mark-start (previous, next)
|   0|0x0000000080a00000, 0x0000000080b00000, 0x0000000080b00000|100%|HS|  |TAMS 0x0000000080a00000, 0x0000000080a00000| Complete 
|   1|0x0000000080b00000, 0x0000000080c00000, 0x0000000080c00000|100%|HC|  |TAMS 0x0000000080b00000, 0x0000000080b00000| Complete 
|   2|0x0000000080c00000, 0x0000000080d00000, 0x0000000080d00000|100%|HC|  |TAMS 0x0000000080c00000, 0x0000000080c00000| Complete 
|   3|0x0000000080d00000, 0x0000000080e00000, 0x0000000080e00000|100%|HC|  |TAMS 0x0000000080d00000, 0x0000000080d00000| Complete 
|   4|0x0000000080e00000, 0x0000000080f00000, 0x0000000080f00000|100%|HC|  |TAMS 0x0000000080e00000, 0x0000000080e00000| Complete 
|   5|0x0000000080f00000, 0x0000000081000000, 0x0000000081000000|100%|HC|  |TAMS 0x0000000080f00000, 0x0000000080f00000| Complete 
|   6|0x0000000081000000, 0x0000000081100000, 0x0000000081100000|100%|HS|  |TAMS 0x0000000081000000, 0x0000000081000000| Complete 
|   7|0x0000000081100000, 0x000000008116ee00, 0x0000000081200000| 43%| O|  |TAMS 0x0000000081100000, 0x0000000081100000| Untracked 
|   8|0x0000000081200000, 0x0000000081300000, 0x0000000081300000|100%|HS|  |TAMS 0x0000000081200000, 0x0000000081200000| Complete 
|   9|0x0000000081300000, 0x0000000081300000, 0x0000000081400000|  0%| F|  |TAMS 0x0000000081300000, 0x0000000081300000| Untracked 
|  10|0x0000000081400000, 0x0000000081400000, 0x0000000081500000|  0%| F|  |TAMS 0x0000000081400000, 0x0000000081400000| Untracked 
|  11|0x0000000081500000, 0x0000000081500000, 0x0000000081600000|  0%| F|  |TAMS 0x0000000081500000, 0x0000000081500000| Untracked 
|  12|0x0000000081600000, 0x0000000081600000, 0x0000000081700000|  0%| F|  |TAMS 0x0000000081600000, 0x0000000081600000| Untracked 
|  13|0x0000000081700000, 0x0000000081700000, 0x0000000081800000|  0%| F|  |TAMS 0x0000000081700000, 0x0000000081700000| Untracked 
|  14|0x0000000081800000, 0x0000000081800000, 0x0000000081900000|  0%| F|  |TAMS 0x0000000081800000, 0x0000000081800000| Untracked 
|  15|0x0000000081900000, 0x0000000081900000, 0x0000000081a00000|  0%| F|  |TAMS 0x0000000081900000, 0x0000000081900000| Untracked 
|  16|0x0000000081a00000, 0x0000000081a00000, 0x0000000081b00000|  0%| F|  |TAMS 0x0000000081a00000, 0x0000000081a00000| Untracked 
|  17|0x0000000081b00000, 0x0000000081b00000, 0x0000000081c00000|  0%| F|  |TAMS 0x0000000081b00000, 0x0000000081b00000| Untracked 
|  18|0x0000000081c00000, 0x0000000081c00000, 0x0000000081d00000|  0%| F|  |TAMS 0x0000000081c00000, 0x0000000081c00000| Untracked 
|  19|0x0000000081d00000, 0x0000000081d00000, 0x0000000081e00000|  0%| F|  |TAMS 0x0000000081d00000, 0x0000000081d00000| Untracked 
|  20|0x0000000081e00000, 0x0000000081e00000, 0x0000000081f00000|  0%| F|  |TAMS 0x0000000081e00000, 0x0000000081e00000| Untracked 
|  21|0x0000000081f00000, 0x0000000081f00000, 0x0000000082000000|  0%| F|  |TAMS 0x0000000081f00000, 0x0000000081f00000| Untracked 
|  22|0x0000000082000000, 0x0000000082000000, 0x0000000082100000|  0%| F|  |TAMS 0x0000000082000000, 0x0000000082000000| Untracked 
|  23|0x0000000082100000, 0x0000000082100000, 0x0000000082200000|  0%| F|  |TAMS 0x0000000082100000, 0x0000000082100000| Untracked 
|  24|0x0000000082200000, 0x0000000082200000, 0x0000000082300000|  0%| F|  |TAMS 0x0000000082200000, 0x0000000082200000| Untracked 
|  25|0x0000000082300000, 0x0000000082300000, 0x0000000082400000|  0%| F|  |TAMS 0x0000000082300000, 0x0000000082300000| Untracked 
|  26|0x0000000082400000, 0x0000000082400000, 0x0000000082500000|  0%| F|  |TAMS 0x0000000082400000, 0x0000000082400000| Untracked 
|  27|0x0000000082500000, 0x0000000082500000, 0x0000000082600000|  0%| F|  |TAMS 0x0000000082500000, 0x0000000082500000| Untracked 
|  28|0x0000000082600000, 0x0000000082600000, 0x0000000082700000|  0%| F|  |TAMS 0x0000000082600000, 0x0000000082600000| Untracked 
|  29|0x0000000082700000, 0x0000000082700000, 0x0000000082800000|  0%| F|  |TAMS 0x0000000082700000, 0x0000000082700000| Untracked 
|  30|0x0000000082800000, 0x0000000082800000, 0x0000000082900000|  0%| F|  |TAMS 0x0000000082800000, 0x0000000082800000| Untracked 
|  31|0x0000000082900000, 0x0000000082900000, 0x0000000082a00000|  0%| F|  |TAMS 0x0000000082900000, 0x0000000082900000| Untracked 
|  32|0x0000000082a00000, 0x0000000082a00000, 0x0000000082b00000|  0%| F|  |TAMS 0x0000000082a00000, 0x0000000082a00000| Untracked 
|  33|0x0000000082b00000, 0x0000000082b00000, 0x0000000082c00000|  0%| F|  |TAMS 0x0000000082b00000, 0x0000000082b00000| Untracked 
|  34|0x0000000082c00000, 0x0000000082c00000, 0x0000000082d00000|  0%| F|  |TAMS 0x0000000082c00000, 0x0000000082c00000| Untracked 
|  35|0x0000000082d00000, 0x0000000082d00000, 0x0000000082e00000|  0%| F|  |TAMS 0x0000000082d00000, 0x0000000082d00000| Untracked 
|  36|0x0000000082e00000, 0x0000000082e00000, 0x0000000082f00000|  0%| F|  |TAMS 0x0000000082e00000, 0x0000000082e00000| Untracked 
|  37|0x0000000082f00000, 0x0000000082f00000, 0x0000000083000000|  0%| F|  |TAMS 0x0000000082f00000, 0x0000000082f00000| Untracked 
|  38|0x0000000083000000, 0x0000000083000000, 0x0000000083100000|  0%| F|  |TAMS 0x0000000083000000, 0x0000000083000000| Untracked 
|  39|0x0000000083100000, 0x0000000083100000, 0x0000000083200000|  0%| F|  |TAMS 0x0000000083100000, 0x0000000083100000| Untracked 
|  40|0x0000000083200000, 0x0000000083200000, 0x0000000083300000|  0%| F|  |TAMS 0x0000000083200000, 0x0000000083200000| Untracked 
|  41|0x0000000083300000, 0x0000000083300000, 0x0000000083400000|  0%| F|  |TAMS 0x0000000083300000, 0x0000000083300000| Untracked 
|  42|0x0000000083400000, 0x0000000083400000, 0x0000000083500000|  0%| F|  |TAMS 0x0000000083400000, 0x0000000083400000| Untracked 
|  43|0x0000000083500000, 0x0000000083500000, 0x0000000083600000|  0%| F|  |TAMS 0x0000000083500000, 0x0000000083500000| Untracked 
|  44|0x0000000083600000, 0x0000000083600000, 0x0000000083700000|  0%| F|  |TAMS 0x0000000083600000, 0x0000000083600000| Untracked 
|  45|0x0000000083700000, 0x0000000083700000, 0x0000000083800000|  0%| F|  |TAMS 0x0000000083700000, 0x0000000083700000| Untracked 
|  46|0x0000000083800000, 0x0000000083800000, 0x0000000083900000|  0%| F|  |TAMS 0x0000000083800000, 0x0000000083800000| Untracked 
|  47|0x0000000083900000, 0x0000000083900000, 0x0000000083a00000|  0%| F|  |TAMS 0x0000000083900000, 0x0000000083900000| Untracked 
|  48|0x0000000083a00000, 0x0000000083a00000, 0x0000000083b00000|  0%| F|  |TAMS 0x0000000083a00000, 0x0000000083a00000| Untracked 
|  49|0x0000000083b00000, 0x0000000083b00000, 0x0000000083c00000|  0%| F|  |TAMS 0x0000000083b00000, 0x0000000083b00000| Untracked 
|  50|0x0000000083c00000, 0x0000000083c00000, 0x0000000083d00000|  0%| F|  |TAMS 0x0000000083c00000, 0x0000000083c00000| Untracked 
|  51|0x0000000083d00000, 0x0000000083d00000, 0x0000000083e00000|  0%| F|  |TAMS 0x0000000083d00000, 0x0000000083d00000| Untracked 
|  52|0x0000000083e00000, 0x0000000083e00000, 0x0000000083f00000|  0%| F|  |TAMS 0x0000000083e00000, 0x0000000083e00000| Untracked 
|  53|0x0000000083f00000, 0x0000000083f00000, 0x0000000084000000|  0%| F|  |TAMS 0x0000000083f00000, 0x0000000083f00000| Untracked 
|  54|0x0000000084000000, 0x0000000084000000, 0x0000000084100000|  0%| F|  |TAMS 0x0000000084000000, 0x0000000084000000| Untracked 
|  55|0x0000000084100000, 0x0000000084100000, 0x0000000084200000|  0%| F|  |TAMS 0x0000000084100000, 0x0000000084100000| Untracked 
|  56|0x0000000084200000, 0x0000000084200000, 0x0000000084300000|  0%| F|  |TAMS 0x0000000084200000, 0x0000000084200000| Untracked 
|  57|0x0000000084300000, 0x0000000084300000, 0x0000000084400000|  0%| F|  |TAMS 0x0000000084300000, 0x0000000084300000| Untracked 
|  58|0x0000000084400000, 0x0000000084400000, 0x0000000084500000|  0%| F|  |TAMS 0x0000000084400000, 0x0000000084400000| Untracked 
|  59|0x0000000084500000, 0x0000000084500000, 0x0000000084600000|  0%| F|  |TAMS 0x0000000084500000, 0x0000000084500000| Untracked 
|  60|0x0000000084600000, 0x0000000084600000, 0x0000000084700000|  0%| F|  |TAMS 0x0000000084600000, 0x0000000084600000| Untracked 
|  61|0x0000000084700000, 0x0000000084700000, 0x0000000084800000|  0%| F|  |TAMS 0x0000000084700000, 0x0000000084700000| Untracked 
|  62|0x0000000084800000, 0x0000000084800000, 0x0000000084900000|  0%| F|  |TAMS 0x0000000084800000, 0x0000000084800000| Untracked 
|  63|0x0000000084900000, 0x0000000084900000, 0x0000000084a00000|  0%| F|  |TAMS 0x0000000084900000, 0x0000000084900000| Untracked 
|  64|0x0000000084a00000, 0x0000000084a00000, 0x0000000084b00000|  0%| F|  |TAMS 0x0000000084a00000, 0x0000000084a00000| Untracked 
|  65|0x0000000084b00000, 0x0000000084b00000, 0x0000000084c00000|  0%| F|  |TAMS 0x0000000084b00000, 0x0000000084b00000| Untracked 
|  66|0x0000000084c00000, 0x0000000084c00000, 0x0000000084d00000|  0%| F|  |TAMS 0x0000000084c00000, 0x0000000084c00000| Untracked 
|  67|0x0000000084d00000, 0x0000000084d00000, 0x0000000084e00000|  0%| F|  |TAMS 0x0000000084d00000, 0x0000000084d00000| Untracked 
|  68|0x0000000084e00000, 0x0000000084e00000, 0x0000000084f00000|  0%| F|  |TAMS 0x0000000084e00000, 0x0000000084e00000| Untracked 
|  69|0x0000000084f00000, 0x0000000084f00000, 0x0000000085000000|  0%| F|  |TAMS 0x0000000084f00000, 0x0000000084f00000| Untracked 
|  70|0x0000000085000000, 0x0000000085000000, 0x0000000085100000|  0%| F|  |TAMS 0x0000000085000000, 0x0000000085000000| Untracked 
|  71|0x0000000085100000, 0x0000000085100000, 0x0000000085200000|  0%| F|  |TAMS 0x0000000085100000, 0x0000000085100000| Untracked 
|  72|0x0000000085200000, 0x0000000085200000, 0x0000000085300000|  0%| F|  |TAMS 0x0000000085200000, 0x0000000085200000| Untracked 
|  73|0x0000000085300000, 0x0000000085300000, 0x0000000085400000|  0%| F|  |TAMS 0x0000000085300000, 0x0000000085300000| Untracked 
|  74|0x0000000085400000, 0x0000000085400000, 0x0000000085500000|  0%| F|  |TAMS 0x0000000085400000, 0x0000000085400000| Untracked 
|  75|0x0000000085500000, 0x0000000085500000, 0x0000000085600000|  0%| F|  |TAMS 0x0000000085500000, 0x0000000085500000| Untracked 
|  76|0x0000000085600000, 0x0000000085600000, 0x0000000085700000|  0%| F|  |TAMS 0x0000000085600000, 0x0000000085600000| Untracked 
|  77|0x0000000085700000, 0x0000000085700000, 0x0000000085800000|  0%| F|  |TAMS 0x0000000085700000, 0x0000000085700000| Untracked 
|  78|0x0000000085800000, 0x0000000085800000, 0x0000000085900000|  0%| F|  |TAMS 0x0000000085800000, 0x0000000085800000| Untracked 
|  79|0x0000000085900000, 0x0000000085900000, 0x0000000085a00000|  0%| F|  |TAMS 0x0000000085900000, 0x0000000085900000| Untracked 
|  80|0x0000000085a00000, 0x0000000085a00000, 0x0000000085b00000|  0%| F|  |TAMS 0x0000000085a00000, 0x0000000085a00000| Untracked 
|  81|0x0000000085b00000, 0x0000000085b00000, 0x0000000085c00000|  0%| F|  |TAMS 0x0000000085b00000, 0x0000000085b00000| Untracked 
|  82|0x0000000085c00000, 0x0000000085c00000, 0x0000000085d00000|  0%| F|  |TAMS 0x0000000085c00000, 0x0000000085c00000| Untracked 
|  83|0x0000000085d00000, 0x0000000085d00000, 0x0000000085e00000|  0%| F|  |TAMS 0x0000000085d00000, 0x0000000085d00000| Untracked 
|  84|0x0000000085e00000, 0x0000000085e00000, 0x0000000085f00000|  0%| F|  |TAMS 0x0000000085e00000, 0x0000000085e00000| Untracked 
|  85|0x0000000085f00000, 0x0000000085f00000, 0x0000000086000000|  0%| F|  |TAMS 0x0000000085f00000, 0x0000000085f00000| Untracked 
|  86|0x0000000086000000, 0x0000000086000000, 0x0000000086100000|  0%| F|  |TAMS 0x0000000086000000, 0x0000000086000000| Untracked 
|  87|0x0000000086100000, 0x0000000086100000, 0x0000000086200000|  0%| F|  |TAMS 0x0000000086100000, 0x0000000086100000| Untracked 
|  88|0x0000000086200000, 0x0000000086200000, 0x0000000086300000|  0%| F|  |TAMS 0x0000000086200000, 0x0000000086200000| Untracked 
|  89|0x0000000086300000, 0x0000000086300000, 0x0000000086400000|  0%| F|  |TAMS 0x0000000086300000, 0x0000000086300000| Untracked 
|  90|0x0000000086400000, 0x0000000086400000, 0x0000000086500000|  0%| F|  |TAMS 0x0000000086400000, 0x0000000086400000| Untracked 
|  91|0x0000000086500000, 0x0000000086500000, 0x0000000086600000|  0%| F|  |TAMS 0x0000000086500000, 0x0000000086500000| Untracked 
|  92|0x0000000086600000, 0x0000000086600000, 0x0000000086700000|  0%| F|  |TAMS 0x0000000086600000, 0x0000000086600000| Untracked 
|  93|0x0000000086700000, 0x0000000086700000, 0x0000000086800000|  0%| F|  |TAMS 0x0000000086700000, 0x0000000086700000| Untracked 
|  94|0x0000000086800000, 0x0000000086800000, 0x0000000086900000|  0%| F|  |TAMS 0x0000000086800000, 0x0000000086800000| Untracked 
|  95|0x0000000086900000, 0x0000000086900000, 0x0000000086a00000|  0%| F|  |TAMS 0x0000000086900000, 0x0000000086900000| Untracked 
|  96|0x0000000086a00000, 0x0000000086a00000, 0x0000000086b00000|  0%| F|  |TAMS 0x0000000086a00000, 0x0000000086a00000| Untracked 
|  97|0x0000000086b00000, 0x0000000086b00000, 0x0000000086c00000|  0%| F|  |TAMS 0x0000000086b00000, 0x0000000086b00000| Untracked 
|  98|0x0000000086c00000, 0x0000000086c00000, 0x0000000086d00000|  0%| F|  |TAMS 0x0000000086c00000, 0x0000000086c00000| Untracked 
|  99|0x0000000086d00000, 0x0000000086d00000, 0x0000000086e00000|  0%| F|  |TAMS 0x0000000086d00000, 0x0000000086d00000| Untracked 
| 100|0x0000000086e00000, 0x0000000086e00000, 0x0000000086f00000|  0%| F|  |TAMS 0x0000000086e00000, 0x0000000086e00000| Untracked 
| 101|0x0000000086f00000, 0x0000000086f00000, 0x0000000087000000|  0%| F|  |TAMS 0x0000000086f00000, 0x0000000086f00000| Untracked 
| 102|0x0000000087000000, 0x0000000087000000, 0x0000000087100000|  0%| F|  |TAMS 0x0000000087000000, 0x0000000087000000| Untracked 
| 103|0x0000000087100000, 0x0000000087100000, 0x0000000087200000|  0%| F|  |TAMS 0x0000000087100000, 0x0000000087100000| Untracked 
| 104|0x0000000087200000, 0x0000000087200000, 0x0000000087300000|  0%| F|  |TAMS 0x0000000087200000, 0x0000000087200000| Untracked 
| 105|0x0000000087300000, 0x0000000087300000, 0x0000000087400000|  0%| F|  |TAMS 0x0000000087300000, 0x0000000087300000| Untracked 
| 106|0x0000000087400000, 0x0000000087400000, 0x0000000087500000|  0%| F|  |TAMS 0x0000000087400000, 0x0000000087400000| Untracked 
| 107|0x0000000087500000, 0x0000000087500000, 0x0000000087600000|  0%| F|  |TAMS 0x0000000087500000, 0x0000000087500000| Untracked 
| 108|0x0000000087600000, 0x0000000087600000, 0x0000000087700000|  0%| F|  |TAMS 0x0000000087600000, 0x0000000087600000| Untracked 
| 109|0x0000000087700000, 0x0000000087700000, 0x0000000087800000|  0%| F|  |TAMS 0x0000000087700000, 0x0000000087700000| Untracked 
| 110|0x0000000087800000, 0x0000000087800000, 0x0000000087900000|  0%| F|  |TAMS 0x0000000087800000, 0x0000000087800000| Untracked 
| 111|0x0000000087900000, 0x0000000087900000, 0x0000000087a00000|  0%| F|  |TAMS 0x0000000087900000, 0x0000000087900000| Untracked 
| 112|0x0000000087a00000, 0x0000000087a00000, 0x0000000087b00000|  0%| F|  |TAMS 0x0000000087a00000, 0x0000000087a00000| Untracked 
| 113|0x0000000087b00000, 0x0000000087c00000, 0x0000000087c00000|100%| S|CS|TAMS 0x0000000087b00000, 0x0000000087b00000| Complete 
| 114|0x0000000087c00000, 0x0000000087d00000, 0x0000000087d00000|100%| S|CS|TAMS 0x0000000087c00000, 0x0000000087c00000| Complete 
| 115|0x0000000087d00000, 0x0000000087d00000, 0x0000000087e00000|  0%| F|  |TAMS 0x0000000087d00000, 0x0000000087d00000| Untracked 
| 116|0x0000000087e00000, 0x0000000087e00000, 0x0000000087f00000|  0%| F|  |TAMS 0x0000000087e00000, 0x0000000087e00000| Untracked 
| 117|0x0000000087f00000, 0x0000000087f00000, 0x0000000088000000|  0%| F|  |TAMS 0x0000000087f00000, 0x0000000087f00000| Untracked 
| 118|0x0000000088000000, 0x0000000088000000, 0x0000000088100000|  0%| F|  |TAMS 0x0000000088000000, 0x0000000088000000| Untracked 
| 119|0x0000000088100000, 0x0000000088100000, 0x0000000088200000|  0%| F|  |TAMS 0x0000000088100000, 0x0000000088100000| Untracked 
| 120|0x0000000088200000, 0x0000000088200000, 0x0000000088300000|  0%| F|  |TAMS 0x0000000088200000, 0x0000000088200000| Untracked 
| 121|0x0000000088300000, 0x0000000088300000, 0x0000000088400000|  0%| F|  |TAMS 0x0000000088300000, 0x0000000088300000| Untracked 
| 122|0x0000000088400000, 0x0000000088400000, 0x0000000088500000|  0%| F|  |TAMS 0x0000000088400000, 0x0000000088400000| Untracked 
| 123|0x0000000088500000, 0x0000000088542e00, 0x0000000088600000| 26%| E|  |TAMS 0x0000000088500000, 0x0000000088500000| Complete 
| 124|0x0000000088600000, 0x0000000088700000, 0x0000000088700000|100%| E|CS|TAMS 0x0000000088600000, 0x0000000088600000| Complete 
| 125|0x0000000088700000, 0x0000000088800000, 0x0000000088800000|100%| E|CS|TAMS 0x0000000088700000, 0x0000000088700000| Complete 
| 126|0x0000000088800000, 0x0000000088900000, 0x0000000088900000|100%| E|CS|TAMS 0x0000000088800000, 0x0000000088800000| Complete 
| 127|0x0000000088900000, 0x0000000088a00000, 0x0000000088a00000|100%| E|CS|TAMS 0x0000000088900000, 0x0000000088900000| Complete 

Card table byte_map: [0x000002d172900000,0x000002d172d00000] _byte_map_base: 0x000002d1724fb000

Marking Bits (Prev, Next): (CMBitMap*) 0x000002d15b2ffcd0, (CMBitMap*) 0x000002d15b2ffd10
 Prev Bits: [0x000002d173100000, 0x000002d1750d8000)
 Next Bits: [0x000002d1750e0000, 0x000002d1770b8000)

Polling page: 0x000002d1590c0000

Metaspace:

Usage:
  Non-class:      8.49 MB capacity,     8.40 MB ( 99%) used,    84.59 KB ( <1%) free+waste,    14.38 KB ( <1%) overhead. 
      Class:      1.11 MB capacity,     1.07 MB ( 97%) used,    33.33 KB (  3%) free+waste,     5.81 KB ( <1%) overhead. 
       Both:      9.60 MB capacity,     9.46 MB ( 99%) used,   117.92 KB (  1%) free+waste,    20.19 KB ( <1%) overhead. 

Virtual space:
  Non-class space:       10.00 MB reserved,       8.50 MB ( 85%) committed 
      Class space:        1.00 GB reserved,       1.12 MB ( <1%) committed 
             Both:        1.01 GB reserved,       9.62 MB ( <1%) committed 

Chunk freelists:
   Non-Class:  8.00 KB
       Class:  20.00 KB
        Both:  28.00 KB

MaxMetaspaceSize: 17179869184.00 GB
CompressedClassSpaceSize: 1.00 GB

CodeHeap 'non-profiled nmethods': size=120000Kb used=379Kb max_used=379Kb free=119620Kb
 bounds [0x000002d16afd0000, 0x000002d16b240000, 0x000002d172500000]
CodeHeap 'profiled nmethods': size=120000Kb used=1888Kb max_used=1888Kb free=118112Kb
 bounds [0x000002d163aa0000, 0x000002d163d10000, 0x000002d16afd0000]
CodeHeap 'non-nmethods': size=5760Kb used=1301Kb max_used=1316Kb free=4458Kb
 bounds [0x000002d163500000, 0x000002d163770000, 0x000002d163aa0000]
 total_blobs=1750 nmethods=1150 adapters=513
 compilation: enabled
              stopped_count=0, restarted_count=0
 full_count=0

Compilation events (20 events):
Event: 1.256 Thread 0x000002d1795a2de0 1142       1       java.awt.Component::getHeight (5 bytes)
Event: 1.256 Thread 0x000002d1795a2de0 nmethod 1142 0x000002d16b02dd10 code [0x000002d16b02dea0, 0x000002d16b02df58]
Event: 1.259 Thread 0x000002d1795a2de0 1143       3       java.awt.geom.AffineTransform::<init> (15 bytes)
Event: 1.259 Thread 0x000002d1795a2de0 nmethod 1143 0x000002d163c75010 code [0x000002d163c751a0, 0x000002d163c75318]
Event: 1.259 Thread 0x000002d1795a2de0 1144       3       sun.font.CompositeGlyphMapper::getCachedGlyphCode (32 bytes)
Event: 1.259 Thread 0x000002d17b69d3b0 1146       4       java.util.concurrent.ConcurrentHashMap::get (162 bytes)
Event: 1.260 Thread 0x000002d1795a2de0 nmethod 1144 0x000002d163c75410 code [0x000002d163c755c0, 0x000002d163c757b8]
Event: 1.260 Thread 0x000002d1795a2de0 1145   !   3       sun.font.FileFontStrike::getCachedGlyphPtr (27 bytes)
Event: 1.260 Thread 0x000002d1795a2de0 nmethod 1145 0x000002d163c75910 code [0x000002d163c75b20, 0x000002d163c76098]
Event: 1.260 Thread 0x000002d1795a2de0 1147       1       sun.java2d.SurfaceData::getNativeOps (5 bytes)
Event: 1.260 Thread 0x000002d1795a2de0 nmethod 1147 0x000002d16b02e010 code [0x000002d16b02e1a0, 0x000002d16b02e258]
Event: 1.260 Thread 0x000002d1795a2de0 1148       3       java.util.LinkedList$ListItr::checkForComodification (23 bytes)
Event: 1.260 Thread 0x000002d1795a2de0 nmethod 1148 0x000002d163c76310 code [0x000002d163c764c0, 0x000002d163c76688]
Event: 1.260 Thread 0x000002d1795a2de0 1149       3       java.awt.Rectangle::<init> (9 bytes)
Event: 1.261 Thread 0x000002d1795a2de0 nmethod 1149 0x000002d163c76790 code [0x000002d163c76940, 0x000002d163c76bd8]
Event: 1.261 Thread 0x000002d1795a2de0 1150       3       java.awt.geom.AffineTransform::hashCode (87 bytes)
Event: 1.261 Thread 0x000002d1795a2de0 nmethod 1150 0x000002d163c76d10 code [0x000002d163c76f40, 0x000002d163c77a98]
Event: 1.264 Thread 0x000002d17b69d3b0 nmethod 1146 0x000002d16b02e310 code [0x000002d16b02e4a0, 0x000002d16b02e798]
Event: 1.266 Thread 0x000002d1795a2de0 1151       3       sun.util.locale.LocaleUtils::isUpper (18 bytes)
Event: 1.266 Thread 0x000002d1795a2de0 nmethod 1151 0x000002d163c77c90 code [0x000002d163c77e20, 0x000002d163c77f98]

GC Heap History (2 events):
Event: 0.875 GC heap before
{Heap before GC invocations=0 (full 0):
 garbage-first heap   total 131072K, used 20480K [0x0000000080a00000, 0x0000000100000000)
  region size 1024K, 13 young (13312K), 0 survivors (0K)
 Metaspace       used 7221K, capacity 7369K, committed 7552K, reserved 1056768K
  class space    used 810K, capacity 868K, committed 896K, reserved 1048576K
}
Event: 0.880 GC heap after
{Heap after GC invocations=1 (full 0):
 garbage-first heap   total 131072K, used 9659K [0x0000000080a00000, 0x0000000100000000)
  region size 1024K, 2 young (2048K), 2 survivors (2048K)
 Metaspace       used 7221K, capacity 7369K, committed 7552K, reserved 1056768K
  class space    used 810K, capacity 868K, committed 896K, reserved 1048576K
}

Deoptimization events (20 events):
Event: 1.205 Thread 0x000002d17b325f30 Uncommon trap: trap_request=0xffffffc6 fr.pc=0x000002d16b016e8c relative=0x000000000000044c
Event: 1.205 Thread 0x000002d17b325f30 Uncommon trap: reason=bimorphic_or_optimized_type_check action=maybe_recompile pc=0x000002d16b016e8c method=java.util.HashMap.getNode(Ljava/lang/Object;)Ljava/util/HashMap$Node; @ 63 c2
Event: 1.205 Thread 0x000002d17b325f30 DEOPT PACKING pc=0x000002d16b016e8c sp=0x000000fa337fda40
Event: 1.205 Thread 0x000002d17b325f30 DEOPT UNPACKING pc=0x000002d16354e42f sp=0x000000fa337fd9b8 mode 2
Event: 1.211 Thread 0x000002d17b325f30 Uncommon trap: trap_request=0xffffffc6 fr.pc=0x000002d16b02a580 relative=0x0000000000000620
Event: 1.211 Thread 0x000002d17b325f30 Uncommon trap: reason=bimorphic_or_optimized_type_check action=maybe_recompile pc=0x000002d16b02a580 method=java.util.concurrent.ConcurrentHashMap.get(Ljava/lang/Object;)Ljava/lang/Object; @ 149 c2
Event: 1.211 Thread 0x000002d17b325f30 DEOPT PACKING pc=0x000002d16b02a580 sp=0x000000fa337fdd20
Event: 1.211 Thread 0x000002d17b325f30 DEOPT UNPACKING pc=0x000002d16354e42f sp=0x000000fa337fdcb0 mode 2
Event: 1.212 Thread 0x000002d17b325f30 Uncommon trap: trap_request=0xffffffc6 fr.pc=0x000002d16b02a580 relative=0x0000000000000620
Event: 1.212 Thread 0x000002d17b325f30 Uncommon trap: reason=bimorphic_or_optimized_type_check action=maybe_recompile pc=0x000002d16b02a580 method=java.util.concurrent.ConcurrentHashMap.get(Ljava/lang/Object;)Ljava/lang/Object; @ 149 c2
Event: 1.212 Thread 0x000002d17b325f30 DEOPT PACKING pc=0x000002d16b02a580 sp=0x000000fa337fdd20
Event: 1.212 Thread 0x000002d17b325f30 DEOPT UNPACKING pc=0x000002d16354e42f sp=0x000000fa337fdcb0 mode 2
Event: 1.233 Thread 0x000002d17b325f30 Uncommon trap: trap_request=0xffffffc6 fr.pc=0x000002d16b02a580 relative=0x0000000000000620
Event: 1.233 Thread 0x000002d17b325f30 Uncommon trap: reason=bimorphic_or_optimized_type_check action=maybe_recompile pc=0x000002d16b02a580 method=java.util.concurrent.ConcurrentHashMap.get(Ljava/lang/Object;)Ljava/lang/Object; @ 149 c2
Event: 1.233 Thread 0x000002d17b325f30 DEOPT PACKING pc=0x000002d16b02a580 sp=0x000000fa337fc830
Event: 1.233 Thread 0x000002d17b325f30 DEOPT UNPACKING pc=0x000002d16354e42f sp=0x000000fa337fc7c0 mode 2
Event: 1.233 Thread 0x000002d17b325f30 Uncommon trap: trap_request=0xffffffc6 fr.pc=0x000002d16b02a580 relative=0x0000000000000620
Event: 1.233 Thread 0x000002d17b325f30 Uncommon trap: reason=bimorphic_or_optimized_type_check action=maybe_recompile pc=0x000002d16b02a580 method=java.util.concurrent.ConcurrentHashMap.get(Ljava/lang/Object;)Ljava/lang/Object; @ 149 c2
Event: 1.233 Thread 0x000002d17b325f30 DEOPT PACKING pc=0x000002d16b02a580 sp=0x000000fa337fc6c0
Event: 1.233 Thread 0x000002d17b325f30 DEOPT UNPACKING pc=0x000002d16354e42f sp=0x000000fa337fc650 mode 2

Classes unloaded (0 events):
No events

Classes redefined (0 events):
No events

Internal exceptions (13 events):
Event: 0.101 Thread 0x000002d15b2bfa20 Exception <a 'java/lang/NoSuchMethodError'{0x00000000889ec3d0}: 'void java.lang.invoke.DirectMethodHandle$Holder.invokeSpecial(java.lang.Object, java.lang.Object, java.lang.Object)'> (0x00000000889ec3d0) 
thrown [./open/src/hotspot/share/interpreter/linkResolver.cpp, line 782]
Event: 0.122 Thread 0x000002d15b2bfa20 Exception <a 'java/lang/ClassNotFoundException'{0x000000008880cbc0}: sun/awt/resources/spi/awtProvider> (0x000000008880cbc0) 
thrown [./open/src/hotspot/share/classfile/systemDictionary.cpp, line 295]
Event: 0.194 Thread 0x000002d15b2bfa20 Exception <a 'java/io/FileNotFoundException'{0x00000000888689a8}> (0x00000000888689a8) 
thrown [./open/src/hotspot/share/prims/jni.cpp, line 578]
Event: 0.210 Thread 0x000002d15b2bfa20 Exception <a 'java/io/FileNotFoundException'{0x0000000088897480}> (0x0000000088897480) 
thrown [./open/src/hotspot/share/prims/jni.cpp, line 578]
Event: 0.211 Thread 0x000002d15b2bfa20 Exception <a 'java/lang/NoSuchMethodError'{0x0000000088898648}: 'java.lang.Object java.lang.invoke.DirectMethodHandle$Holder.invokeStatic(java.lang.Object)'> (0x0000000088898648) 
thrown [./open/src/hotspot/share/interpreter/linkResolver.cpp, line 782]
Event: 0.279 Thread 0x000002d15b2bfa20 Exception <a 'java/lang/NoSuchMethodError'{0x00000000888f2cc0}: 'java.lang.Object java.lang.invoke.DirectMethodHandle$Holder.invokeStaticInit(java.lang.Object)'> (0x00000000888f2cc0) 
thrown [./open/src/hotspot/share/interpreter/linkResolver.cpp, line 782]
Event: 0.341 Thread 0x000002d15b2bfa20 Exception <a 'java/lang/NoSuchMethodError'{0x0000000088788918}: 'java.lang.Object java.lang.invoke.DirectMethodHandle$Holder.newInvokeSpecial(java.lang.Object, java.lang.Object, java.lang.Object, java.lang.Object, java.lang.Object)'> (0x0000000088788918) 
thrown [./open/src/hotspot/share/interpreter/linkResolver.cpp, line 782]
Event: 0.345 Thread 0x000002d15b2bfa20 Exception <a 'java/lang/NoSuchMethodError'{0x00000000887943a8}: 'java.lang.Object java.lang.invoke.DirectMethodHandle$Holder.invokeStatic(java.lang.Object, int, java.lang.Object, java.lang.Object, java.lang.Object, java.lang.Object)'> (0x00000000887943a8) 
thrown [./open/src/hotspot/share/interpreter/linkResolver.cpp, line 782]
Event: 0.355 Thread 0x000002d15b2bfa20 Exception <a 'java/lang/NoSuchMethodError'{0x00000000887ba650}: 'java.lang.Object java.lang.invoke.DirectMethodHandle$Holder.invokeStatic(java.lang.Object, int, java.lang.Object)'> (0x00000000887ba650) 
thrown [./open/src/hotspot/share/interpreter/linkResolver.cpp, line 782]
Event: 0.390 Thread 0x000002d15b2bfa20 Exception <a 'java/lang/ClassNotFoundException'{0x0000000088675b50}: com/sun/swing/internal/plaf/metal/resources/spi/metalProvider> (0x0000000088675b50) 
thrown [./open/src/hotspot/share/classfile/systemDictionary.cpp, line 295]
Event: 0.391 Thread 0x000002d15b2bfa20 Exception <a 'java/lang/ClassNotFoundException'{0x0000000088679cc0}: com/sun/swing/internal/plaf/basic/resources/spi/basicProvider> (0x0000000088679cc0) 
thrown [./open/src/hotspot/share/classfile/systemDictionary.cpp, line 295]
Event: 0.563 Thread 0x000002d17b322570 Exception <a 'java/lang/NoSuchMethodError'{0x000000008850c6c0}: 'java.lang.Object java.lang.invoke.DirectMethodHandle$Holder.newInvokeSpecial(java.lang.Object, java.lang.Object, java.lang.Object, int, int, int, int, int)'> (0x000000008850c6c0) 
thrown [./open/src/hotspot/share/interpreter/linkResolver.cpp, line 782]
Event: 1.067 Thread 0x000002d17b325f30 Exception <a 'java/lang/NoSuchMethodError'{0x00000000886309b0}: 'void java.lang.invoke.DirectMethodHandle$Holder.invokeStaticInit(java.lang.Object)'> (0x00000000886309b0) 
thrown [./open/src/hotspot/share/interpreter/linkResolver.cpp, line 782]

Events (20 events):
Event: 1.256 loading class sun/java2d/cmm/CMSManager
Event: 1.256 loading class sun/java2d/cmm/CMSManager done
Event: 1.263 loading class java/awt/KeyboardFocusManager$3
Event: 1.263 loading class java/awt/KeyboardFocusManager$3 done
Event: 1.263 loading class java/awt/im/InputContext
Event: 1.263 loading class java/awt/im/InputContext done
Event: 1.263 loading class sun/awt/im/InputMethodContext
Event: 1.264 loading class java/awt/im/spi/InputMethodContext
Event: 1.264 loading class java/awt/im/InputMethodRequests
Event: 1.264 loading class java/awt/im/InputMethodRequests done
Event: 1.264 loading class java/awt/im/spi/InputMethodContext done
Event: 1.264 loading class sun/awt/im/InputContext
Event: 1.264 loading class sun/awt/im/InputContext done
Event: 1.264 loading class sun/awt/im/InputMethodContext done
Event: 1.264 loading class sun/awt/windows/WInputMethod
Event: 1.264 loading class sun/awt/im/InputMethodAdapter
Event: 1.264 loading class java/awt/im/spi/InputMethod
Event: 1.265 loading class java/awt/im/spi/InputMethod done
Event: 1.265 loading class sun/awt/im/InputMethodAdapter done
Event: 1.265 loading class sun/awt/windows/WInputMethod done


Dynamic libraries:
0x00007ff689c90000 - 0x00007ff689c9f000 	D:\Coding\Java\JDK15\bin\javaw.exe
0x00007ffc21c90000 - 0x00007ffc21e86000 	C:\WINDOWS\SYSTEM32\ntdll.dll
0x00007ffc204d0000 - 0x00007ffc2058d000 	C:\WINDOWS\System32\KERNEL32.DLL
0x00007ffc1f700000 - 0x00007ffc1f9c9000 	C:\WINDOWS\System32\KERNELBASE.dll
0x00007ffc1f3d0000 - 0x00007ffc1f4d0000 	C:\WINDOWS\System32\ucrtbase.dll
0x00007ffc0ffc0000 - 0x00007ffc0ffd8000 	D:\Coding\Java\JDK15\bin\jli.dll
0x00007ffc1fcf0000 - 0x00007ffc1fd9c000 	C:\WINDOWS\System32\ADVAPI32.dll
0x00007ffc20f20000 - 0x00007ffc20fbe000 	C:\WINDOWS\System32\msvcrt.dll
0x00007ffc219a0000 - 0x00007ffc21a3c000 	C:\WINDOWS\System32\sechost.dll
0x00007ffc1fdc0000 - 0x00007ffc1feeb000 	C:\WINDOWS\System32\RPCRT4.dll
0x00007ffc217f0000 - 0x00007ffc21990000 	C:\WINDOWS\System32\USER32.dll
0x00007ffc19bc0000 - 0x00007ffc19bd9000 	D:\Coding\Java\JDK15\bin\VCRUNTIME140.dll
0x00007ffc1fb90000 - 0x00007ffc1fbb2000 	C:\WINDOWS\System32\win32u.dll
0x00007ffc20430000 - 0x00007ffc2045a000 	C:\WINDOWS\System32\GDI32.dll
0x00007ffc1fa80000 - 0x00007ffc1fb89000 	C:\WINDOWS\System32\gdi32full.dll
0x00007ffc11cb0000 - 0x00007ffc11f4b000 	C:\WINDOWS\WinSxS\amd64_microsoft.windows.common-controls_6595b64144ccf1df_6.0.19041.488_none_ca04af081b815d21\COMCTL32.dll
0x00007ffc1f500000 - 0x00007ffc1f59d000 	C:\WINDOWS\System32\msvcp_win.dll
0x00007ffc17390000 - 0x00007ffc1739a000 	C:\WINDOWS\SYSTEM32\VERSION.dll
0x00007ffc20640000 - 0x00007ffc20670000 	C:\WINDOWS\System32\IMM32.DLL
0x00007ffc19bb0000 - 0x00007ffc19bbc000 	D:\Coding\Java\JDK15\bin\vcruntime140_1.dll
0x00007ffbef110000 - 0x00007ffbef1a1000 	D:\Coding\Java\JDK15\bin\msvcp140.dll
0x00007ffbc5de0000 - 0x00007ffbc693c000 	D:\Coding\Java\JDK15\bin\server\jvm.dll
0x00007ffc1fef0000 - 0x00007ffc1fef8000 	C:\WINDOWS\System32\PSAPI.DLL
0x00007ffc1b200000 - 0x00007ffc1b209000 	C:\WINDOWS\SYSTEM32\WSOCK32.dll
0x00007ffc208c0000 - 0x00007ffc2092b000 	C:\WINDOWS\System32\WS2_32.dll
0x00007ffc12100000 - 0x00007ffc12127000 	C:\WINDOWS\SYSTEM32\WINMM.dll
0x00007ffc1d340000 - 0x00007ffc1d352000 	C:\WINDOWS\SYSTEM32\kernel.appcore.dll
0x00007ffc0fee0000 - 0x00007ffc0feea000 	D:\Coding\Java\JDK15\bin\jimage.dll
0x00007ffc09a00000 - 0x00007ffc09be4000 	C:\WINDOWS\SYSTEM32\DBGHELP.DLL
0x00007ffc098a0000 - 0x00007ffc098cc000 	C:\WINDOWS\SYSTEM32\dbgcore.DLL
0x00007ffc1fc70000 - 0x00007ffc1fcf0000 	C:\WINDOWS\System32\bcryptPrimitives.dll
0x00007ffc0feb0000 - 0x00007ffc0fed5000 	D:\Coding\Java\JDK15\bin\java.dll
0x00007ffc20fc0000 - 0x00007ffc21702000 	C:\WINDOWS\System32\SHELL32.dll
0x00007ffc1d540000 - 0x00007ffc1dcd5000 	C:\WINDOWS\SYSTEM32\windows.storage.dll
0x00007ffc1fff0000 - 0x00007ffc20346000 	C:\WINDOWS\System32\combase.dll
0x00007ffc1ed70000 - 0x00007ffc1ed9c000 	C:\WINDOWS\SYSTEM32\Wldp.dll
0x00007ffc20590000 - 0x00007ffc2063e000 	C:\WINDOWS\System32\SHCORE.dll
0x00007ffc20460000 - 0x00007ffc204b5000 	C:\WINDOWS\System32\shlwapi.dll
0x00007ffc1f300000 - 0x00007ffc1f326000 	C:\WINDOWS\SYSTEM32\profapi.dll
0x00007ffbd1f20000 - 0x00007ffbd20a0000 	D:\Coding\Java\JDK15\bin\awt.dll
0x00007ffc20e50000 - 0x00007ffc20f1d000 	C:\WINDOWS\System32\OLEAUT32.dll
0x00007ffc1cdb0000 - 0x00007ffc1ce40000 	C:\WINDOWS\SYSTEM32\apphelp.dll
0x00007ffc1ce80000 - 0x00007ffc1cf1e000 	C:\WINDOWS\system32\uxtheme.dll
0x00007ffc207a0000 - 0x00007ffc208b6000 	C:\WINDOWS\System32\MSCTF.dll
0x00007ffc20670000 - 0x00007ffc2079a000 	C:\WINDOWS\System32\ole32.dll
0x00007ffc1d080000 - 0x00007ffc1d0af000 	C:\WINDOWS\system32\DWMAPI.DLL
0x00007ffbdc6f0000 - 0x00007ffbdc815000 	C:\WINDOWS\system32\opengl32.dll
0x00007ffc0edd0000 - 0x00007ffc0edfc000 	C:\WINDOWS\SYSTEM32\GLU32.dll
0x00007ffc14c00000 - 0x00007ffc14dcf000 	C:\WINDOWS\system32\d3d9.dll
0x00007ffc14780000 - 0x00007ffc1486e000 	C:\WINDOWS\System32\DriverStore\FileRepository\nv_dispi.inf_amd64_db678424d2641c3d\nvldumdx.dll
0x00007ffc1f5a0000 - 0x00007ffc1f6fd000 	C:\WINDOWS\System32\crypt32.dll
0x00007ffc1fc10000 - 0x00007ffc1fc70000 	C:\WINDOWS\System32\WINTRUST.DLL
0x00007ffc1eef0000 - 0x00007ffc1ef02000 	C:\WINDOWS\SYSTEM32\MSASN1.dll
0x00007ffc1fda0000 - 0x00007ffc1fdbd000 	C:\WINDOWS\System32\imagehlp.dll
0x00007ffc1ecd0000 - 0x00007ffc1ece8000 	C:\WINDOWS\SYSTEM32\CRYPTSP.dll
0x00007ffc1e480000 - 0x00007ffc1e4b4000 	C:\WINDOWS\system32\rsaenh.dll
0x00007ffc1f4d0000 - 0x00007ffc1f4f7000 	C:\WINDOWS\System32\bcrypt.dll
0x00007ffc1ecc0000 - 0x00007ffc1eccc000 	C:\WINDOWS\SYSTEM32\CRYPTBASE.dll
0x00007ffbd7790000 - 0x00007ffbd8c2b000 	C:\WINDOWS\System32\DriverStore\FileRepository\nv_dispi.inf_amd64_db678424d2641c3d\nvd3dumx.dll
0x00007ffc1f230000 - 0x00007ffc1f27b000 	C:\WINDOWS\system32\powrprof.dll
0x00007ffc1f210000 - 0x00007ffc1f222000 	C:\WINDOWS\SYSTEM32\UMPDC.dll
0x00007ffc1dcf0000 - 0x00007ffc1dd13000 	C:\WINDOWS\SYSTEM32\gpapi.dll
0x00007ffc068a0000 - 0x00007ffc068d1000 	C:\WINDOWS\SYSTEM32\cryptnet.dll
0x00007ffc16710000 - 0x00007ffc1674b000 	C:\WINDOWS\SYSTEM32\dxcore.dll
0x00007ffc1fbc0000 - 0x00007ffc1fc0e000 	C:\WINDOWS\System32\cfgmgr32.dll
0x00007ffc0eb40000 - 0x00007ffc0eb6d000 	D:\Coding\Java\JDK15\bin\javajpeg.dll
0x00007ffc0fce0000 - 0x00007ffc0fcf8000 	D:\Coding\Java\JDK15\bin\zip.dll
0x00007ffbf3510000 - 0x00007ffbf3595000 	D:\Coding\Java\JDK15\bin\freetype.dll
0x00007ffbeb640000 - 0x00007ffbeb6e9000 	D:\Coding\Java\JDK15\bin\fontmanager.dll
0x00007ffc20930000 - 0x00007ffc209d9000 	C:\WINDOWS\System32\clbcatq.dll
0x00007ffc18730000 - 0x00007ffc188e4000 	C:\WINDOWS\SYSTEM32\WindowsCodecs.dll
0x00007ffbe5ed0000 - 0x00007ffbe5f0e000 	C:\WINDOWS\system32\dataexchange.dll
0x00007ffc1c5f0000 - 0x00007ffc1c7d7000 	C:\WINDOWS\system32\dcomp.dll
0x00007ffc1ba30000 - 0x00007ffc1bc94000 	C:\WINDOWS\system32\d3d11.dll
0x00007ffc1de40000 - 0x00007ffc1df33000 	C:\WINDOWS\system32\dxgi.dll
0x00007ffc1ab90000 - 0x00007ffc1ad98000 	C:\WINDOWS\system32\twinapi.appcore.dll
0x00007ffc0fd20000 - 0x00007ffc0fd39000 	D:\Coding\Java\JDK15\bin\net.dll
0x00007ffc0f780000 - 0x00007ffc0f880000 	C:\WINDOWS\SYSTEM32\WINHTTP.dll
0x00007ffc1eaf0000 - 0x00007ffc1eb5a000 	C:\WINDOWS\system32\mswsock.dll
0x00007ffc0fd00000 - 0x00007ffc0fd12000 	D:\Coding\Java\JDK15\bin\nio.dll
0x00007ffc14dd0000 - 0x00007ffc14ecd000 	C:\WINDOWS\SYSTEM32\textinputframework.dll
0x00007ffc1bca0000 - 0x00007ffc1bffe000 	C:\WINDOWS\System32\CoreUIComponents.dll
0x00007ffc1cc60000 - 0x00007ffc1cd52000 	C:\WINDOWS\System32\CoreMessaging.dll
0x00007ffc1b2d0000 - 0x00007ffc1b426000 	C:\WINDOWS\SYSTEM32\wintypes.dll
0x00007ffc1e150000 - 0x00007ffc1e183000 	C:\WINDOWS\SYSTEM32\ntmarta.dll

dbghelp: loaded successfully - version: 4.0.5 - missing functions: none
symbol engine: initialized successfully - sym options: 0x614 - pdb path: .;D:\Coding\Java\JDK15\bin;C:\WINDOWS\SYSTEM32;C:\WINDOWS\WinSxS\amd64_microsoft.windows.common-controls_6595b64144ccf1df_6.0.19041.488_none_ca04af081b815d21;D:\Coding\Java\JDK15\bin\server;C:\WINDOWS\System32\DriverStore\FileRepository\nv_dispi.inf_amd64_db678424d2641c3d

VM Arguments:
jvm_args: -Dfile.encoding=Cp1252 -XX:+ShowCodeDetailsInExceptionMessages 
java_command: com.example.Main
java_class_path (initial): D:\Coding\Java\Eclipse\FinalProject\bin
Launcher Type: SUN_STANDARD

[Global flags]
     intx CICompilerCount                          = 3                                         {product} {ergonomic}
     uint ConcGCThreads                            = 1                                         {product} {ergonomic}
     uint G1ConcRefinementThreads                  = 4                                         {product} {ergonomic}
   size_t G1HeapRegionSize                         = 1048576                                   {product} {ergonomic}
    uintx GCDrainStackTargetSize                   = 64                                        {product} {ergonomic}
   size_t InitialHeapSize                          = 134217728                                 {product} {ergonomic}
   size_t MarkStackSize                            = 4194304                                   {product} {ergonomic}
   size_t MaxHeapSize                              = 2136997888                                {product} {ergonomic}
   size_t MaxNewSize                               = 1281359872                                {product} {ergonomic}
   size_t MinHeapDeltaBytes                        = 1048576                                   {product} {ergonomic}
   size_t MinHeapSize                              = 8388608                                   {product} {ergonomic}
    uintx NonNMethodCodeHeapSize                   = 5832780                                {pd product} {ergonomic}
    uintx NonProfiledCodeHeapSize                  = 122912730                              {pd product} {ergonomic}
    uintx ProfiledCodeHeapSize                     = 122912730                              {pd product} {ergonomic}
    uintx ReservedCodeCacheSize                    = 251658240                              {pd product} {ergonomic}
     bool SegmentedCodeCache                       = true                                      {product} {ergonomic}
     bool ShowCodeDetailsInExceptionMessages       = true                                   {manageable} {command line}
   size_t SoftMaxHeapSize                          = 2136997888                             {manageable} {ergonomic}
     bool UseCompressedClassPointers               = true                                 {lp64_product} {ergonomic}
     bool UseCompressedOops                        = true                                 {lp64_product} {ergonomic}
     bool UseG1GC                                  = true                                      {product} {ergonomic}
     bool UseLargePagesIndividualAllocation        = false                                  {pd product} {ergonomic}

Logging:
Log output configuration:
 #0: stdout all=warning uptime,level,tags
 #1: stderr all=off uptime,level,tags

Environment Variables:
PATH=D:/Coding/Java/JDK15/bin/server;D:/Coding/Java/JDK15/bin;C:\Program Files\Common Files\Oracle\Java\javapath;C:\Program Files (x86)\Common Files\Oracle\Java\javapath;C:\Program Files (x86)\NVIDIA Corporation\PhysX\Common;C:\ProgramData\Oracle\Java\javapath;C:\WINDOWS\system32;C:\WINDOWS;C:\WINDOWS\System32\Wbem;C:\WINDOWS\System32\WindowsPowerShell\v1.0\;C:\Program Files (x86)\Common Files\Acronis\SnapAPI\;C:\Program Files (x86)\Windows Live\Shared;C:\Users\user\AppData\Local\Microsoft\WindowsApps;C:\adb;C:\ADB\;C:\WINDOWS\system32;C:\WINDOWS;C:\WINDOWS\System32\Wbem;C:\WINDOWS\System32\WindowsPowerShell\v1.0\;C:\WINDOWS\System32\OpenSSH\;C:\Program Files\dotnet\;D:\XAMPP\XAMPP\php;C:\ProgramData\ComposerSetup\bin;D:\Coding Stuff\Git\Git\cmd;D:\Coding\Python\Anaconda\Anaconda;D:\Coding\Python\Anaconda\Anaconda\Library\mingw-w64\bin;D:\Coding\Python\Anaconda\Anaconda\Library\usr\bin;D:\Coding\Python\Anaconda\Anaconda\Library\bin;D:\Coding\Python\Anaconda\Anaconda\Scripts;C:\Users\user\AppData\Local\Programs\Python\Python38\Scripts\;C:\Users\user\AppData\Local\Programs\Python\Python38\;C:\Users\user\AppData\Local\Microsoft\WindowsApps;C:\Users\user\AppData\Roaming\Composer\vendor\bin;D:\Coding\Sublime Text\Sublime Text 3;D:\Coding\Java\JDK15\bin;C:\Users\user\Desktop;
USERNAME=Cheath
OS=Windows_NT
PROCESSOR_IDENTIFIER=Intel64 Family 6 Model 94 Stepping 3, GenuineIntel



---------------  S Y S T E M  ---------------

OS:
 Windows 10 , 64 bit Build 19041 (10.0.19041.662)
OS uptime: 7 days 3:03 hours

CPU: total 4 (initial active 4) (2 cores per cpu, 2 threads per core) family 6 model 94 stepping 3, cmov, cx8, fxsr, mmx, sse, sse2, sse3, ssse3, sse4.1, sse4.2, popcnt, vzeroupper, avx, avx2, aes, clmul, erms, 3dnowpref, lzcnt, ht, tsc, tscinvbit, bmi1, bmi2, adx, fma, clflush, clflushopt

Memory: 4k page, system-wide physical 8144M (811M free)
TotalPageFile size 20508M (AvailPageFile size 3M)
current process WorkingSet (physical memory assigned to process): 103M, peak: 103M
current process commit charge ("private bytes"): 256M, peak: 256M

vm_info: Java HotSpot(TM) 64-Bit Server VM (15+36-1562) for windows-amd64 JRE (15+36-1562), built on Aug 11 2020 22:38:02 by "mach5one" with unknown MS VC++:1925

END.
