#
# There is insufficient memory for the Java Runtime Environment to continue.
# Native memory allocation (malloc) failed to allocate 380816 bytes for Chunk::new
# Possible reasons:
#   The system is out of physical RAM or swap space
#   The process is running with CompressedOops enabled, and the Java Heap may be blocking the growth of the native heap
# Possible solutions:
#   Reduce memory load on the system
#   Increase physical memory or swap space
#   Check if swap backing store is full
#   Decrease Java heap size (-Xmx/-Xms)
#   Decrease number of Java threads
#   Decrease Java thread stack sizes (-Xss)
#   Set larger code cache with -XX:ReservedCodeCacheSize=
#   JVM is running with Unscaled Compressed Oops mode in which the Java heap is
#     placed in the first 4GB address space. The Java Heap base address is the
#     maximum limit for the native heap growth. Please use -XX:HeapBaseMinAddress
#     to set the Java Heap base and to place the Java Heap above 4GB virtual address.
# This output file may be truncated or incomplete.
#
#  Out of Memory Error (./open/src/hotspot/share/memory/arena.cpp:195), pid=15056, tid=7196
#
# JRE version: Java(TM) SE Runtime Environment (15.0+36) (build 15+36-1562)
# Java VM: Java HotSpot(TM) 64-Bit Server VM (15+36-1562, mixed mode, sharing, tiered, compressed oops, g1 gc, windows-amd64)
# No core dump will be written. Minidumps are not enabled by default on client versions of Windows
#

---------------  S U M M A R Y ------------

Command Line: -Dfile.encoding=Cp1252 -XX:+ShowCodeDetailsInExceptionMessages com.example.Main

Host: Intel(R) Core(TM) i3-6100 CPU @ 3.70GHz, 4 cores, 7G,  Windows 10 , 64 bit Build 19041 (10.0.19041.662)
Time: Sun Jan 10 16:24:18 2021 SE Asia Standard Time elapsed time: 0.693781 seconds (0d 0h 0m 0s)

---------------  T H R E A D  ---------------

Current thread (0x000001ec70fcc260):  JavaThread "C2 CompilerThread0" daemon [_thread_in_native, id=7196, stack(0x0000002ebaa00000,0x0000002ebab00000)]


Current CompileTask:
C2:    693  529 % !   4       sun.awt.image.PNGImageDecoder::produceImage @ 960 (1917 bytes)

Stack: [0x0000002ebaa00000,0x0000002ebab00000]
Native frames: (J=compiled Java code, j=interpreted, Vv=VM code, C=native code)
V  [jvm.dll+0x629eaa]
V  [jvm.dll+0x780379]
V  [jvm.dll+0x781ad3]
V  [jvm.dll+0x782133]
V  [jvm.dll+0x2159d5]
V  [jvm.dll+0x9794a]
V  [jvm.dll+0x9802c]
V  [jvm.dll+0x27992f]
V  [jvm.dll+0x53faf4]
V  [jvm.dll+0x1f27f4]
V  [jvm.dll+0x1ec1c1]
V  [jvm.dll+0x1e8f37]
V  [jvm.dll+0x177f17]
V  [jvm.dll+0x1f88f5]
V  [jvm.dll+0x1f699c]
V  [jvm.dll+0x74384d]
V  [jvm.dll+0x73c64a]
V  [jvm.dll+0x628d16]
C  [ucrtbase.dll+0x214c2]
C  [KERNEL32.DLL+0x17034]
C  [ntdll.dll+0x4d0d1]


---------------  P R O C E S S  ---------------

Threads class SMR info:
_java_thread_list=0x000001ec71a0a470, length=17, elements={
0x000001ec70f9dcd0, 0x000001ec70f9e7b0, 0x000001ec70fb9c00, 0x000001ec70fbc5d0,
0x000001ec70fc4fa0, 0x000001ec70fcc260, 0x000001ec70fcec20, 0x000001ec70fd7cf0,
0x000001ec719fc870, 0x000001ec719fb060, 0x000001ec719fba00, 0x000001ec719fdbb0,
0x000001ec719fd6e0, 0x000001ec719fc3a0, 0x000001ec719fcd40, 0x000001ec719fe080,
0x000001ec72bd1f30
}

Java Threads: ( => current thread )
  0x000001ec70f9dcd0 JavaThread "Reference Handler" daemon [_thread_blocked, id=17816, stack(0x0000002eba500000,0x0000002eba600000)]
  0x000001ec70f9e7b0 JavaThread "Finalizer" daemon [_thread_blocked, id=13776, stack(0x0000002eba600000,0x0000002eba700000)]
  0x000001ec70fb9c00 JavaThread "Signal Dispatcher" daemon [_thread_blocked, id=16320, stack(0x0000002eba700000,0x0000002eba800000)]
  0x000001ec70fbc5d0 JavaThread "Attach Listener" daemon [_thread_blocked, id=17672, stack(0x0000002eba800000,0x0000002eba900000)]
  0x000001ec70fc4fa0 JavaThread "Service Thread" daemon [_thread_blocked, id=18268, stack(0x0000002eba900000,0x0000002ebaa00000)]
=>0x000001ec70fcc260 JavaThread "C2 CompilerThread0" daemon [_thread_in_native, id=7196, stack(0x0000002ebaa00000,0x0000002ebab00000)]
  0x000001ec70fcec20 JavaThread "C1 CompilerThread0" daemon [_thread_blocked, id=4360, stack(0x0000002ebab00000,0x0000002ebac00000)]
  0x000001ec70fd7cf0 JavaThread "Sweeper thread" daemon [_thread_blocked, id=11032, stack(0x0000002ebac00000,0x0000002ebad00000)]
  0x000001ec719fc870 JavaThread "Notification Thread" daemon [_thread_blocked, id=24260, stack(0x0000002ebad00000,0x0000002ebae00000)]
  0x000001ec719fb060 JavaThread "Common-Cleaner" daemon [_thread_blocked, id=15220, stack(0x0000002ebaf00000,0x0000002ebb000000)]
  0x000001ec719fba00 JavaThread "Java2D Disposer" daemon [_thread_blocked, id=25256, stack(0x0000002ebb000000,0x0000002ebb100000)]
  0x000001ec719fdbb0 JavaThread "AWT-Shutdown" [_thread_blocked, id=25344, stack(0x0000002ebb100000,0x0000002ebb200000)]
  0x000001ec719fd6e0 JavaThread "AWT-Windows" daemon [_thread_in_native, id=16516, stack(0x0000002ebb200000,0x0000002ebb300000)]
  0x000001ec719fc3a0 JavaThread "AWT-EventQueue-0" [_thread_in_vm, id=22176, stack(0x0000002ebb400000,0x0000002ebb500000)]
  0x000001ec719fcd40 JavaThread "DestroyJavaVM" [_thread_blocked, id=10912, stack(0x0000002eb9e00000,0x0000002eb9f00000)]
  0x000001ec719fe080 JavaThread "Image Fetcher 0" daemon [_thread_blocked, id=16372, stack(0x0000002ebb500000,0x0000002ebb600000)]
  0x000001ec72bd1f30 JavaThread "C2 CompilerThread1" daemon [_thread_in_native, id=14244, stack(0x0000002ebb900000,0x0000002ebba00000)]

Other Threads:
  0x000001ec70f9a130 VMThread "VM Thread" [stack: 0x0000002eba400000,0x0000002eba500000] [id=9684]
  0x000001ec71a05b80 WatcherThread [stack: 0x0000002ebae00000,0x0000002ebaf00000] [id=22920]
  0x000001ec52d22ba0 GCTaskThread "GC Thread#0" [stack: 0x0000002eb9f00000,0x0000002eba000000] [id=12764]
  0x000001ec71c08c90 GCTaskThread "GC Thread#1" [stack: 0x0000002ebb600000,0x0000002ebb700000] [id=19368]
  0x000001ec71c05ff0 GCTaskThread "GC Thread#2" [stack: 0x0000002ebb700000,0x0000002ebb800000] [id=9644]
  0x000001ec71c08960 GCTaskThread "GC Thread#3" [stack: 0x0000002ebb800000,0x0000002ebb900000] [id=24744]
  0x000001ec52d353f0 ConcurrentGCThread "G1 Main Marker" [stack: 0x0000002eba000000,0x0000002eba100000] [id=24652]
  0x000001ec52d35f70 ConcurrentGCThread "G1 Conc#0" [stack: 0x0000002eba100000,0x0000002eba200000] [id=21100]
  0x000001ec52db0450 ConcurrentGCThread "G1 Refine#0" [stack: 0x0000002eba200000,0x0000002eba300000] [id=8588]
  0x000001ec52db0fe0 ConcurrentGCThread "G1 Young RemSet Sampling" [stack: 0x0000002eba300000,0x0000002eba400000] [id=9372]

Threads with active compile tasks:
C2 CompilerThread0     1004  529 % !   4       sun.awt.image.PNGImageDecoder::produceImage @ 960 (1917 bytes)
C2 CompilerThread1     1004  534 % !   4       sun.awt.image.ImageRepresentation::getOpaqueRGBImage @ 54 (164 bytes)

VM state: not at safepoint (normal execution)

VM Mutex/Monitor currently owned by a thread: None

Heap address: 0x0000000080a00000, size: 2038 MB, Compressed Oops mode: 32-bit
CDS archive(s) mapped at: [0x0000000800000000-0x0000000800b50000-0x0000000800b50000), size 11862016, SharedBaseAddress: 0x0000000800000000, ArchiveRelocationMode: 0.
Compressed class space mapped at: 0x0000000800b50000-0x0000000840b50000, size: 1073741824
Narrow klass base: 0x0000000800000000, Narrow klass shift: 3, Narrow klass range: 0x100000000

GC Precious Log:
 CPUs: 4 total, 4 available
 Memory: 8144M
 Large Page Support: Disabled
 NUMA Support: Disabled
 Compressed Oops: Enabled (32-bit)
 Heap Region Size: 1M
 Heap Min Capacity: 8M
 Heap Initial Capacity: 128M
 Heap Max Capacity: 2038M
 Pre-touch: Disabled
 Parallel Workers: 4
 Concurrent Workers: 1
 Concurrent Refinement Workers: 4
 Periodic GC: Disabled

Heap:
 garbage-first heap   total 131072K, used 12329K [0x0000000080a00000, 0x0000000100000000)
  region size 1024K, 5 young (5120K), 2 survivors (2048K)
 Metaspace       used 6218K, capacity 6336K, committed 6400K, reserved 1060864K
  class space    used 701K, capacity 761K, committed 768K, reserved 1048576K

Heap Regions: E=young(eden), S=young(survivor), O=old, HS=humongous(starts), HC=humongous(continues), CS=collection set, F=free, OA=open archive, CA=closed archive, TAMS=top-at-mark-start (previous, next)
|   0|0x0000000080a00000, 0x0000000080b00000, 0x0000000080b00000|100%|HS|  |TAMS 0x0000000080a00000, 0x0000000080a00000| Complete 
|   1|0x0000000080b00000, 0x0000000080c00000, 0x0000000080c00000|100%|HC|  |TAMS 0x0000000080b00000, 0x0000000080b00000| Complete 
|   2|0x0000000080c00000, 0x0000000080d00000, 0x0000000080d00000|100%|HC|  |TAMS 0x0000000080c00000, 0x0000000080c00000| Complete 
|   3|0x0000000080d00000, 0x0000000080e00000, 0x0000000080e00000|100%|HC|  |TAMS 0x0000000080d00000, 0x0000000080d00000| Complete 
|   4|0x0000000080e00000, 0x0000000080f00000, 0x0000000080f00000|100%|HC|  |TAMS 0x0000000080e00000, 0x0000000080e00000| Complete 
|   5|0x0000000080f00000, 0x0000000081000000, 0x0000000081000000|100%|HC|  |TAMS 0x0000000080f00000, 0x0000000080f00000| Complete 
|   6|0x0000000081000000, 0x0000000081100000, 0x0000000081100000|100%| O|  |TAMS 0x0000000081000000, 0x0000000081000000| Untracked 
|   7|0x0000000081100000, 0x000000008110a400, 0x0000000081200000|  4%| O|  |TAMS 0x0000000081100000, 0x0000000081100000| Untracked 
|   8|0x0000000081200000, 0x0000000081300000, 0x0000000081300000|100%|HS|  |TAMS 0x0000000081200000, 0x0000000081200000| Complete 
|   9|0x0000000081300000, 0x0000000081300000, 0x0000000081400000|  0%| F|  |TAMS 0x0000000081300000, 0x0000000081300000| Untracked 
|  10|0x0000000081400000, 0x0000000081400000, 0x0000000081500000|  0%| F|  |TAMS 0x0000000081400000, 0x0000000081400000| Untracked 
|  11|0x0000000081500000, 0x0000000081500000, 0x0000000081600000|  0%| F|  |TAMS 0x0000000081500000, 0x0000000081500000| Untracked 
|  12|0x0000000081600000, 0x0000000081600000, 0x0000000081700000|  0%| F|  |TAMS 0x0000000081600000, 0x0000000081600000| Untracked 
|  13|0x0000000081700000, 0x0000000081700000, 0x0000000081800000|  0%| F|  |TAMS 0x0000000081700000, 0x0000000081700000| Untracked 
|  14|0x0000000081800000, 0x0000000081800000, 0x0000000081900000|  0%| F|  |TAMS 0x0000000081800000, 0x0000000081800000| Untracked 
|  15|0x0000000081900000, 0x0000000081900000, 0x0000000081a00000|  0%| F|  |TAMS 0x0000000081900000, 0x0000000081900000| Untracked 
|  16|0x0000000081a00000, 0x0000000081a00000, 0x0000000081b00000|  0%| F|  |TAMS 0x0000000081a00000, 0x0000000081a00000| Untracked 
|  17|0x0000000081b00000, 0x0000000081b00000, 0x0000000081c00000|  0%| F|  |TAMS 0x0000000081b00000, 0x0000000081b00000| Untracked 
|  18|0x0000000081c00000, 0x0000000081c00000, 0x0000000081d00000|  0%| F|  |TAMS 0x0000000081c00000, 0x0000000081c00000| Untracked 
|  19|0x0000000081d00000, 0x0000000081d00000, 0x0000000081e00000|  0%| F|  |TAMS 0x0000000081d00000, 0x0000000081d00000| Untracked 
|  20|0x0000000081e00000, 0x0000000081e00000, 0x0000000081f00000|  0%| F|  |TAMS 0x0000000081e00000, 0x0000000081e00000| Untracked 
|  21|0x0000000081f00000, 0x0000000081f00000, 0x0000000082000000|  0%| F|  |TAMS 0x0000000081f00000, 0x0000000081f00000| Untracked 
|  22|0x0000000082000000, 0x0000000082000000, 0x0000000082100000|  0%| F|  |TAMS 0x0000000082000000, 0x0000000082000000| Untracked 
|  23|0x0000000082100000, 0x0000000082100000, 0x0000000082200000|  0%| F|  |TAMS 0x0000000082100000, 0x0000000082100000| Untracked 
|  24|0x0000000082200000, 0x0000000082200000, 0x0000000082300000|  0%| F|  |TAMS 0x0000000082200000, 0x0000000082200000| Untracked 
|  25|0x0000000082300000, 0x0000000082300000, 0x0000000082400000|  0%| F|  |TAMS 0x0000000082300000, 0x0000000082300000| Untracked 
|  26|0x0000000082400000, 0x0000000082400000, 0x0000000082500000|  0%| F|  |TAMS 0x0000000082400000, 0x0000000082400000| Untracked 
|  27|0x0000000082500000, 0x0000000082500000, 0x0000000082600000|  0%| F|  |TAMS 0x0000000082500000, 0x0000000082500000| Untracked 
|  28|0x0000000082600000, 0x0000000082600000, 0x0000000082700000|  0%| F|  |TAMS 0x0000000082600000, 0x0000000082600000| Untracked 
|  29|0x0000000082700000, 0x0000000082700000, 0x0000000082800000|  0%| F|  |TAMS 0x0000000082700000, 0x0000000082700000| Untracked 
|  30|0x0000000082800000, 0x0000000082800000, 0x0000000082900000|  0%| F|  |TAMS 0x0000000082800000, 0x0000000082800000| Untracked 
|  31|0x0000000082900000, 0x0000000082900000, 0x0000000082a00000|  0%| F|  |TAMS 0x0000000082900000, 0x0000000082900000| Untracked 
|  32|0x0000000082a00000, 0x0000000082a00000, 0x0000000082b00000|  0%| F|  |TAMS 0x0000000082a00000, 0x0000000082a00000| Untracked 
|  33|0x0000000082b00000, 0x0000000082b00000, 0x0000000082c00000|  0%| F|  |TAMS 0x0000000082b00000, 0x0000000082b00000| Untracked 
|  34|0x0000000082c00000, 0x0000000082c00000, 0x0000000082d00000|  0%| F|  |TAMS 0x0000000082c00000, 0x0000000082c00000| Untracked 
|  35|0x0000000082d00000, 0x0000000082d00000, 0x0000000082e00000|  0%| F|  |TAMS 0x0000000082d00000, 0x0000000082d00000| Untracked 
|  36|0x0000000082e00000, 0x0000000082e00000, 0x0000000082f00000|  0%| F|  |TAMS 0x0000000082e00000, 0x0000000082e00000| Untracked 
|  37|0x0000000082f00000, 0x0000000082f00000, 0x0000000083000000|  0%| F|  |TAMS 0x0000000082f00000, 0x0000000082f00000| Untracked 
|  38|0x0000000083000000, 0x0000000083000000, 0x0000000083100000|  0%| F|  |TAMS 0x0000000083000000, 0x0000000083000000| Untracked 
|  39|0x0000000083100000, 0x0000000083100000, 0x0000000083200000|  0%| F|  |TAMS 0x0000000083100000, 0x0000000083100000| Untracked 
|  40|0x0000000083200000, 0x0000000083200000, 0x0000000083300000|  0%| F|  |TAMS 0x0000000083200000, 0x0000000083200000| Untracked 
|  41|0x0000000083300000, 0x0000000083300000, 0x0000000083400000|  0%| F|  |TAMS 0x0000000083300000, 0x0000000083300000| Untracked 
|  42|0x0000000083400000, 0x0000000083400000, 0x0000000083500000|  0%| F|  |TAMS 0x0000000083400000, 0x0000000083400000| Untracked 
|  43|0x0000000083500000, 0x0000000083500000, 0x0000000083600000|  0%| F|  |TAMS 0x0000000083500000, 0x0000000083500000| Untracked 
|  44|0x0000000083600000, 0x0000000083600000, 0x0000000083700000|  0%| F|  |TAMS 0x0000000083600000, 0x0000000083600000| Untracked 
|  45|0x0000000083700000, 0x0000000083700000, 0x0000000083800000|  0%| F|  |TAMS 0x0000000083700000, 0x0000000083700000| Untracked 
|  46|0x0000000083800000, 0x0000000083800000, 0x0000000083900000|  0%| F|  |TAMS 0x0000000083800000, 0x0000000083800000| Untracked 
|  47|0x0000000083900000, 0x0000000083900000, 0x0000000083a00000|  0%| F|  |TAMS 0x0000000083900000, 0x0000000083900000| Untracked 
|  48|0x0000000083a00000, 0x0000000083a00000, 0x0000000083b00000|  0%| F|  |TAMS 0x0000000083a00000, 0x0000000083a00000| Untracked 
|  49|0x0000000083b00000, 0x0000000083b00000, 0x0000000083c00000|  0%| F|  |TAMS 0x0000000083b00000, 0x0000000083b00000| Untracked 
|  50|0x0000000083c00000, 0x0000000083c00000, 0x0000000083d00000|  0%| F|  |TAMS 0x0000000083c00000, 0x0000000083c00000| Untracked 
|  51|0x0000000083d00000, 0x0000000083d00000, 0x0000000083e00000|  0%| F|  |TAMS 0x0000000083d00000, 0x0000000083d00000| Untracked 
|  52|0x0000000083e00000, 0x0000000083e00000, 0x0000000083f00000|  0%| F|  |TAMS 0x0000000083e00000, 0x0000000083e00000| Untracked 
|  53|0x0000000083f00000, 0x0000000083f00000, 0x0000000084000000|  0%| F|  |TAMS 0x0000000083f00000, 0x0000000083f00000| Untracked 
|  54|0x0000000084000000, 0x0000000084000000, 0x0000000084100000|  0%| F|  |TAMS 0x0000000084000000, 0x0000000084000000| Untracked 
|  55|0x0000000084100000, 0x0000000084100000, 0x0000000084200000|  0%| F|  |TAMS 0x0000000084100000, 0x0000000084100000| Untracked 
|  56|0x0000000084200000, 0x0000000084200000, 0x0000000084300000|  0%| F|  |TAMS 0x0000000084200000, 0x0000000084200000| Untracked 
|  57|0x0000000084300000, 0x0000000084300000, 0x0000000084400000|  0%| F|  |TAMS 0x0000000084300000, 0x0000000084300000| Untracked 
|  58|0x0000000084400000, 0x0000000084400000, 0x0000000084500000|  0%| F|  |TAMS 0x0000000084400000, 0x0000000084400000| Untracked 
|  59|0x0000000084500000, 0x0000000084500000, 0x0000000084600000|  0%| F|  |TAMS 0x0000000084500000, 0x0000000084500000| Untracked 
|  60|0x0000000084600000, 0x0000000084600000, 0x0000000084700000|  0%| F|  |TAMS 0x0000000084600000, 0x0000000084600000| Untracked 
|  61|0x0000000084700000, 0x0000000084700000, 0x0000000084800000|  0%| F|  |TAMS 0x0000000084700000, 0x0000000084700000| Untracked 
|  62|0x0000000084800000, 0x0000000084800000, 0x0000000084900000|  0%| F|  |TAMS 0x0000000084800000, 0x0000000084800000| Untracked 
|  63|0x0000000084900000, 0x0000000084900000, 0x0000000084a00000|  0%| F|  |TAMS 0x0000000084900000, 0x0000000084900000| Untracked 
|  64|0x0000000084a00000, 0x0000000084a00000, 0x0000000084b00000|  0%| F|  |TAMS 0x0000000084a00000, 0x0000000084a00000| Untracked 
|  65|0x0000000084b00000, 0x0000000084b00000, 0x0000000084c00000|  0%| F|  |TAMS 0x0000000084b00000, 0x0000000084b00000| Untracked 
|  66|0x0000000084c00000, 0x0000000084c00000, 0x0000000084d00000|  0%| F|  |TAMS 0x0000000084c00000, 0x0000000084c00000| Untracked 
|  67|0x0000000084d00000, 0x0000000084d00000, 0x0000000084e00000|  0%| F|  |TAMS 0x0000000084d00000, 0x0000000084d00000| Untracked 
|  68|0x0000000084e00000, 0x0000000084e00000, 0x0000000084f00000|  0%| F|  |TAMS 0x0000000084e00000, 0x0000000084e00000| Untracked 
|  69|0x0000000084f00000, 0x0000000084f00000, 0x0000000085000000|  0%| F|  |TAMS 0x0000000084f00000, 0x0000000084f00000| Untracked 
|  70|0x0000000085000000, 0x0000000085000000, 0x0000000085100000|  0%| F|  |TAMS 0x0000000085000000, 0x0000000085000000| Untracked 
|  71|0x0000000085100000, 0x0000000085100000, 0x0000000085200000|  0%| F|  |TAMS 0x0000000085100000, 0x0000000085100000| Untracked 
|  72|0x0000000085200000, 0x0000000085200000, 0x0000000085300000|  0%| F|  |TAMS 0x0000000085200000, 0x0000000085200000| Untracked 
|  73|0x0000000085300000, 0x0000000085300000, 0x0000000085400000|  0%| F|  |TAMS 0x0000000085300000, 0x0000000085300000| Untracked 
|  74|0x0000000085400000, 0x0000000085400000, 0x0000000085500000|  0%| F|  |TAMS 0x0000000085400000, 0x0000000085400000| Untracked 
|  75|0x0000000085500000, 0x0000000085500000, 0x0000000085600000|  0%| F|  |TAMS 0x0000000085500000, 0x0000000085500000| Untracked 
|  76|0x0000000085600000, 0x0000000085600000, 0x0000000085700000|  0%| F|  |TAMS 0x0000000085600000, 0x0000000085600000| Untracked 
|  77|0x0000000085700000, 0x0000000085700000, 0x0000000085800000|  0%| F|  |TAMS 0x0000000085700000, 0x0000000085700000| Untracked 
|  78|0x0000000085800000, 0x0000000085800000, 0x0000000085900000|  0%| F|  |TAMS 0x0000000085800000, 0x0000000085800000| Untracked 
|  79|0x0000000085900000, 0x0000000085900000, 0x0000000085a00000|  0%| F|  |TAMS 0x0000000085900000, 0x0000000085900000| Untracked 
|  80|0x0000000085a00000, 0x0000000085a00000, 0x0000000085b00000|  0%| F|  |TAMS 0x0000000085a00000, 0x0000000085a00000| Untracked 
|  81|0x0000000085b00000, 0x0000000085b00000, 0x0000000085c00000|  0%| F|  |TAMS 0x0000000085b00000, 0x0000000085b00000| Untracked 
|  82|0x0000000085c00000, 0x0000000085c00000, 0x0000000085d00000|  0%| F|  |TAMS 0x0000000085c00000, 0x0000000085c00000| Untracked 
|  83|0x0000000085d00000, 0x0000000085d00000, 0x0000000085e00000|  0%| F|  |TAMS 0x0000000085d00000, 0x0000000085d00000| Untracked 
|  84|0x0000000085e00000, 0x0000000085e00000, 0x0000000085f00000|  0%| F|  |TAMS 0x0000000085e00000, 0x0000000085e00000| Untracked 
|  85|0x0000000085f00000, 0x0000000085f00000, 0x0000000086000000|  0%| F|  |TAMS 0x0000000085f00000, 0x0000000085f00000| Untracked 
|  86|0x0000000086000000, 0x0000000086000000, 0x0000000086100000|  0%| F|  |TAMS 0x0000000086000000, 0x0000000086000000| Untracked 
|  87|0x0000000086100000, 0x0000000086100000, 0x0000000086200000|  0%| F|  |TAMS 0x0000000086100000, 0x0000000086100000| Untracked 
|  88|0x0000000086200000, 0x0000000086200000, 0x0000000086300000|  0%| F|  |TAMS 0x0000000086200000, 0x0000000086200000| Untracked 
|  89|0x0000000086300000, 0x0000000086300000, 0x0000000086400000|  0%| F|  |TAMS 0x0000000086300000, 0x0000000086300000| Untracked 
|  90|0x0000000086400000, 0x0000000086400000, 0x0000000086500000|  0%| F|  |TAMS 0x0000000086400000, 0x0000000086400000| Untracked 
|  91|0x0000000086500000, 0x0000000086500000, 0x0000000086600000|  0%| F|  |TAMS 0x0000000086500000, 0x0000000086500000| Untracked 
|  92|0x0000000086600000, 0x0000000086600000, 0x0000000086700000|  0%| F|  |TAMS 0x0000000086600000, 0x0000000086600000| Untracked 
|  93|0x0000000086700000, 0x0000000086700000, 0x0000000086800000|  0%| F|  |TAMS 0x0000000086700000, 0x0000000086700000| Untracked 
|  94|0x0000000086800000, 0x0000000086800000, 0x0000000086900000|  0%| F|  |TAMS 0x0000000086800000, 0x0000000086800000| Untracked 
|  95|0x0000000086900000, 0x0000000086900000, 0x0000000086a00000|  0%| F|  |TAMS 0x0000000086900000, 0x0000000086900000| Untracked 
|  96|0x0000000086a00000, 0x0000000086a00000, 0x0000000086b00000|  0%| F|  |TAMS 0x0000000086a00000, 0x0000000086a00000| Untracked 
|  97|0x0000000086b00000, 0x0000000086b00000, 0x0000000086c00000|  0%| F|  |TAMS 0x0000000086b00000, 0x0000000086b00000| Untracked 
|  98|0x0000000086c00000, 0x0000000086c00000, 0x0000000086d00000|  0%| F|  |TAMS 0x0000000086c00000, 0x0000000086c00000| Untracked 
|  99|0x0000000086d00000, 0x0000000086d00000, 0x0000000086e00000|  0%| F|  |TAMS 0x0000000086d00000, 0x0000000086d00000| Untracked 
| 100|0x0000000086e00000, 0x0000000086e00000, 0x0000000086f00000|  0%| F|  |TAMS 0x0000000086e00000, 0x0000000086e00000| Untracked 
| 101|0x0000000086f00000, 0x0000000086f00000, 0x0000000087000000|  0%| F|  |TAMS 0x0000000086f00000, 0x0000000086f00000| Untracked 
| 102|0x0000000087000000, 0x0000000087000000, 0x0000000087100000|  0%| F|  |TAMS 0x0000000087000000, 0x0000000087000000| Untracked 
| 103|0x0000000087100000, 0x0000000087100000, 0x0000000087200000|  0%| F|  |TAMS 0x0000000087100000, 0x0000000087100000| Untracked 
| 104|0x0000000087200000, 0x0000000087200000, 0x0000000087300000|  0%| F|  |TAMS 0x0000000087200000, 0x0000000087200000| Untracked 
| 105|0x0000000087300000, 0x0000000087300000, 0x0000000087400000|  0%| F|  |TAMS 0x0000000087300000, 0x0000000087300000| Untracked 
| 106|0x0000000087400000, 0x0000000087400000, 0x0000000087500000|  0%| F|  |TAMS 0x0000000087400000, 0x0000000087400000| Untracked 
| 107|0x0000000087500000, 0x0000000087500000, 0x0000000087600000|  0%| F|  |TAMS 0x0000000087500000, 0x0000000087500000| Untracked 
| 108|0x0000000087600000, 0x0000000087600000, 0x0000000087700000|  0%| F|  |TAMS 0x0000000087600000, 0x0000000087600000| Untracked 
| 109|0x0000000087700000, 0x0000000087700000, 0x0000000087800000|  0%| F|  |TAMS 0x0000000087700000, 0x0000000087700000| Untracked 
| 110|0x0000000087800000, 0x0000000087800000, 0x0000000087900000|  0%| F|  |TAMS 0x0000000087800000, 0x0000000087800000| Untracked 
| 111|0x0000000087900000, 0x0000000087900000, 0x0000000087a00000|  0%| F|  |TAMS 0x0000000087900000, 0x0000000087900000| Untracked 
| 112|0x0000000087a00000, 0x0000000087a00000, 0x0000000087b00000|  0%| F|  |TAMS 0x0000000087a00000, 0x0000000087a00000| Untracked 
| 113|0x0000000087b00000, 0x0000000087c00000, 0x0000000087c00000|100%| S|CS|TAMS 0x0000000087b00000, 0x0000000087b00000| Complete 
| 114|0x0000000087c00000, 0x0000000087d00000, 0x0000000087d00000|100%| S|CS|TAMS 0x0000000087c00000, 0x0000000087c00000| Complete 
| 115|0x0000000087d00000, 0x0000000087d00000, 0x0000000087e00000|  0%| F|  |TAMS 0x0000000087d00000, 0x0000000087d00000| Untracked 
| 116|0x0000000087e00000, 0x0000000087e00000, 0x0000000087f00000|  0%| F|  |TAMS 0x0000000087e00000, 0x0000000087e00000| Untracked 
| 117|0x0000000087f00000, 0x0000000087f00000, 0x0000000088000000|  0%| F|  |TAMS 0x0000000087f00000, 0x0000000087f00000| Untracked 
| 118|0x0000000088000000, 0x0000000088000000, 0x0000000088100000|  0%| F|  |TAMS 0x0000000088000000, 0x0000000088000000| Untracked 
| 119|0x0000000088100000, 0x0000000088100000, 0x0000000088200000|  0%| F|  |TAMS 0x0000000088100000, 0x0000000088100000| Untracked 
| 120|0x0000000088200000, 0x0000000088200000, 0x0000000088300000|  0%| F|  |TAMS 0x0000000088200000, 0x0000000088200000| Untracked 
| 121|0x0000000088300000, 0x0000000088300000, 0x0000000088400000|  0%| F|  |TAMS 0x0000000088300000, 0x0000000088300000| Untracked 
| 122|0x0000000088400000, 0x0000000088400000, 0x0000000088500000|  0%| F|  |TAMS 0x0000000088400000, 0x0000000088400000| Untracked 
| 123|0x0000000088500000, 0x0000000088500000, 0x0000000088600000|  0%| F|  |TAMS 0x0000000088500000, 0x0000000088500000| Untracked 
| 124|0x0000000088600000, 0x0000000088600000, 0x0000000088700000|  0%| F|  |TAMS 0x0000000088600000, 0x0000000088600000| Untracked 
| 125|0x0000000088700000, 0x0000000088726e90, 0x0000000088800000| 15%| E|  |TAMS 0x0000000088700000, 0x0000000088700000| Complete 
| 126|0x0000000088800000, 0x0000000088900000, 0x0000000088900000|100%| E|CS|TAMS 0x0000000088800000, 0x0000000088800000| Complete 
| 127|0x0000000088900000, 0x0000000088a00000, 0x0000000088a00000|100%| E|CS|TAMS 0x0000000088900000, 0x0000000088900000| Complete 

Card table byte_map: [0x000001ec6a320000,0x000001ec6a720000] _byte_map_base: 0x000001ec69f1b000

Marking Bits (Prev, Next): (CMBitMap*) 0x000001ec52d24330, (CMBitMap*) 0x000001ec52d24370
 Prev Bits: [0x000001ec6ab20000, 0x000001ec6caf8000)
 Next Bits: [0x000001ec6cb00000, 0x000001ec6ead8000)

Polling page: 0x000001ec524c0000

Metaspace:

Usage:
  Non-class:      5.44 MB capacity,     5.39 MB ( 99%) used,    49.76 KB ( <1%) free+waste,     8.31 KB ( <1%) overhead. 
      Class:    761.00 KB capacity,   701.65 KB ( 92%) used,    55.41 KB (  7%) free+waste,     3.94 KB ( <1%) overhead. 
       Both:      6.19 MB capacity,     6.07 MB ( 98%) used,   105.17 KB (  2%) free+waste,    12.25 KB ( <1%) overhead. 

Virtual space:
  Non-class space:       12.00 MB reserved,       5.50 MB ( 46%) committed 
      Class space:        1.00 GB reserved,     768.00 KB ( <1%) committed 
             Both:        1.01 GB reserved,       6.25 MB ( <1%) committed 

Chunk freelists:
   Non-Class:  57.00 KB
       Class:  7.00 KB
        Both:  64.00 KB

MaxMetaspaceSize: 17179869184.00 GB
CompressedClassSpaceSize: 1.00 GB

CodeHeap 'non-profiled nmethods': size=120000Kb used=162Kb max_used=162Kb free=119837Kb
 bounds [0x000001ec629f0000, 0x000001ec62c60000, 0x000001ec69f20000]
CodeHeap 'profiled nmethods': size=120000Kb used=901Kb max_used=901Kb free=119098Kb
 bounds [0x000001ec5b4c0000, 0x000001ec5b730000, 0x000001ec629f0000]
CodeHeap 'non-nmethods': size=5760Kb used=1218Kb max_used=1230Kb free=4541Kb
 bounds [0x000001ec5af20000, 0x000001ec5b190000, 0x000001ec5b4c0000]
 total_blobs=1062 nmethods=572 adapters=403
 compilation: enabled
              stopped_count=0, restarted_count=0
 full_count=0

Compilation events (20 events):
Event: 0.654 Thread 0x000001ec70fcec20  545       3       sun.awt.image.PNGFilterInputStream::read (89 bytes)
Event: 0.654 Thread 0x000001ec70fcec20 nmethod 545 0x000001ec5b594410 code [0x000001ec5b5945e0, 0x000001ec5b594918]
Event: 0.654 Thread 0x000001ec70fcec20  546   !   3       java.util.zip.Inflater::setInput (69 bytes)
Event: 0.654 Thread 0x000001ec70fcec20 nmethod 546 0x000001ec5b594a90 code [0x000001ec5b594c60, 0x000001ec5b595008]
Event: 0.657 Thread 0x000001ec70fcec20  547   !   3       javax.swing.UIDefaults::getFromHashtable (239 bytes)
Event: 0.658 Thread 0x000001ec70fcec20 nmethod 547 0x000001ec5b595190 code [0x000001ec5b595480, 0x000001ec5b596948]
Event: 0.658 Thread 0x000001ec70fcec20  548       3       java.lang.Class::reflectionData (43 bytes)
Event: 0.658 Thread 0x000001ec70fcec20 nmethod 548 0x000001ec5b596e90 code [0x000001ec5b597060, 0x000001ec5b597458]
Event: 0.658 Thread 0x000001ec70fcec20  549       3       java.lang.Enum::<init> (15 bytes)
Event: 0.658 Thread 0x000001ec70fcec20 nmethod 549 0x000001ec5b597590 code [0x000001ec5b597720, 0x000001ec5b5978d8]
Event: 0.658 Thread 0x000001ec70fcec20  550       3       javax.swing.UIDefaults::get (21 bytes)
Event: 0.658 Thread 0x000001ec70fcec20 nmethod 550 0x000001ec5b597990 code [0x000001ec5b597b40, 0x000001ec5b597d18]
Event: 0.661 Thread 0x000001ec70fcec20  551       3       java.lang.ref.SoftReference::<init> (13 bytes)
Event: 0.661 Thread 0x000001ec70fcec20 nmethod 551 0x000001ec5b597e10 code [0x000001ec5b597fc0, 0x000001ec5b5982d8]
Event: 0.662 Thread 0x000001ec70fcec20  552       3       javax.swing.SwingUtilities::appContextGet (8 bytes)
Event: 0.663 Thread 0x000001ec70fcec20 nmethod 552 0x000001ec5b598410 code [0x000001ec5b5985c0, 0x000001ec5b598718]
Event: 0.663 Thread 0x000001ec70fcec20  553       1       java.awt.Component::getObjectLock (5 bytes)
Event: 0.663 Thread 0x000001ec70fcec20 nmethod 553 0x000001ec62a16d90 code [0x000001ec62a16f20, 0x000001ec62a16fd8]
Event: 0.666 Thread 0x000001ec70fcec20  554       3       jdk.internal.access.SharedSecrets::getJavaLangAccess (4 bytes)
Event: 0.666 Thread 0x000001ec70fcec20 nmethod 554 0x000001ec5b598810 code [0x000001ec5b5989a0, 0x000001ec5b598a98]

GC Heap History (2 events):
Event: 0.623 GC heap before
{Heap before GC invocations=0 (full 0):
 garbage-first heap   total 131072K, used 18432K [0x0000000080a00000, 0x0000000100000000)
  region size 1024K, 13 young (13312K), 0 survivors (0K)
 Metaspace       used 4705K, capacity 4848K, committed 4992K, reserved 1056768K
  class space    used 507K, capacity 569K, committed 640K, reserved 1048576K
}
Event: 0.626 GC heap after
{Heap after GC invocations=1 (full 0):
 garbage-first heap   total 131072K, used 9257K [0x0000000080a00000, 0x0000000100000000)
  region size 1024K, 2 young (2048K), 2 survivors (2048K)
 Metaspace       used 4705K, capacity 4848K, committed 4992K, reserved 1056768K
  class space    used 507K, capacity 569K, committed 640K, reserved 1048576K
}

Deoptimization events (20 events):
Event: 0.656 Thread 0x000001ec719fe080 DEOPT PACKING pc=0x000001ec5b579b55 sp=0x0000002ebb5feb10
Event: 0.656 Thread 0x000001ec719fe080 DEOPT UNPACKING pc=0x000001ec5af6e23f sp=0x0000002ebb5fdf80 mode 0
Event: 0.656 Thread 0x000001ec719fe080 DEOPT PACKING pc=0x000001ec5b589924 sp=0x0000002ebb5feb90
Event: 0.656 Thread 0x000001ec719fe080 DEOPT UNPACKING pc=0x000001ec5af6e23f sp=0x0000002ebb5fe1c0 mode 0
Event: 0.656 Thread 0x000001ec719fe080 DEOPT PACKING pc=0x000001ec5b579bed sp=0x0000002ebb5fec40
Event: 0.656 Thread 0x000001ec719fe080 DEOPT UNPACKING pc=0x000001ec5af6e23f sp=0x0000002ebb5fe0e0 mode 0
Event: 0.656 Thread 0x000001ec719fe080 DEOPT PACKING pc=0x000001ec5b579bed sp=0x0000002ebb5feb10
Event: 0.656 Thread 0x000001ec719fe080 DEOPT UNPACKING pc=0x000001ec5af6e23f sp=0x0000002ebb5fdf80 mode 0
Event: 0.656 Thread 0x000001ec719fe080 DEOPT PACKING pc=0x000001ec5b579bed sp=0x0000002ebb5feb10
Event: 0.656 Thread 0x000001ec719fe080 DEOPT UNPACKING pc=0x000001ec5af6e23f sp=0x0000002ebb5fdf80 mode 0
Event: 0.656 Thread 0x000001ec719fe080 DEOPT PACKING pc=0x000001ec5b579bed sp=0x0000002ebb5feb10
Event: 0.656 Thread 0x000001ec719fe080 DEOPT UNPACKING pc=0x000001ec5af6e23f sp=0x0000002ebb5fdf80 mode 0
Event: 0.656 Thread 0x000001ec719fe080 DEOPT PACKING pc=0x000001ec5b589924 sp=0x0000002ebb5feb90
Event: 0.656 Thread 0x000001ec719fe080 DEOPT UNPACKING pc=0x000001ec5af6e23f sp=0x0000002ebb5fe1c0 mode 0
Event: 0.656 Thread 0x000001ec719fe080 DEOPT PACKING pc=0x000001ec5b579bed sp=0x0000002ebb5fec40
Event: 0.656 Thread 0x000001ec719fe080 DEOPT UNPACKING pc=0x000001ec5af6e23f sp=0x0000002ebb5fe0e0 mode 0
Event: 0.656 Thread 0x000001ec719fe080 DEOPT PACKING pc=0x000001ec5b589924 sp=0x0000002ebb5feb90
Event: 0.656 Thread 0x000001ec719fe080 DEOPT UNPACKING pc=0x000001ec5af6e23f sp=0x0000002ebb5fe1c0 mode 0
Event: 0.657 Thread 0x000001ec719fe080 DEOPT PACKING pc=0x000001ec5b589924 sp=0x0000002ebb5feb90
Event: 0.657 Thread 0x000001ec719fe080 DEOPT UNPACKING pc=0x000001ec5af6e23f sp=0x0000002ebb5fe1c0 mode 0

Classes unloaded (0 events):
No events

Classes redefined (0 events):
No events

Internal exceptions (12 events):
Event: 0.072 Thread 0x000001ec52ce25e0 Exception <a 'java/lang/NoSuchMethodError'{0x00000000889ec3d0}: 'void java.lang.invoke.DirectMethodHandle$Holder.invokeSpecial(java.lang.Object, java.lang.Object, java.lang.Object)'> (0x00000000889ec3d0) 
thrown [./open/src/hotspot/share/interpreter/linkResolver.cpp, line 782]
Event: 0.084 Thread 0x000001ec52ce25e0 Exception <a 'java/lang/ClassNotFoundException'{0x000000008880cd28}: sun/awt/resources/spi/awtProvider> (0x000000008880cd28) 
thrown [./open/src/hotspot/share/classfile/systemDictionary.cpp, line 295]
Event: 0.108 Thread 0x000001ec52ce25e0 Exception <a 'java/io/FileNotFoundException'{0x00000000888689c0}> (0x00000000888689c0) 
thrown [./open/src/hotspot/share/prims/jni.cpp, line 578]
Event: 0.116 Thread 0x000001ec52ce25e0 Exception <a 'java/io/FileNotFoundException'{0x0000000088897498}> (0x0000000088897498) 
thrown [./open/src/hotspot/share/prims/jni.cpp, line 578]
Event: 0.117 Thread 0x000001ec52ce25e0 Exception <a 'java/lang/NoSuchMethodError'{0x0000000088898660}: 'java.lang.Object java.lang.invoke.DirectMethodHandle$Holder.invokeStatic(java.lang.Object)'> (0x0000000088898660) 
thrown [./open/src/hotspot/share/interpreter/linkResolver.cpp, line 782]
Event: 0.149 Thread 0x000001ec52ce25e0 Exception <a 'java/lang/NoSuchMethodError'{0x00000000888f2cd8}: 'java.lang.Object java.lang.invoke.DirectMethodHandle$Holder.invokeStaticInit(java.lang.Object)'> (0x00000000888f2cd8) 
thrown [./open/src/hotspot/share/interpreter/linkResolver.cpp, line 782]
Event: 0.180 Thread 0x000001ec52ce25e0 Exception <a 'java/lang/NoSuchMethodError'{0x0000000088788918}: 'java.lang.Object java.lang.invoke.DirectMethodHandle$Holder.newInvokeSpecial(java.lang.Object, java.lang.Object, java.lang.Object, java.lang.Object, java.lang.Object)'> (0x0000000088788918) 
thrown [./open/src/hotspot/share/interpreter/linkResolver.cpp, line 782]
Event: 0.182 Thread 0x000001ec52ce25e0 Exception <a 'java/lang/NoSuchMethodError'{0x00000000887943a8}: 'java.lang.Object java.lang.invoke.DirectMethodHandle$Holder.invokeStatic(java.lang.Object, int, java.lang.Object, java.lang.Object, java.lang.Object, java.lang.Object)'> (0x00000000887943a8) 
thrown [./open/src/hotspot/share/interpreter/linkResolver.cpp, line 782]
Event: 0.187 Thread 0x000001ec52ce25e0 Exception <a 'java/lang/NoSuchMethodError'{0x00000000887ba650}: 'java.lang.Object java.lang.invoke.DirectMethodHandle$Holder.invokeStatic(java.lang.Object, int, java.lang.Object)'> (0x00000000887ba650) 
thrown [./open/src/hotspot/share/interpreter/linkResolver.cpp, line 782]
Event: 0.213 Thread 0x000001ec52ce25e0 Exception <a 'java/lang/ClassNotFoundException'{0x0000000088675ac0}: com/sun/swing/internal/plaf/metal/resources/spi/metalProvider> (0x0000000088675ac0) 
thrown [./open/src/hotspot/share/classfile/systemDictionary.cpp, line 295]
Event: 0.214 Thread 0x000001ec52ce25e0 Exception <a 'java/lang/ClassNotFoundException'{0x0000000088679b68}: com/sun/swing/internal/plaf/basic/resources/spi/basicProvider> (0x0000000088679b68) 
thrown [./open/src/hotspot/share/classfile/systemDictionary.cpp, line 295]
Event: 0.536 Thread 0x000001ec719fe080 Exception <a 'java/lang/NoSuchMethodError'{0x0000000088513ae8}: 'java.lang.Object java.lang.invoke.DirectMethodHandle$Holder.newInvokeSpecial(java.lang.Object, java.lang.Object, java.lang.Object, int, int, int, int, int)'> (0x0000000088513ae8) 
thrown [./open/src/hotspot/share/interpreter/linkResolver.cpp, line 782]

Events (20 events):
Event: 0.667 loading class javax/swing/text/StyledEditorKit$BoldAction done
Event: 0.667 loading class javax/swing/text/StyledEditorKit$ItalicAction
Event: 0.667 loading class javax/swing/text/StyledEditorKit$ItalicAction done
Event: 0.667 loading class javax/swing/text/StyledEditorKit$StyledInsertBreakAction
Event: 0.667 loading class javax/swing/text/StyledEditorKit$StyledInsertBreakAction done
Event: 0.667 loading class javax/swing/text/StyledEditorKit$UnderlineAction
Event: 0.667 loading class javax/swing/text/StyledEditorKit$UnderlineAction done
Event: 0.667 loading class javax/swing/text/StyledEditorKit$AttributeTracker
Event: 0.667 loading class javax/swing/event/CaretListener
Event: 0.667 loading class javax/swing/event/CaretListener done
Event: 0.667 loading class javax/swing/text/StyledEditorKit$AttributeTracker done
Event: 0.667 loading class javax/swing/text/StyledEditorKit$1
Event: 0.667 loading class javax/swing/text/SimpleAttributeSet
Event: 0.667 loading class javax/swing/text/MutableAttributeSet
Event: 0.667 loading class javax/swing/text/AttributeSet
Event: 0.667 loading class javax/swing/text/AttributeSet done
Event: 0.667 loading class javax/swing/text/MutableAttributeSet done
Event: 0.667 loading class javax/swing/text/SimpleAttributeSet done
Event: 0.667 loading class javax/swing/text/StyledEditorKit$1 done
Event: 0.667 loading class javax/swing/text/SimpleAttributeSet$EmptyAttributeSet


Dynamic libraries:
0x00007ff68bd30000 - 0x00007ff68bd3f000 	D:\Coding\Java\JDK15\bin\javaw.exe
0x00007ffc21c90000 - 0x00007ffc21e86000 	C:\WINDOWS\SYSTEM32\ntdll.dll
0x00007ffc204d0000 - 0x00007ffc2058d000 	C:\WINDOWS\System32\KERNEL32.DLL
0x00007ffc1f700000 - 0x00007ffc1f9c9000 	C:\WINDOWS\System32\KERNELBASE.dll
0x00007ffc1f3d0000 - 0x00007ffc1f4d0000 	C:\WINDOWS\System32\ucrtbase.dll
0x00007ffc17500000 - 0x00007ffc17519000 	D:\Coding\Java\JDK15\bin\VCRUNTIME140.dll
0x00007ffc17520000 - 0x00007ffc17538000 	D:\Coding\Java\JDK15\bin\jli.dll
0x00007ffc1fcf0000 - 0x00007ffc1fd9c000 	C:\WINDOWS\System32\ADVAPI32.dll
0x00007ffc20f20000 - 0x00007ffc20fbe000 	C:\WINDOWS\System32\msvcrt.dll
0x00007ffc219a0000 - 0x00007ffc21a3c000 	C:\WINDOWS\System32\sechost.dll
0x00007ffc1fdc0000 - 0x00007ffc1feeb000 	C:\WINDOWS\System32\RPCRT4.dll
0x00007ffc217f0000 - 0x00007ffc21990000 	C:\WINDOWS\System32\USER32.dll
0x00007ffc1fb90000 - 0x00007ffc1fbb2000 	C:\WINDOWS\System32\win32u.dll
0x00007ffc11cb0000 - 0x00007ffc11f4b000 	C:\WINDOWS\WinSxS\amd64_microsoft.windows.common-controls_6595b64144ccf1df_6.0.19041.488_none_ca04af081b815d21\COMCTL32.dll
0x00007ffc20430000 - 0x00007ffc2045a000 	C:\WINDOWS\System32\GDI32.dll
0x00007ffc1fa80000 - 0x00007ffc1fb89000 	C:\WINDOWS\System32\gdi32full.dll
0x00007ffc1f500000 - 0x00007ffc1f59d000 	C:\WINDOWS\System32\msvcp_win.dll
0x00007ffc17390000 - 0x00007ffc1739a000 	C:\WINDOWS\SYSTEM32\VERSION.dll
0x00007ffc20640000 - 0x00007ffc20670000 	C:\WINDOWS\System32\IMM32.DLL
0x00007ffc160e0000 - 0x00007ffc160ec000 	D:\Coding\Java\JDK15\bin\vcruntime140_1.dll
0x00007ffbe3480000 - 0x00007ffbe3511000 	D:\Coding\Java\JDK15\bin\msvcp140.dll
0x00007ffbda160000 - 0x00007ffbdacbc000 	D:\Coding\Java\JDK15\bin\server\jvm.dll
0x00007ffc1fef0000 - 0x00007ffc1fef8000 	C:\WINDOWS\System32\PSAPI.DLL
0x00007ffc12100000 - 0x00007ffc12127000 	C:\WINDOWS\SYSTEM32\WINMM.dll
0x00007ffc1b470000 - 0x00007ffc1b479000 	C:\WINDOWS\SYSTEM32\WSOCK32.dll
0x00007ffc208c0000 - 0x00007ffc2092b000 	C:\WINDOWS\System32\WS2_32.dll
0x00007ffc1d340000 - 0x00007ffc1d352000 	C:\WINDOWS\SYSTEM32\kernel.appcore.dll
0x00007ffc1b220000 - 0x00007ffc1b22a000 	D:\Coding\Java\JDK15\bin\jimage.dll
0x00007ffc09a00000 - 0x00007ffc09be4000 	C:\WINDOWS\SYSTEM32\DBGHELP.DLL
0x00007ffc098a0000 - 0x00007ffc098cc000 	C:\WINDOWS\SYSTEM32\dbgcore.DLL
0x00007ffc1fc70000 - 0x00007ffc1fcf0000 	C:\WINDOWS\System32\bcryptPrimitives.dll
0x00007ffc16750000 - 0x00007ffc16775000 	D:\Coding\Java\JDK15\bin\java.dll
0x00007ffc20fc0000 - 0x00007ffc21702000 	C:\WINDOWS\System32\SHELL32.dll
0x00007ffc1d540000 - 0x00007ffc1dcd5000 	C:\WINDOWS\SYSTEM32\windows.storage.dll
0x00007ffc1fff0000 - 0x00007ffc20346000 	C:\WINDOWS\System32\combase.dll
0x00007ffc1ed70000 - 0x00007ffc1ed9c000 	C:\WINDOWS\SYSTEM32\Wldp.dll
0x00007ffc20590000 - 0x00007ffc2063e000 	C:\WINDOWS\System32\SHCORE.dll
0x00007ffc20460000 - 0x00007ffc204b5000 	C:\WINDOWS\System32\shlwapi.dll
0x00007ffc1f300000 - 0x00007ffc1f326000 	C:\WINDOWS\SYSTEM32\profapi.dll
0x00007ffbdb3c0000 - 0x00007ffbdb540000 	D:\Coding\Java\JDK15\bin\awt.dll
0x00007ffc20e50000 - 0x00007ffc20f1d000 	C:\WINDOWS\System32\OLEAUT32.dll
0x00007ffc1cdb0000 - 0x00007ffc1ce40000 	C:\WINDOWS\SYSTEM32\apphelp.dll
0x00007ffc1ce80000 - 0x00007ffc1cf1e000 	C:\WINDOWS\system32\uxtheme.dll
0x00007ffc207a0000 - 0x00007ffc208b6000 	C:\WINDOWS\System32\MSCTF.dll
0x00007ffc20670000 - 0x00007ffc2079a000 	C:\WINDOWS\System32\ole32.dll
0x00007ffc1d080000 - 0x00007ffc1d0af000 	C:\WINDOWS\system32\DWMAPI.DLL
0x00007ffbdc6f0000 - 0x00007ffbdc815000 	C:\WINDOWS\system32\opengl32.dll
0x00007ffc0edd0000 - 0x00007ffc0edfc000 	C:\WINDOWS\SYSTEM32\GLU32.dll
0x00007ffc1eef0000 - 0x00007ffc1ef02000 	C:\WINDOWS\SYSTEM32\msasn1.dll
0x00007ffc068a0000 - 0x00007ffc068d1000 	C:\WINDOWS\SYSTEM32\cryptnet.dll
0x00007ffc1f5a0000 - 0x00007ffc1f6fd000 	C:\WINDOWS\System32\CRYPT32.dll
0x00007ffc1ecc0000 - 0x00007ffc1eccc000 	C:\WINDOWS\SYSTEM32\cryptbase.dll
0x00007ffc1fc10000 - 0x00007ffc1fc70000 	C:\WINDOWS\System32\WINTRUST.DLL
0x00007ffc1fda0000 - 0x00007ffc1fdbd000 	C:\WINDOWS\System32\imagehlp.dll
0x00007ffc1ecd0000 - 0x00007ffc1ece8000 	C:\WINDOWS\SYSTEM32\CRYPTSP.dll
0x00007ffc1e480000 - 0x00007ffc1e4b4000 	C:\WINDOWS\system32\rsaenh.dll
0x00007ffc1f4d0000 - 0x00007ffc1f4f7000 	C:\WINDOWS\System32\bcrypt.dll
0x00007ffc16710000 - 0x00007ffc1674b000 	C:\WINDOWS\SYSTEM32\dxcore.dll
0x00007ffc1fbc0000 - 0x00007ffc1fc0e000 	C:\WINDOWS\System32\cfgmgr32.dll
0x00007ffc161e0000 - 0x00007ffc161f8000 	D:\Coding\Java\JDK15\bin\zip.dll
0x00007ffc0fc60000 - 0x00007ffc0fc8d000 	D:\Coding\Java\JDK15\bin\javajpeg.dll

dbghelp: loaded successfully - version: 4.0.5 - missing functions: none
symbol engine: initialized successfully - sym options: 0x614 - pdb path: .;D:\Coding\Java\JDK15\bin;C:\WINDOWS\SYSTEM32;C:\WINDOWS\WinSxS\amd64_microsoft.windows.common-controls_6595b64144ccf1df_6.0.19041.488_none_ca04af081b815d21;D:\Coding\Java\JDK15\bin\server

VM Arguments:
jvm_args: -Dfile.encoding=Cp1252 -XX:+ShowCodeDetailsInExceptionMessages 
java_command: com.example.Main
java_class_path (initial): D:\Coding\Java\Eclipse\FinalProject\bin
Launcher Type: SUN_STANDARD

[Global flags]
     intx CICompilerCount                          = 3                                         {product} {ergonomic}
     uint ConcGCThreads                            = 1                                         {product} {ergonomic}
     uint G1ConcRefinementThreads                  = 4                                         {product} {ergonomic}
   size_t G1HeapRegionSize                         = 1048576                                   {product} {ergonomic}
    uintx GCDrainStackTargetSize                   = 64                                        {product} {ergonomic}
   size_t InitialHeapSize                          = 134217728                                 {product} {ergonomic}
   size_t MarkStackSize                            = 4194304                                   {product} {ergonomic}
   size_t MaxHeapSize                              = 2136997888                                {product} {ergonomic}
   size_t MaxNewSize                               = 1281359872                                {product} {ergonomic}
   size_t MinHeapDeltaBytes                        = 1048576                                   {product} {ergonomic}
   size_t MinHeapSize                              = 8388608                                   {product} {ergonomic}
    uintx NonNMethodCodeHeapSize                   = 5832780                                {pd product} {ergonomic}
    uintx NonProfiledCodeHeapSize                  = 122912730                              {pd product} {ergonomic}
    uintx ProfiledCodeHeapSize                     = 122912730                              {pd product} {ergonomic}
    uintx ReservedCodeCacheSize                    = 251658240                              {pd product} {ergonomic}
     bool SegmentedCodeCache                       = true                                      {product} {ergonomic}
     bool ShowCodeDetailsInExceptionMessages       = true                                   {manageable} {command line}
   size_t SoftMaxHeapSize                          = 2136997888                             {manageable} {ergonomic}
     bool UseCompressedClassPointers               = true                                 {lp64_product} {ergonomic}
     bool UseCompressedOops                        = true                                 {lp64_product} {ergonomic}
     bool UseG1GC                                  = true                                      {product} {ergonomic}
     bool UseLargePagesIndividualAllocation        = false                                  {pd product} {ergonomic}

Logging:
Log output configuration:
 #0: stdout all=warning uptime,level,tags
 #1: stderr all=off uptime,level,tags

Environment Variables:
PATH=D:/Coding/Java/JDK15/bin/server;D:/Coding/Java/JDK15/bin;C:\Program Files\Common Files\Oracle\Java\javapath;C:\Program Files (x86)\Common Files\Oracle\Java\javapath;C:\Program Files (x86)\NVIDIA Corporation\PhysX\Common;C:\ProgramData\Oracle\Java\javapath;C:\WINDOWS\system32;C:\WINDOWS;C:\WINDOWS\System32\Wbem;C:\WINDOWS\System32\WindowsPowerShell\v1.0\;C:\Program Files (x86)\Common Files\Acronis\SnapAPI\;C:\Program Files (x86)\Windows Live\Shared;C:\Users\user\AppData\Local\Microsoft\WindowsApps;C:\adb;C:\ADB\;C:\WINDOWS\system32;C:\WINDOWS;C:\WINDOWS\System32\Wbem;C:\WINDOWS\System32\WindowsPowerShell\v1.0\;C:\WINDOWS\System32\OpenSSH\;C:\Program Files\dotnet\;D:\XAMPP\XAMPP\php;C:\ProgramData\ComposerSetup\bin;D:\Coding Stuff\Git\Git\cmd;D:\Coding\Python\Anaconda\Anaconda;D:\Coding\Python\Anaconda\Anaconda\Library\mingw-w64\bin;D:\Coding\Python\Anaconda\Anaconda\Library\usr\bin;D:\Coding\Python\Anaconda\Anaconda\Library\bin;D:\Coding\Python\Anaconda\Anaconda\Scripts;C:\Users\user\AppData\Local\Programs\Python\Python38\Scripts\;C:\Users\user\AppData\Local\Programs\Python\Python38\;C:\Users\user\AppData\Local\Microsoft\WindowsApps;C:\Users\user\AppData\Roaming\Composer\vendor\bin;D:\Coding\Sublime Text\Sublime Text 3;D:\Coding\Java\JDK15\bin;C:\Users\user\AppData\Local\GitHubDesktop\bin;D:\Coding\Git\Git\bin;;C:\WINDOWS\system32;
USERNAME=Cheath
OS=Windows_NT
PROCESSOR_IDENTIFIER=Intel64 Family 6 Model 94 Stepping 3, GenuineIntel



---------------  S Y S T E M  ---------------

OS:
 Windows 10 , 64 bit Build 19041 (10.0.19041.662)
OS uptime: 13 days 1:10 hours

CPU: total 4 (initial active 4) (2 cores per cpu, 2 threads per core) family 6 model 94 stepping 3, cmov, cx8, fxsr, mmx, sse, sse2, sse3, ssse3, sse4.1, sse4.2, popcnt, vzeroupper, avx, avx2, aes, clmul, erms, 3dnowpref, lzcnt, ht, tsc, tscinvbit, bmi1, bmi2, adx, fma, clflush, clflushopt

Memory: 4k page, system-wide physical 8144M (471M free)
TotalPageFile size 20508M (AvailPageFile size 6M)
current process WorkingSet (physical memory assigned to process): 69M, peak: 69M
current process commit charge ("private bytes"): 215M, peak: 215M

vm_info: Java HotSpot(TM) 64-Bit Server VM (15+36-1562) for windows-amd64 JRE (15+36-1562), built on Aug 11 2020 22:38:02 by "mach5one" with unknown MS VC++:1925

END.
