#
# There is insufficient memory for the Java Runtime Environment to continue.
# Native memory allocation (malloc) failed to allocate 1917072 bytes for Chunk::new
# Possible reasons:
#   The system is out of physical RAM or swap space
#   The process is running with CompressedOops enabled, and the Java Heap may be blocking the growth of the native heap
# Possible solutions:
#   Reduce memory load on the system
#   Increase physical memory or swap space
#   Check if swap backing store is full
#   Decrease Java heap size (-Xmx/-Xms)
#   Decrease number of Java threads
#   Decrease Java thread stack sizes (-Xss)
#   Set larger code cache with -XX:ReservedCodeCacheSize=
#   JVM is running with Unscaled Compressed Oops mode in which the Java heap is
#     placed in the first 4GB address space. The Java Heap base address is the
#     maximum limit for the native heap growth. Please use -XX:HeapBaseMinAddress
#     to set the Java Heap base and to place the Java Heap above 4GB virtual address.
# This output file may be truncated or incomplete.
#
#  Out of Memory Error (./open/src/hotspot/share/memory/arena.cpp:195), pid=25520, tid=12504
#
# JRE version: Java(TM) SE Runtime Environment (15.0+36) (build 15+36-1562)
# Java VM: Java HotSpot(TM) 64-Bit Server VM (15+36-1562, mixed mode, sharing, tiered, compressed oops, g1 gc, windows-amd64)
# No core dump will be written. Minidumps are not enabled by default on client versions of Windows
#

---------------  S U M M A R Y ------------

Command Line: -Dfile.encoding=Cp1252 -XX:+ShowCodeDetailsInExceptionMessages com.example.Main

Host: Intel(R) Core(TM) i3-6100 CPU @ 3.70GHz, 4 cores, 7G,  Windows 10 , 64 bit Build 19041 (10.0.19041.662)
Time: Sun Jan 10 16:25:49 2021 SE Asia Standard Time elapsed time: 6.587750 seconds (0d 0h 0m 6s)

---------------  T H R E A D  ---------------

Current thread (0x0000026a1b611260):  JavaThread "C2 CompilerThread0" daemon [_thread_in_native, id=12504, stack(0x000000ffe8a00000,0x000000ffe8b00000)]


Current CompileTask:
C2:   6587 2370       4       javax.swing.text.html.BlockView::getAttributes (26 bytes)

Stack: [0x000000ffe8a00000,0x000000ffe8b00000]
Native frames: (J=compiled Java code, j=interpreted, Vv=VM code, C=native code)
V  [jvm.dll+0x629eaa]
V  [jvm.dll+0x780379]
V  [jvm.dll+0x781ad3]
V  [jvm.dll+0x782133]
V  [jvm.dll+0x2159d5]
V  [jvm.dll+0x9794a]
V  [jvm.dll+0x9802c]
V  [jvm.dll+0x32dc35]
V  [jvm.dll+0x18db3a]
V  [jvm.dll+0x1e9ef2]
V  [jvm.dll+0x1e903e]
V  [jvm.dll+0x177f17]
V  [jvm.dll+0x1f88f5]
V  [jvm.dll+0x1f699c]
V  [jvm.dll+0x74384d]
V  [jvm.dll+0x73c64a]
V  [jvm.dll+0x628d16]
C  [ucrtbase.dll+0x214c2]
C  [KERNEL32.DLL+0x17034]
C  [ntdll.dll+0x4d0d1]


---------------  P R O C E S S  ---------------

Threads class SMR info:
_java_thread_list=0x0000026a24431390, length=18, elements={
0x0000026a1b5edbc0, 0x0000026a1b5ee6a0, 0x0000026a1b607c10, 0x0000026a1b60a5e0,
0x0000026a1b60afa0, 0x0000026a1b611260, 0x0000026a1b614c30, 0x0000026a1b61dd00,
0x0000026a1c04a480, 0x0000026a1c050090, 0x0000026a1c2883c0, 0x0000026a1c288be0,
0x0000026a1c289510, 0x0000026a1d40e330, 0x0000026a1d40f1a0, 0x0000026a1d40cb20,
0x0000026a1d40de60, 0x0000026a242808b0
}

Java Threads: ( => current thread )
  0x0000026a1b5edbc0 JavaThread "Reference Handler" daemon [_thread_blocked, id=17776, stack(0x000000ffe8500000,0x000000ffe8600000)]
  0x0000026a1b5ee6a0 JavaThread "Finalizer" daemon [_thread_blocked, id=16416, stack(0x000000ffe8600000,0x000000ffe8700000)]
  0x0000026a1b607c10 JavaThread "Signal Dispatcher" daemon [_thread_blocked, id=15000, stack(0x000000ffe8700000,0x000000ffe8800000)]
  0x0000026a1b60a5e0 JavaThread "Attach Listener" daemon [_thread_blocked, id=16988, stack(0x000000ffe8800000,0x000000ffe8900000)]
  0x0000026a1b60afa0 JavaThread "Service Thread" daemon [_thread_blocked, id=17244, stack(0x000000ffe8900000,0x000000ffe8a00000)]
=>0x0000026a1b611260 JavaThread "C2 CompilerThread0" daemon [_thread_in_native, id=12504, stack(0x000000ffe8a00000,0x000000ffe8b00000)]
  0x0000026a1b614c30 JavaThread "C1 CompilerThread0" daemon [_thread_in_vm, id=22660, stack(0x000000ffe8b00000,0x000000ffe8c00000)]
  0x0000026a1b61dd00 JavaThread "Sweeper thread" daemon [_thread_blocked, id=12096, stack(0x000000ffe8c00000,0x000000ffe8d00000)]
  0x0000026a1c04a480 JavaThread "Notification Thread" daemon [_thread_blocked, id=24508, stack(0x000000ffe8d00000,0x000000ffe8e00000)]
  0x0000026a1c050090 JavaThread "Common-Cleaner" daemon [_thread_blocked, id=24908, stack(0x000000ffe8f00000,0x000000ffe9000000)]
  0x0000026a1c2883c0 JavaThread "Java2D Disposer" daemon [_thread_blocked, id=22356, stack(0x000000ffe9000000,0x000000ffe9100000)]
  0x0000026a1c288be0 JavaThread "AWT-Shutdown" [_thread_blocked, id=376, stack(0x000000ffe9100000,0x000000ffe9200000)]
  0x0000026a1c289510 JavaThread "AWT-Windows" daemon [_thread_in_native, id=12140, stack(0x000000ffe9200000,0x000000ffe9300000)]
  0x0000026a1d40e330 JavaThread "AWT-EventQueue-0" [_thread_in_Java, id=12636, stack(0x000000ffe9600000,0x000000ffe9700000)]
  0x0000026a1d40f1a0 JavaThread "DestroyJavaVM" [_thread_blocked, id=9428, stack(0x000000ffe7e00000,0x000000ffe7f00000)]
  0x0000026a1d40cb20 JavaThread "TimerQueue" daemon [_thread_blocked, id=14392, stack(0x000000ffe9e00000,0x000000ffe9f00000)]
  0x0000026a1d40de60 JavaThread "D3D Screen Updater" daemon [_thread_blocked, id=25028, stack(0x000000ffea200000,0x000000ffea300000)]
  0x0000026a242808b0 JavaThread "C2 CompilerThread1" daemon [_thread_in_native, id=14244, stack(0x000000ffe9700000,0x000000ffe9800000)]

Other Threads:
  0x0000026a1b5e6010 VMThread "VM Thread" [stack: 0x000000ffe8400000,0x000000ffe8500000] [id=18624]
  0x0000026a1c04bd60 WatcherThread [stack: 0x000000ffe8e00000,0x000000ffe8f00000] [id=11916]
  0x0000026a7d30daf0 GCTaskThread "GC Thread#0" [stack: 0x000000ffe7f00000,0x000000ffe8000000] [id=21056]
  0x0000026a1d579790 GCTaskThread "GC Thread#1" [stack: 0x000000ffe9900000,0x000000ffe9a00000] [id=23140]
  0x0000026a1d576490 GCTaskThread "GC Thread#2" [stack: 0x000000ffe9a00000,0x000000ffe9b00000] [id=3540]
  0x0000026a1d5777b0 GCTaskThread "GC Thread#3" [stack: 0x000000ffe9b00000,0x000000ffe9c00000] [id=21816]
  0x0000026a7d321bd0 ConcurrentGCThread "G1 Main Marker" [stack: 0x000000ffe8000000,0x000000ffe8100000] [id=6856]
  0x0000026a7d322ef0 ConcurrentGCThread "G1 Conc#0" [stack: 0x000000ffe8100000,0x000000ffe8200000] [id=24668]
  0x0000026a7d3993c0 ConcurrentGCThread "G1 Refine#0" [stack: 0x000000ffe8200000,0x000000ffe8300000] [id=11272]
  0x0000026a1d5efd50 ConcurrentGCThread "G1 Refine#1" [stack: 0x000000ffe9c00000,0x000000ffe9d00000] [id=22420]
  0x0000026a7d39b700 ConcurrentGCThread "G1 Young RemSet Sampling" [stack: 0x000000ffe8300000,0x000000ffe8400000] [id=15708]

Threads with active compile tasks:
C2 CompilerThread0     6700 2370       4       javax.swing.text.html.BlockView::getAttributes (26 bytes)
C1 CompilerThread0     6700 2681       3       javax.swing.plaf.basic.BasicTextUI::updateBackground (164 bytes)
C2 CompilerThread1     6700 2684       4       javax.swing.text.StyleContext$NamedStyle::fireStateChanged (68 bytes)

VM state: not at safepoint (normal execution)

VM Mutex/Monitor currently owned by a thread:  ([mutex/lock_event])
[0x0000026a7d2c9b00] CodeCache_lock - owner thread: 0x0000026a1b614c30
[0x0000026a7d2cb4a0] Compile_lock - owner thread: 0x0000026a1b614c30
[0x0000026a7d2ca8d0] MethodCompileQueue_lock - owner thread: 0x0000026a1b614c30

Heap address: 0x0000000080a00000, size: 2038 MB, Compressed Oops mode: 32-bit
CDS archive(s) mapped at: [0x0000000800000000-0x0000000800b50000-0x0000000800b50000), size 11862016, SharedBaseAddress: 0x0000000800000000, ArchiveRelocationMode: 0.
Compressed class space mapped at: 0x0000000800b50000-0x0000000840b50000, size: 1073741824
Narrow klass base: 0x0000000800000000, Narrow klass shift: 3, Narrow klass range: 0x100000000

GC Precious Log:
 CPUs: 4 total, 4 available
 Memory: 8144M
 Large Page Support: Disabled
 NUMA Support: Disabled
 Compressed Oops: Enabled (32-bit)
 Heap Region Size: 1M
 Heap Min Capacity: 8M
 Heap Initial Capacity: 128M
 Heap Max Capacity: 2038M
 Pre-touch: Disabled
 Parallel Workers: 4
 Concurrent Workers: 1
 Concurrent Refinement Workers: 4
 Periodic GC: Disabled

Heap:
 garbage-first heap   total 131072K, used 29502K [0x0000000080a00000, 0x0000000100000000)
  region size 1024K, 14 young (14336K), 2 survivors (2048K)
 Metaspace       used 11285K, capacity 11497K, committed 11776K, reserved 1060864K
  class space    used 1122K, capacity 1200K, committed 1280K, reserved 1048576K

Heap Regions: E=young(eden), S=young(survivor), O=old, HS=humongous(starts), HC=humongous(continues), CS=collection set, F=free, OA=open archive, CA=closed archive, TAMS=top-at-mark-start (previous, next)
|   0|0x0000000080a00000, 0x0000000080b00000, 0x0000000080b00000|100%|HS|  |TAMS 0x0000000080a00000, 0x0000000080a00000| Complete 
|   1|0x0000000080b00000, 0x0000000080c00000, 0x0000000080c00000|100%|HC|  |TAMS 0x0000000080b00000, 0x0000000080b00000| Complete 
|   2|0x0000000080c00000, 0x0000000080d00000, 0x0000000080d00000|100%|HC|  |TAMS 0x0000000080c00000, 0x0000000080c00000| Complete 
|   3|0x0000000080d00000, 0x0000000080e00000, 0x0000000080e00000|100%|HC|  |TAMS 0x0000000080d00000, 0x0000000080d00000| Complete 
|   4|0x0000000080e00000, 0x0000000080f00000, 0x0000000080f00000|100%|HC|  |TAMS 0x0000000080e00000, 0x0000000080e00000| Complete 
|   5|0x0000000080f00000, 0x0000000081000000, 0x0000000081000000|100%|HC|  |TAMS 0x0000000080f00000, 0x0000000080f00000| Complete 
|   6|0x0000000081000000, 0x0000000081100000, 0x0000000081100000|100%| O|  |TAMS 0x0000000081000000, 0x0000000081000000| Untracked 
|   7|0x0000000081100000, 0x0000000081200000, 0x0000000081200000|100%| O|  |TAMS 0x0000000081100000, 0x0000000081100000| Untracked 
|   8|0x0000000081200000, 0x0000000081300000, 0x0000000081300000|100%|HS|  |TAMS 0x0000000081200000, 0x0000000081200000| Complete 
|   9|0x0000000081300000, 0x0000000081400000, 0x0000000081400000|100%|HS|  |TAMS 0x0000000081300000, 0x0000000081300000| Complete 
|  10|0x0000000081400000, 0x0000000081500000, 0x0000000081500000|100%|HC|  |TAMS 0x0000000081400000, 0x0000000081400000| Complete 
|  11|0x0000000081500000, 0x0000000081600000, 0x0000000081600000|100%|HC|  |TAMS 0x0000000081500000, 0x0000000081500000| Complete 
|  12|0x0000000081600000, 0x0000000081700000, 0x0000000081700000|100%|HC|  |TAMS 0x0000000081600000, 0x0000000081600000| Complete 
|  13|0x0000000081700000, 0x0000000081800000, 0x0000000081800000|100%| O|  |TAMS 0x0000000081700000, 0x0000000081700000| Untracked 
|  14|0x0000000081800000, 0x0000000081900000, 0x0000000081900000|100%| O|  |TAMS 0x0000000081800000, 0x0000000081800000| Untracked 
|  15|0x0000000081900000, 0x0000000081a00000, 0x0000000081a00000|100%| O|  |TAMS 0x0000000081900000, 0x0000000081900000| Untracked 
|  16|0x0000000081a00000, 0x0000000081a42c00, 0x0000000081b00000| 26%| O|  |TAMS 0x0000000081a00000, 0x0000000081a00000| Untracked 
|  17|0x0000000081b00000, 0x0000000081b00000, 0x0000000081c00000|  0%| F|  |TAMS 0x0000000081b00000, 0x0000000081b00000| Untracked 
|  18|0x0000000081c00000, 0x0000000081c00000, 0x0000000081d00000|  0%| F|  |TAMS 0x0000000081c00000, 0x0000000081c00000| Untracked 
|  19|0x0000000081d00000, 0x0000000081d00000, 0x0000000081e00000|  0%| F|  |TAMS 0x0000000081d00000, 0x0000000081d00000| Untracked 
|  20|0x0000000081e00000, 0x0000000081e00000, 0x0000000081f00000|  0%| F|  |TAMS 0x0000000081e00000, 0x0000000081e00000| Untracked 
|  21|0x0000000081f00000, 0x0000000081f00000, 0x0000000082000000|  0%| F|  |TAMS 0x0000000081f00000, 0x0000000081f00000| Untracked 
|  22|0x0000000082000000, 0x0000000082000000, 0x0000000082100000|  0%| F|  |TAMS 0x0000000082000000, 0x0000000082000000| Untracked 
|  23|0x0000000082100000, 0x0000000082100000, 0x0000000082200000|  0%| F|  |TAMS 0x0000000082100000, 0x0000000082100000| Untracked 
|  24|0x0000000082200000, 0x0000000082200000, 0x0000000082300000|  0%| F|  |TAMS 0x0000000082200000, 0x0000000082200000| Untracked 
|  25|0x0000000082300000, 0x0000000082300000, 0x0000000082400000|  0%| F|  |TAMS 0x0000000082300000, 0x0000000082300000| Untracked 
|  26|0x0000000082400000, 0x0000000082400000, 0x0000000082500000|  0%| F|  |TAMS 0x0000000082400000, 0x0000000082400000| Untracked 
|  27|0x0000000082500000, 0x0000000082500000, 0x0000000082600000|  0%| F|  |TAMS 0x0000000082500000, 0x0000000082500000| Untracked 
|  28|0x0000000082600000, 0x0000000082600000, 0x0000000082700000|  0%| F|  |TAMS 0x0000000082600000, 0x0000000082600000| Untracked 
|  29|0x0000000082700000, 0x0000000082700000, 0x0000000082800000|  0%| F|  |TAMS 0x0000000082700000, 0x0000000082700000| Untracked 
|  30|0x0000000082800000, 0x0000000082800000, 0x0000000082900000|  0%| F|  |TAMS 0x0000000082800000, 0x0000000082800000| Untracked 
|  31|0x0000000082900000, 0x0000000082900000, 0x0000000082a00000|  0%| F|  |TAMS 0x0000000082900000, 0x0000000082900000| Untracked 
|  32|0x0000000082a00000, 0x0000000082a00000, 0x0000000082b00000|  0%| F|  |TAMS 0x0000000082a00000, 0x0000000082a00000| Untracked 
|  33|0x0000000082b00000, 0x0000000082b00000, 0x0000000082c00000|  0%| F|  |TAMS 0x0000000082b00000, 0x0000000082b00000| Untracked 
|  34|0x0000000082c00000, 0x0000000082c00000, 0x0000000082d00000|  0%| F|  |TAMS 0x0000000082c00000, 0x0000000082c00000| Untracked 
|  35|0x0000000082d00000, 0x0000000082d00000, 0x0000000082e00000|  0%| F|  |TAMS 0x0000000082d00000, 0x0000000082d00000| Untracked 
|  36|0x0000000082e00000, 0x0000000082e00000, 0x0000000082f00000|  0%| F|  |TAMS 0x0000000082e00000, 0x0000000082e00000| Untracked 
|  37|0x0000000082f00000, 0x0000000082f00000, 0x0000000083000000|  0%| F|  |TAMS 0x0000000082f00000, 0x0000000082f00000| Untracked 
|  38|0x0000000083000000, 0x0000000083000000, 0x0000000083100000|  0%| F|  |TAMS 0x0000000083000000, 0x0000000083000000| Untracked 
|  39|0x0000000083100000, 0x0000000083100000, 0x0000000083200000|  0%| F|  |TAMS 0x0000000083100000, 0x0000000083100000| Untracked 
|  40|0x0000000083200000, 0x0000000083200000, 0x0000000083300000|  0%| F|  |TAMS 0x0000000083200000, 0x0000000083200000| Untracked 
|  41|0x0000000083300000, 0x0000000083300000, 0x0000000083400000|  0%| F|  |TAMS 0x0000000083300000, 0x0000000083300000| Untracked 
|  42|0x0000000083400000, 0x0000000083400000, 0x0000000083500000|  0%| F|  |TAMS 0x0000000083400000, 0x0000000083400000| Untracked 
|  43|0x0000000083500000, 0x0000000083500000, 0x0000000083600000|  0%| F|  |TAMS 0x0000000083500000, 0x0000000083500000| Untracked 
|  44|0x0000000083600000, 0x0000000083600000, 0x0000000083700000|  0%| F|  |TAMS 0x0000000083600000, 0x0000000083600000| Untracked 
|  45|0x0000000083700000, 0x0000000083700000, 0x0000000083800000|  0%| F|  |TAMS 0x0000000083700000, 0x0000000083700000| Untracked 
|  46|0x0000000083800000, 0x0000000083800000, 0x0000000083900000|  0%| F|  |TAMS 0x0000000083800000, 0x0000000083800000| Untracked 
|  47|0x0000000083900000, 0x0000000083900000, 0x0000000083a00000|  0%| F|  |TAMS 0x0000000083900000, 0x0000000083900000| Untracked 
|  48|0x0000000083a00000, 0x0000000083a00000, 0x0000000083b00000|  0%| F|  |TAMS 0x0000000083a00000, 0x0000000083a00000| Untracked 
|  49|0x0000000083b00000, 0x0000000083b00000, 0x0000000083c00000|  0%| F|  |TAMS 0x0000000083b00000, 0x0000000083b00000| Untracked 
|  50|0x0000000083c00000, 0x0000000083c00000, 0x0000000083d00000|  0%| F|  |TAMS 0x0000000083c00000, 0x0000000083c00000| Untracked 
|  51|0x0000000083d00000, 0x0000000083d00000, 0x0000000083e00000|  0%| F|  |TAMS 0x0000000083d00000, 0x0000000083d00000| Untracked 
|  52|0x0000000083e00000, 0x0000000083e00000, 0x0000000083f00000|  0%| F|  |TAMS 0x0000000083e00000, 0x0000000083e00000| Untracked 
|  53|0x0000000083f00000, 0x0000000083f00000, 0x0000000084000000|  0%| F|  |TAMS 0x0000000083f00000, 0x0000000083f00000| Untracked 
|  54|0x0000000084000000, 0x0000000084000000, 0x0000000084100000|  0%| F|  |TAMS 0x0000000084000000, 0x0000000084000000| Untracked 
|  55|0x0000000084100000, 0x0000000084100000, 0x0000000084200000|  0%| F|  |TAMS 0x0000000084100000, 0x0000000084100000| Untracked 
|  56|0x0000000084200000, 0x0000000084200000, 0x0000000084300000|  0%| F|  |TAMS 0x0000000084200000, 0x0000000084200000| Untracked 
|  57|0x0000000084300000, 0x0000000084300000, 0x0000000084400000|  0%| F|  |TAMS 0x0000000084300000, 0x0000000084300000| Untracked 
|  58|0x0000000084400000, 0x0000000084400000, 0x0000000084500000|  0%| F|  |TAMS 0x0000000084400000, 0x0000000084400000| Untracked 
|  59|0x0000000084500000, 0x0000000084500000, 0x0000000084600000|  0%| F|  |TAMS 0x0000000084500000, 0x0000000084500000| Untracked 
|  60|0x0000000084600000, 0x0000000084600000, 0x0000000084700000|  0%| F|  |TAMS 0x0000000084600000, 0x0000000084600000| Untracked 
|  61|0x0000000084700000, 0x0000000084700000, 0x0000000084800000|  0%| F|  |TAMS 0x0000000084700000, 0x0000000084700000| Untracked 
|  62|0x0000000084800000, 0x0000000084800000, 0x0000000084900000|  0%| F|  |TAMS 0x0000000084800000, 0x0000000084800000| Untracked 
|  63|0x0000000084900000, 0x0000000084900000, 0x0000000084a00000|  0%| F|  |TAMS 0x0000000084900000, 0x0000000084900000| Untracked 
|  64|0x0000000084a00000, 0x0000000084a00000, 0x0000000084b00000|  0%| F|  |TAMS 0x0000000084a00000, 0x0000000084a00000| Untracked 
|  65|0x0000000084b00000, 0x0000000084b00000, 0x0000000084c00000|  0%| F|  |TAMS 0x0000000084b00000, 0x0000000084b00000| Untracked 
|  66|0x0000000084c00000, 0x0000000084c00000, 0x0000000084d00000|  0%| F|  |TAMS 0x0000000084c00000, 0x0000000084c00000| Untracked 
|  67|0x0000000084d00000, 0x0000000084d00000, 0x0000000084e00000|  0%| F|  |TAMS 0x0000000084d00000, 0x0000000084d00000| Untracked 
|  68|0x0000000084e00000, 0x0000000084e00000, 0x0000000084f00000|  0%| F|  |TAMS 0x0000000084e00000, 0x0000000084e00000| Untracked 
|  69|0x0000000084f00000, 0x0000000084f00000, 0x0000000085000000|  0%| F|  |TAMS 0x0000000084f00000, 0x0000000084f00000| Untracked 
|  70|0x0000000085000000, 0x0000000085000000, 0x0000000085100000|  0%| F|  |TAMS 0x0000000085000000, 0x0000000085000000| Untracked 
|  71|0x0000000085100000, 0x0000000085100000, 0x0000000085200000|  0%| F|  |TAMS 0x0000000085100000, 0x0000000085100000| Untracked 
|  72|0x0000000085200000, 0x0000000085200000, 0x0000000085300000|  0%| F|  |TAMS 0x0000000085200000, 0x0000000085200000| Untracked 
|  73|0x0000000085300000, 0x0000000085300000, 0x0000000085400000|  0%| F|  |TAMS 0x0000000085300000, 0x0000000085300000| Untracked 
|  74|0x0000000085400000, 0x0000000085400000, 0x0000000085500000|  0%| F|  |TAMS 0x0000000085400000, 0x0000000085400000| Untracked 
|  75|0x0000000085500000, 0x0000000085500000, 0x0000000085600000|  0%| F|  |TAMS 0x0000000085500000, 0x0000000085500000| Untracked 
|  76|0x0000000085600000, 0x0000000085600000, 0x0000000085700000|  0%| F|  |TAMS 0x0000000085600000, 0x0000000085600000| Untracked 
|  77|0x0000000085700000, 0x0000000085700000, 0x0000000085800000|  0%| F|  |TAMS 0x0000000085700000, 0x0000000085700000| Untracked 
|  78|0x0000000085800000, 0x0000000085800000, 0x0000000085900000|  0%| F|  |TAMS 0x0000000085800000, 0x0000000085800000| Untracked 
|  79|0x0000000085900000, 0x0000000085900000, 0x0000000085a00000|  0%| F|  |TAMS 0x0000000085900000, 0x0000000085900000| Untracked 
|  80|0x0000000085a00000, 0x0000000085a00000, 0x0000000085b00000|  0%| F|  |TAMS 0x0000000085a00000, 0x0000000085a00000| Untracked 
|  81|0x0000000085b00000, 0x0000000085b00000, 0x0000000085c00000|  0%| F|  |TAMS 0x0000000085b00000, 0x0000000085b00000| Untracked 
|  82|0x0000000085c00000, 0x0000000085c00000, 0x0000000085d00000|  0%| F|  |TAMS 0x0000000085c00000, 0x0000000085c00000| Untracked 
|  83|0x0000000085d00000, 0x0000000085d00000, 0x0000000085e00000|  0%| F|  |TAMS 0x0000000085d00000, 0x0000000085d00000| Untracked 
|  84|0x0000000085e00000, 0x0000000085e00000, 0x0000000085f00000|  0%| F|  |TAMS 0x0000000085e00000, 0x0000000085e00000| Untracked 
|  85|0x0000000085f00000, 0x0000000085f00000, 0x0000000086000000|  0%| F|  |TAMS 0x0000000085f00000, 0x0000000085f00000| Untracked 
|  86|0x0000000086000000, 0x0000000086000000, 0x0000000086100000|  0%| F|  |TAMS 0x0000000086000000, 0x0000000086000000| Untracked 
|  87|0x0000000086100000, 0x0000000086100000, 0x0000000086200000|  0%| F|  |TAMS 0x0000000086100000, 0x0000000086100000| Untracked 
|  88|0x0000000086200000, 0x0000000086200000, 0x0000000086300000|  0%| F|  |TAMS 0x0000000086200000, 0x0000000086200000| Untracked 
|  89|0x0000000086300000, 0x0000000086300000, 0x0000000086400000|  0%| F|  |TAMS 0x0000000086300000, 0x0000000086300000| Untracked 
|  90|0x0000000086400000, 0x0000000086400000, 0x0000000086500000|  0%| F|  |TAMS 0x0000000086400000, 0x0000000086400000| Untracked 
|  91|0x0000000086500000, 0x0000000086500000, 0x0000000086600000|  0%| F|  |TAMS 0x0000000086500000, 0x0000000086500000| Untracked 
|  92|0x0000000086600000, 0x0000000086600000, 0x0000000086700000|  0%| F|  |TAMS 0x0000000086600000, 0x0000000086600000| Untracked 
|  93|0x0000000086700000, 0x0000000086700000, 0x0000000086800000|  0%| F|  |TAMS 0x0000000086700000, 0x0000000086700000| Untracked 
|  94|0x0000000086800000, 0x0000000086800000, 0x0000000086900000|  0%| F|  |TAMS 0x0000000086800000, 0x0000000086800000| Untracked 
|  95|0x0000000086900000, 0x0000000086900000, 0x0000000086a00000|  0%| F|  |TAMS 0x0000000086900000, 0x0000000086900000| Untracked 
|  96|0x0000000086a00000, 0x0000000086a00000, 0x0000000086b00000|  0%| F|  |TAMS 0x0000000086a00000, 0x0000000086a00000| Untracked 
|  97|0x0000000086b00000, 0x0000000086b00000, 0x0000000086c00000|  0%| F|  |TAMS 0x0000000086b00000, 0x0000000086b00000| Untracked 
|  98|0x0000000086c00000, 0x0000000086c00000, 0x0000000086d00000|  0%| F|  |TAMS 0x0000000086c00000, 0x0000000086c00000| Untracked 
|  99|0x0000000086d00000, 0x0000000086d00000, 0x0000000086e00000|  0%| F|  |TAMS 0x0000000086d00000, 0x0000000086d00000| Untracked 
| 100|0x0000000086e00000, 0x0000000086e00000, 0x0000000086f00000|  0%| F|  |TAMS 0x0000000086e00000, 0x0000000086e00000| Untracked 
| 101|0x0000000086f00000, 0x0000000086f00000, 0x0000000087000000|  0%| F|  |TAMS 0x0000000086f00000, 0x0000000086f00000| Untracked 
| 102|0x0000000087000000, 0x000000008708cce8, 0x0000000087100000| 55%| S|CS|TAMS 0x0000000087000000, 0x0000000087000000| Complete 
| 103|0x0000000087100000, 0x0000000087200000, 0x0000000087200000|100%| S|CS|TAMS 0x0000000087100000, 0x0000000087100000| Complete 
| 104|0x0000000087200000, 0x0000000087200000, 0x0000000087300000|  0%| F|  |TAMS 0x0000000087200000, 0x0000000087200000| Untracked 
| 105|0x0000000087300000, 0x0000000087300000, 0x0000000087400000|  0%| F|  |TAMS 0x0000000087300000, 0x0000000087300000| Untracked 
| 106|0x0000000087400000, 0x0000000087400000, 0x0000000087500000|  0%| F|  |TAMS 0x0000000087400000, 0x0000000087400000| Untracked 
| 107|0x0000000087500000, 0x0000000087500000, 0x0000000087600000|  0%| F|  |TAMS 0x0000000087500000, 0x0000000087500000| Untracked 
| 108|0x0000000087600000, 0x0000000087600000, 0x0000000087700000|  0%| F|  |TAMS 0x0000000087600000, 0x0000000087600000| Untracked 
| 109|0x0000000087700000, 0x0000000087700000, 0x0000000087800000|  0%| F|  |TAMS 0x0000000087700000, 0x0000000087700000| Untracked 
| 110|0x0000000087800000, 0x0000000087800000, 0x0000000087900000|  0%| F|  |TAMS 0x0000000087800000, 0x0000000087800000| Untracked 
| 111|0x0000000087900000, 0x0000000087900000, 0x0000000087a00000|  0%| F|  |TAMS 0x0000000087900000, 0x0000000087900000| Untracked 
| 112|0x0000000087a00000, 0x0000000087a00000, 0x0000000087b00000|  0%| F|  |TAMS 0x0000000087a00000, 0x0000000087a00000| Untracked 
| 113|0x0000000087b00000, 0x0000000087b00000, 0x0000000087c00000|  0%| F|  |TAMS 0x0000000087b00000, 0x0000000087b00000| Untracked 
| 114|0x0000000087c00000, 0x0000000087c00000, 0x0000000087d00000|  0%| F|  |TAMS 0x0000000087c00000, 0x0000000087c00000| Untracked 
| 115|0x0000000087d00000, 0x0000000087d80800, 0x0000000087e00000| 50%| E|  |TAMS 0x0000000087d00000, 0x0000000087d00000| Complete 
| 116|0x0000000087e00000, 0x0000000087f00000, 0x0000000087f00000|100%| E|CS|TAMS 0x0000000087e00000, 0x0000000087e00000| Complete 
| 117|0x0000000087f00000, 0x0000000088000000, 0x0000000088000000|100%| E|CS|TAMS 0x0000000087f00000, 0x0000000087f00000| Complete 
| 118|0x0000000088000000, 0x0000000088100000, 0x0000000088100000|100%| E|CS|TAMS 0x0000000088000000, 0x0000000088000000| Complete 
| 119|0x0000000088100000, 0x0000000088200000, 0x0000000088200000|100%| E|CS|TAMS 0x0000000088100000, 0x0000000088100000| Complete 
| 120|0x0000000088200000, 0x0000000088300000, 0x0000000088300000|100%| E|CS|TAMS 0x0000000088200000, 0x0000000088200000| Complete 
| 121|0x0000000088300000, 0x0000000088400000, 0x0000000088400000|100%| E|CS|TAMS 0x0000000088300000, 0x0000000088300000| Complete 
| 122|0x0000000088400000, 0x0000000088500000, 0x0000000088500000|100%| E|CS|TAMS 0x0000000088400000, 0x0000000088400000| Complete 
| 123|0x0000000088500000, 0x0000000088600000, 0x0000000088600000|100%| E|CS|TAMS 0x0000000088500000, 0x0000000088500000| Complete 
| 124|0x0000000088600000, 0x0000000088700000, 0x0000000088700000|100%| E|CS|TAMS 0x0000000088600000, 0x0000000088600000| Complete 
| 125|0x0000000088700000, 0x0000000088800000, 0x0000000088800000|100%| E|CS|TAMS 0x0000000088700000, 0x0000000088700000| Complete 
| 126|0x0000000088800000, 0x0000000088900000, 0x0000000088900000|100%| E|CS|TAMS 0x0000000088800000, 0x0000000088800000| Complete 
| 127|0x0000000088900000, 0x0000000088a00000, 0x0000000088a00000|100%| E|CS|TAMS 0x0000000088900000, 0x0000000088900000| Complete 

Card table byte_map: [0x0000026a7d7b0000,0x0000026a7dbb0000] _byte_map_base: 0x0000026a7d3ab000

Marking Bits (Prev, Next): (CMBitMap*) 0x0000026a7d3112b0, (CMBitMap*) 0x0000026a7d3112f0
 Prev Bits: [0x0000026a7dfb0000, 0x0000026a7ff88000)
 Next Bits: [0x0000026a17160000, 0x0000026a19138000)

Polling page: 0x0000026a7b1f0000

Metaspace:

Usage:
  Non-class:     10.06 MB capacity,     9.93 MB ( 99%) used,   116.72 KB (  1%) free+waste,    16.38 KB ( <1%) overhead. 
      Class:      1.17 MB capacity,     1.10 MB ( 94%) used,    71.04 KB (  6%) free+waste,     6.19 KB ( <1%) overhead. 
       Both:     11.23 MB capacity,    11.02 MB ( 98%) used,   187.76 KB (  2%) free+waste,    22.56 KB ( <1%) overhead. 

Virtual space:
  Non-class space:       12.00 MB reserved,      10.25 MB ( 85%) committed 
      Class space:        1.00 GB reserved,       1.25 MB ( <1%) committed 
             Both:        1.01 GB reserved,      11.50 MB (  1%) committed 

Chunk freelists:
   Non-Class:  7.00 KB
       Class:  16.00 KB
        Both:  23.00 KB

MaxMetaspaceSize: 17179869184.00 GB
CompressedClassSpaceSize: 1.00 GB

CodeHeap 'non-profiled nmethods': size=120000Kb used=1059Kb max_used=1059Kb free=118940Kb
 bounds [0x0000026a0fc30000, 0x0000026a0fea0000, 0x0000026a17160000]
CodeHeap 'profiled nmethods': size=120000Kb used=5478Kb max_used=5478Kb free=114521Kb
 bounds [0x0000026a08700000, 0x0000026a08c60000, 0x0000026a0fc30000]
CodeHeap 'non-nmethods': size=5760Kb used=1311Kb max_used=1374Kb free=4448Kb
 bounds [0x0000026a08160000, 0x0000026a083d0000, 0x0000026a08700000]
 total_blobs=3281 nmethods=2675 adapters=518
 compilation: enabled
              stopped_count=0, restarted_count=0
 full_count=0

Compilation events (20 events):
Event: 6.578 Thread 0x0000026a1b614c30 nmethod 2626 0x0000026a08c1a890 code [0x0000026a08c1aac0, 0x0000026a08c1b4a8]
Event: 6.578 Thread 0x0000026a1b614c30 2621  s    3       java.awt.DefaultKeyboardFocusManager::discardKeyEvents (160 bytes)
Event: 6.579 Thread 0x0000026a1b614c30 nmethod 2621 0x0000026a08c1b710 code [0x0000026a08c1b9c0, 0x0000026a08c1c9b8]
Event: 6.579 Thread 0x0000026a1b614c30 2622       3       java.awt.DefaultKeyboardFocusManager::purgeStampedEvents (92 bytes)
Event: 6.580 Thread 0x0000026a1b614c30 nmethod 2622 0x0000026a08c1ce90 code [0x0000026a08c1d0e0, 0x0000026a08c1dca8]
Event: 6.580 Thread 0x0000026a1b614c30 2623       3       sun.awt.NullComponentPeer::dispose (1 bytes)
Event: 6.580 Thread 0x0000026a1b614c30 nmethod 2623 0x0000026a08c1e090 code [0x0000026a08c1e220, 0x0000026a08c1e318]
Event: 6.580 Thread 0x0000026a1b614c30 2624       3       sun.awt.NullComponentPeer::setVisible (1 bytes)
Event: 6.580 Thread 0x0000026a1b614c30 nmethod 2624 0x0000026a08c1e390 code [0x0000026a08c1e520, 0x0000026a08c1e618]
Event: 6.580 Thread 0x0000026a1b614c30 2625   !   3       java.awt.Component::mixOnHiding (61 bytes)
Event: 6.580 Thread 0x0000026a1b614c30 nmethod 2625 0x0000026a08c1e690 code [0x0000026a08c1e8c0, 0x0000026a08c1efc8]
Event: 6.580 Thread 0x0000026a1b614c30 2631       3       javax.swing.JComponent::rectangleIsObscured (119 bytes)
Event: 6.581 Thread 0x0000026a1b614c30 nmethod 2631 0x0000026a08c1f310 code [0x0000026a08c1f5a0, 0x0000026a08c205a8]
Event: 6.581 Thread 0x0000026a1b614c30 2629   !   3       javax.swing.JComponent::paint (409 bytes)
Event: 6.584 Thread 0x0000026a1b614c30 nmethod 2629 0x0000026a08c20b10 code [0x0000026a08c20f40, 0x0000026a08c23b78]
Event: 6.584 Thread 0x0000026a1b614c30 2630       3       javax.swing.JComponent::getComponentGraphics (63 bytes)
Event: 6.584 Thread 0x0000026a1b614c30 nmethod 2630 0x0000026a08c24910 code [0x0000026a08c24b60, 0x0000026a08c25868]
Event: 6.584 Thread 0x0000026a1b614c30 2632       3       javax.swing.text.GlyphView::paintTextUsingColor (282 bytes)
Event: 6.586 Thread 0x0000026a1b614c30 nmethod 2632 0x0000026a08c25b90 code [0x0000026a08c25f00, 0x0000026a08c27b18]
Event: 6.586 Thread 0x0000026a1b614c30 2633       3       sun.java2d.SurfaceData::getTransparency (8 bytes)

GC Heap History (6 events):
Event: 0.623 GC heap before
{Heap before GC invocations=0 (full 0):
 garbage-first heap   total 131072K, used 18432K [0x0000000080a00000, 0x0000000100000000)
  region size 1024K, 13 young (13312K), 0 survivors (0K)
 Metaspace       used 4745K, capacity 4856K, committed 4992K, reserved 1056768K
  class space    used 516K, capacity 569K, committed 640K, reserved 1048576K
}
Event: 0.628 GC heap after
{Heap after GC invocations=1 (full 0):
 garbage-first heap   total 131072K, used 9246K [0x0000000080a00000, 0x0000000100000000)
  region size 1024K, 2 young (2048K), 2 survivors (2048K)
 Metaspace       used 4745K, capacity 4856K, committed 4992K, reserved 1056768K
  class space    used 516K, capacity 569K, committed 640K, reserved 1048576K
}
Event: 1.161 GC heap before
{Heap before GC invocations=1 (full 0):
 garbage-first heap   total 131072K, used 26654K [0x0000000080a00000, 0x0000000100000000)
  region size 1024K, 14 young (14336K), 2 survivors (2048K)
 Metaspace       used 8430K, capacity 8592K, committed 8704K, reserved 1056768K
  class space    used 927K, capacity 1001K, committed 1024K, reserved 1048576K
}
Event: 1.164 GC heap after
{Heap after GC invocations=2 (full 0):
 garbage-first heap   total 131072K, used 16713K [0x0000000080a00000, 0x0000000100000000)
  region size 1024K, 2 young (2048K), 2 survivors (2048K)
 Metaspace       used 8430K, capacity 8592K, committed 8704K, reserved 1056768K
  class space    used 927K, capacity 1001K, committed 1024K, reserved 1048576K
}
Event: 6.408 GC heap before
{Heap before GC invocations=2 (full 0):
 garbage-first heap   total 131072K, used 39241K [0x0000000080a00000, 0x0000000100000000)
  region size 1024K, 24 young (24576K), 2 survivors (2048K)
 Metaspace       used 11082K, capacity 11240K, committed 11520K, reserved 1058816K
  class space    used 1122K, capacity 1200K, committed 1280K, reserved 1048576K
}
Event: 6.412 GC heap after
{Heap after GC invocations=3 (full 0):
 garbage-first heap   total 131072K, used 18238K [0x0000000080a00000, 0x0000000100000000)
  region size 1024K, 2 young (2048K), 2 survivors (2048K)
 Metaspace       used 11082K, capacity 11240K, committed 11520K, reserved 1058816K
  class space    used 1122K, capacity 1200K, committed 1280K, reserved 1048576K
}

Deoptimization events (20 events):
Event: 6.525 Thread 0x0000026a1d40e330 DEOPT PACKING pc=0x0000026a0fd2774c sp=0x000000ffe96fd690
Event: 6.525 Thread 0x0000026a1d40e330 DEOPT UNPACKING pc=0x0000026a081ae42f sp=0x000000ffe96fd618 mode 2
Event: 6.525 Thread 0x0000026a1d40e330 Uncommon trap: trap_request=0xffffffde fr.pc=0x0000026a0fd2774c relative=0x000000000000012c
Event: 6.525 Thread 0x0000026a1d40e330 Uncommon trap: reason=class_check action=maybe_recompile pc=0x0000026a0fd2774c method=jdk.internal.misc.Unsafe.allocateUninitializedArray(Ljava/lang/Class;I)Ljava/lang/Object; @ 51 c2
Event: 6.525 Thread 0x0000026a1d40e330 DEOPT PACKING pc=0x0000026a0fd2774c sp=0x000000ffe96fd690
Event: 6.525 Thread 0x0000026a1d40e330 DEOPT UNPACKING pc=0x0000026a081ae42f sp=0x000000ffe96fd618 mode 2
Event: 6.525 Thread 0x0000026a1d40e330 Uncommon trap: trap_request=0xffffffde fr.pc=0x0000026a0fd2774c relative=0x000000000000012c
Event: 6.525 Thread 0x0000026a1d40e330 Uncommon trap: reason=class_check action=maybe_recompile pc=0x0000026a0fd2774c method=jdk.internal.misc.Unsafe.allocateUninitializedArray(Ljava/lang/Class;I)Ljava/lang/Object; @ 51 c2
Event: 6.525 Thread 0x0000026a1d40e330 DEOPT PACKING pc=0x0000026a0fd2774c sp=0x000000ffe96fd690
Event: 6.525 Thread 0x0000026a1d40e330 DEOPT UNPACKING pc=0x0000026a081ae42f sp=0x000000ffe96fd618 mode 2
Event: 6.526 Thread 0x0000026a1d40e330 Uncommon trap: trap_request=0xffffffde fr.pc=0x0000026a0fd2774c relative=0x000000000000012c
Event: 6.526 Thread 0x0000026a1d40e330 Uncommon trap: reason=class_check action=maybe_recompile pc=0x0000026a0fd2774c method=jdk.internal.misc.Unsafe.allocateUninitializedArray(Ljava/lang/Class;I)Ljava/lang/Object; @ 51 c2
Event: 6.526 Thread 0x0000026a1d40e330 DEOPT PACKING pc=0x0000026a0fd2774c sp=0x000000ffe96fd820
Event: 6.526 Thread 0x0000026a1d40e330 DEOPT UNPACKING pc=0x0000026a081ae42f sp=0x000000ffe96fd7a8 mode 2
Event: 6.532 Thread 0x0000026a1d40e330 DEOPT PACKING pc=0x0000026a088c1dd9 sp=0x000000ffe96fdbd0
Event: 6.532 Thread 0x0000026a1d40e330 DEOPT UNPACKING pc=0x0000026a081ae23f sp=0x000000ffe96fd0b8 mode 0
Event: 6.551 Thread 0x0000026a1d40e330 DEOPT PACKING pc=0x0000026a088c1dd9 sp=0x000000ffe96fdbd0
Event: 6.551 Thread 0x0000026a1d40e330 DEOPT UNPACKING pc=0x0000026a081ae23f sp=0x000000ffe96fd0b8 mode 0
Event: 6.569 Thread 0x0000026a1d40e330 DEOPT PACKING pc=0x0000026a088c1cb0 sp=0x000000ffe96fdbd0
Event: 6.569 Thread 0x0000026a1d40e330 DEOPT UNPACKING pc=0x0000026a081ae23f sp=0x000000ffe96fd0b8 mode 0

Classes unloaded (0 events):
No events

Classes redefined (0 events):
No events

Internal exceptions (14 events):
Event: 0.084 Thread 0x0000026a7d2cf040 Exception <a 'java/lang/NoSuchMethodError'{0x00000000889ec3d0}: 'void java.lang.invoke.DirectMethodHandle$Holder.invokeSpecial(java.lang.Object, java.lang.Object, java.lang.Object)'> (0x00000000889ec3d0) 
thrown [./open/src/hotspot/share/interpreter/linkResolver.cpp, line 782]
Event: 0.099 Thread 0x0000026a7d2cf040 Exception <a 'java/lang/ClassNotFoundException'{0x000000008880cd28}: sun/awt/resources/spi/awtProvider> (0x000000008880cd28) 
thrown [./open/src/hotspot/share/classfile/systemDictionary.cpp, line 295]
Event: 0.141 Thread 0x0000026a7d2cf040 Exception <a 'java/io/FileNotFoundException'{0x00000000888689c0}> (0x00000000888689c0) 
thrown [./open/src/hotspot/share/prims/jni.cpp, line 578]
Event: 0.153 Thread 0x0000026a7d2cf040 Exception <a 'java/io/FileNotFoundException'{0x0000000088897498}> (0x0000000088897498) 
thrown [./open/src/hotspot/share/prims/jni.cpp, line 578]
Event: 0.153 Thread 0x0000026a7d2cf040 Exception <a 'java/lang/NoSuchMethodError'{0x0000000088898660}: 'java.lang.Object java.lang.invoke.DirectMethodHandle$Holder.invokeStatic(java.lang.Object)'> (0x0000000088898660) 
thrown [./open/src/hotspot/share/interpreter/linkResolver.cpp, line 782]
Event: 0.207 Thread 0x0000026a7d2cf040 Exception <a 'java/lang/NoSuchMethodError'{0x00000000888f2cd8}: 'java.lang.Object java.lang.invoke.DirectMethodHandle$Holder.invokeStaticInit(java.lang.Object)'> (0x00000000888f2cd8) 
thrown [./open/src/hotspot/share/interpreter/linkResolver.cpp, line 782]
Event: 0.253 Thread 0x0000026a7d2cf040 Exception <a 'java/lang/NoSuchMethodError'{0x0000000088788918}: 'java.lang.Object java.lang.invoke.DirectMethodHandle$Holder.newInvokeSpecial(java.lang.Object, java.lang.Object, java.lang.Object, java.lang.Object, java.lang.Object)'> (0x0000000088788918) 
thrown [./open/src/hotspot/share/interpreter/linkResolver.cpp, line 782]
Event: 0.255 Thread 0x0000026a7d2cf040 Exception <a 'java/lang/NoSuchMethodError'{0x00000000887943a8}: 'java.lang.Object java.lang.invoke.DirectMethodHandle$Holder.invokeStatic(java.lang.Object, int, java.lang.Object, java.lang.Object, java.lang.Object, java.lang.Object)'> (0x00000000887943a8) 
thrown [./open/src/hotspot/share/interpreter/linkResolver.cpp, line 782]
Event: 0.260 Thread 0x0000026a7d2cf040 Exception <a 'java/lang/NoSuchMethodError'{0x00000000887ba650}: 'java.lang.Object java.lang.invoke.DirectMethodHandle$Holder.invokeStatic(java.lang.Object, int, java.lang.Object)'> (0x00000000887ba650) 
thrown [./open/src/hotspot/share/interpreter/linkResolver.cpp, line 782]
Event: 0.314 Thread 0x0000026a7d2cf040 Exception <a 'java/lang/ClassNotFoundException'{0x0000000088675b50}: com/sun/swing/internal/plaf/metal/resources/spi/metalProvider> (0x0000000088675b50) 
thrown [./open/src/hotspot/share/classfile/systemDictionary.cpp, line 295]
Event: 0.315 Thread 0x0000026a7d2cf040 Exception <a 'java/lang/ClassNotFoundException'{0x0000000088679bf8}: com/sun/swing/internal/plaf/basic/resources/spi/basicProvider> (0x0000000088679bf8) 
thrown [./open/src/hotspot/share/classfile/systemDictionary.cpp, line 295]
Event: 0.506 Thread 0x0000026a1d40e800 Exception <a 'java/lang/NoSuchMethodError'{0x0000000088514038}: 'java.lang.Object java.lang.invoke.DirectMethodHandle$Holder.newInvokeSpecial(java.lang.Object, java.lang.Object, java.lang.Object, int, int, int, int, int)'> (0x0000000088514038) 
thrown [./open/src/hotspot/share/interpreter/linkResolver.cpp, line 782]
Event: 1.155 Thread 0x0000026a1d40e330 Exception <a 'java/lang/NoSuchMethodError'{0x0000000087ef9148}: 'void java.lang.invoke.DirectMethodHandle$Holder.invokeStaticInit(java.lang.Object)'> (0x0000000087ef9148) 
thrown [./open/src/hotspot/share/interpreter/linkResolver.cpp, line 782]
Event: 4.249 Thread 0x0000026a1d40e330 Implicit null exception at 0x0000026a0fcb2cd5 to 0x0000026a0fcb2fc0

Events (20 events):
Event: 4.586 Thread 0x0000026a248783f0 Thread exited: 0x0000026a248783f0
Event: 4.587 Executing VM operation: ICBufferFull
Event: 4.587 Executing VM operation: ICBufferFull done
Event: 4.587 Executing VM operation: HandshakeAllThreads
Event: 4.587 Executing VM operation: HandshakeAllThreads done
Event: 4.598 Thread 0x0000026a24462aa0 Thread added: 0x0000026a24462aa0
Event: 4.844 Thread 0x0000026a24462aa0 Thread exited: 0x0000026a24462aa0
Event: 5.258 Executing VM operation: ICBufferFull
Event: 5.258 Executing VM operation: ICBufferFull done
Event: 5.258 Executing VM operation: HandshakeAllThreads
Event: 5.259 Executing VM operation: HandshakeAllThreads done
Event: 5.810 Thread 0x0000026a1d40cff0 Thread exited: 0x0000026a1d40cff0
Event: 5.841 Thread 0x0000026a1d40e800 Thread exited: 0x0000026a1d40e800
Event: 6.214 Thread 0x0000026a242808b0 Thread added: 0x0000026a242808b0
Event: 6.264 Executing VM operation: HandshakeAllThreads
Event: 6.264 Executing VM operation: HandshakeAllThreads done
Event: 6.408 Executing VM operation: G1CollectForAllocation
Event: 6.412 Executing VM operation: G1CollectForAllocation done
Event: 6.414 Executing VM operation: HandshakeAllThreads
Event: 6.414 Executing VM operation: HandshakeAllThreads done


Dynamic libraries:
0x00007ff68bd30000 - 0x00007ff68bd3f000 	D:\Coding\Java\JDK15\bin\javaw.exe
0x00007ffc21c90000 - 0x00007ffc21e86000 	C:\WINDOWS\SYSTEM32\ntdll.dll
0x00007ffc204d0000 - 0x00007ffc2058d000 	C:\WINDOWS\System32\KERNEL32.DLL
0x00007ffc1f700000 - 0x00007ffc1f9c9000 	C:\WINDOWS\System32\KERNELBASE.dll
0x00007ffc1f3d0000 - 0x00007ffc1f4d0000 	C:\WINDOWS\System32\ucrtbase.dll
0x00007ffc17520000 - 0x00007ffc17538000 	D:\Coding\Java\JDK15\bin\jli.dll
0x00007ffc1fcf0000 - 0x00007ffc1fd9c000 	C:\WINDOWS\System32\ADVAPI32.dll
0x00007ffc20f20000 - 0x00007ffc20fbe000 	C:\WINDOWS\System32\msvcrt.dll
0x00007ffc219a0000 - 0x00007ffc21a3c000 	C:\WINDOWS\System32\sechost.dll
0x00007ffc1fdc0000 - 0x00007ffc1feeb000 	C:\WINDOWS\System32\RPCRT4.dll
0x00007ffc217f0000 - 0x00007ffc21990000 	C:\WINDOWS\System32\USER32.dll
0x00007ffc1fb90000 - 0x00007ffc1fbb2000 	C:\WINDOWS\System32\win32u.dll
0x00007ffc20430000 - 0x00007ffc2045a000 	C:\WINDOWS\System32\GDI32.dll
0x00007ffc1fa80000 - 0x00007ffc1fb89000 	C:\WINDOWS\System32\gdi32full.dll
0x00007ffc1f500000 - 0x00007ffc1f59d000 	C:\WINDOWS\System32\msvcp_win.dll
0x00007ffc17500000 - 0x00007ffc17519000 	D:\Coding\Java\JDK15\bin\VCRUNTIME140.dll
0x00007ffc11cb0000 - 0x00007ffc11f4b000 	C:\WINDOWS\WinSxS\amd64_microsoft.windows.common-controls_6595b64144ccf1df_6.0.19041.488_none_ca04af081b815d21\COMCTL32.dll
0x00007ffc17390000 - 0x00007ffc1739a000 	C:\WINDOWS\SYSTEM32\VERSION.dll
0x00007ffc20640000 - 0x00007ffc20670000 	C:\WINDOWS\System32\IMM32.DLL
0x00007ffc160e0000 - 0x00007ffc160ec000 	D:\Coding\Java\JDK15\bin\vcruntime140_1.dll
0x00007ffbe3480000 - 0x00007ffbe3511000 	D:\Coding\Java\JDK15\bin\msvcp140.dll
0x00007ffbda160000 - 0x00007ffbdacbc000 	D:\Coding\Java\JDK15\bin\server\jvm.dll
0x00007ffc1fef0000 - 0x00007ffc1fef8000 	C:\WINDOWS\System32\PSAPI.DLL
0x00007ffc1b470000 - 0x00007ffc1b479000 	C:\WINDOWS\SYSTEM32\WSOCK32.dll
0x00007ffc208c0000 - 0x00007ffc2092b000 	C:\WINDOWS\System32\WS2_32.dll
0x00007ffc12100000 - 0x00007ffc12127000 	C:\WINDOWS\SYSTEM32\WINMM.dll
0x00007ffc1d340000 - 0x00007ffc1d352000 	C:\WINDOWS\SYSTEM32\kernel.appcore.dll
0x00007ffc1b220000 - 0x00007ffc1b22a000 	D:\Coding\Java\JDK15\bin\jimage.dll
0x00007ffc09a00000 - 0x00007ffc09be4000 	C:\WINDOWS\SYSTEM32\DBGHELP.DLL
0x00007ffc098a0000 - 0x00007ffc098cc000 	C:\WINDOWS\SYSTEM32\dbgcore.DLL
0x00007ffc1fc70000 - 0x00007ffc1fcf0000 	C:\WINDOWS\System32\bcryptPrimitives.dll
0x00007ffc16750000 - 0x00007ffc16775000 	D:\Coding\Java\JDK15\bin\java.dll
0x00007ffc20fc0000 - 0x00007ffc21702000 	C:\WINDOWS\System32\SHELL32.dll
0x00007ffc1d540000 - 0x00007ffc1dcd5000 	C:\WINDOWS\SYSTEM32\windows.storage.dll
0x00007ffc1fff0000 - 0x00007ffc20346000 	C:\WINDOWS\System32\combase.dll
0x00007ffc1ed70000 - 0x00007ffc1ed9c000 	C:\WINDOWS\SYSTEM32\Wldp.dll
0x00007ffc20590000 - 0x00007ffc2063e000 	C:\WINDOWS\System32\SHCORE.dll
0x00007ffc20460000 - 0x00007ffc204b5000 	C:\WINDOWS\System32\shlwapi.dll
0x00007ffc1f300000 - 0x00007ffc1f326000 	C:\WINDOWS\SYSTEM32\profapi.dll
0x00007ffbdb3c0000 - 0x00007ffbdb540000 	D:\Coding\Java\JDK15\bin\awt.dll
0x00007ffc20e50000 - 0x00007ffc20f1d000 	C:\WINDOWS\System32\OLEAUT32.dll
0x00007ffc1cdb0000 - 0x00007ffc1ce40000 	C:\WINDOWS\SYSTEM32\apphelp.dll
0x00007ffc1ce80000 - 0x00007ffc1cf1e000 	C:\WINDOWS\system32\uxtheme.dll
0x00007ffc207a0000 - 0x00007ffc208b6000 	C:\WINDOWS\System32\MSCTF.dll
0x00007ffc20670000 - 0x00007ffc2079a000 	C:\WINDOWS\System32\ole32.dll
0x00007ffc1d080000 - 0x00007ffc1d0af000 	C:\WINDOWS\system32\DWMAPI.DLL
0x00007ffbdc6f0000 - 0x00007ffbdc815000 	C:\WINDOWS\system32\opengl32.dll
0x00007ffc0edd0000 - 0x00007ffc0edfc000 	C:\WINDOWS\SYSTEM32\GLU32.dll
0x00007ffc14c00000 - 0x00007ffc14dcf000 	C:\WINDOWS\system32\d3d9.dll
0x00007ffc163e0000 - 0x00007ffc164e2000 	C:\WINDOWS\System32\DriverStore\FileRepository\nv_dispi.inf_amd64_60daf66a00f2e0b6\nvldumdx.dll
0x00007ffc1eef0000 - 0x00007ffc1ef02000 	C:\WINDOWS\SYSTEM32\msasn1.dll
0x00007ffc068a0000 - 0x00007ffc068d1000 	C:\WINDOWS\SYSTEM32\cryptnet.dll
0x00007ffc1f5a0000 - 0x00007ffc1f6fd000 	C:\WINDOWS\System32\CRYPT32.dll
0x00007ffc1ecc0000 - 0x00007ffc1eccc000 	C:\WINDOWS\SYSTEM32\cryptbase.dll
0x00007ffc1fc10000 - 0x00007ffc1fc70000 	C:\WINDOWS\System32\WINTRUST.DLL
0x00007ffc1fda0000 - 0x00007ffc1fdbd000 	C:\WINDOWS\System32\imagehlp.dll
0x00007ffc1ecd0000 - 0x00007ffc1ece8000 	C:\WINDOWS\SYSTEM32\CRYPTSP.dll
0x00007ffc1e480000 - 0x00007ffc1e4b4000 	C:\WINDOWS\system32\rsaenh.dll
0x00007ffc1f4d0000 - 0x00007ffc1f4f7000 	C:\WINDOWS\System32\bcrypt.dll
0x00007ffba4700000 - 0x00007ffba611b000 	C:\WINDOWS\System32\DriverStore\FileRepository\nv_dispi.inf_amd64_60daf66a00f2e0b6\nvd3dumx.dll
0x00007ffc1dcf0000 - 0x00007ffc1dd13000 	C:\WINDOWS\SYSTEM32\gpapi.dll
0x00007ffc16710000 - 0x00007ffc1674b000 	C:\WINDOWS\SYSTEM32\dxcore.dll
0x00007ffc1fbc0000 - 0x00007ffc1fc0e000 	C:\WINDOWS\System32\cfgmgr32.dll
0x00007ffc161e0000 - 0x00007ffc161f8000 	D:\Coding\Java\JDK15\bin\zip.dll
0x00007ffc0fc60000 - 0x00007ffc0fc8d000 	D:\Coding\Java\JDK15\bin\javajpeg.dll
0x00007ffbef930000 - 0x00007ffbef9b5000 	D:\Coding\Java\JDK15\bin\freetype.dll
0x00007ffbe2440000 - 0x00007ffbe24e9000 	D:\Coding\Java\JDK15\bin\fontmanager.dll
0x00007ffc20930000 - 0x00007ffc209d9000 	C:\WINDOWS\System32\clbcatq.dll
0x00007ffc18730000 - 0x00007ffc188e4000 	C:\WINDOWS\SYSTEM32\WindowsCodecs.dll
0x00007ffbe5ed0000 - 0x00007ffbe5f0e000 	C:\WINDOWS\system32\dataexchange.dll
0x00007ffc1ba30000 - 0x00007ffc1bc94000 	C:\WINDOWS\system32\d3d11.dll
0x00007ffc1c5f0000 - 0x00007ffc1c7d7000 	C:\WINDOWS\system32\dcomp.dll
0x00007ffc1de40000 - 0x00007ffc1df33000 	C:\WINDOWS\system32\dxgi.dll
0x00007ffc1ab90000 - 0x00007ffc1ad98000 	C:\WINDOWS\system32\twinapi.appcore.dll
0x00007ffc19bc0000 - 0x00007ffc19bd9000 	D:\Coding\Java\JDK15\bin\net.dll
0x00007ffc0f780000 - 0x00007ffc0f880000 	C:\WINDOWS\SYSTEM32\WINHTTP.dll
0x00007ffc1eaf0000 - 0x00007ffc1eb5a000 	C:\WINDOWS\system32\mswsock.dll
0x00007ffc16200000 - 0x00007ffc16212000 	D:\Coding\Java\JDK15\bin\nio.dll
0x00007ffc14dd0000 - 0x00007ffc14ecd000 	C:\WINDOWS\SYSTEM32\textinputframework.dll
0x00007ffc1bca0000 - 0x00007ffc1bffe000 	C:\WINDOWS\System32\CoreUIComponents.dll
0x00007ffc1cc60000 - 0x00007ffc1cd52000 	C:\WINDOWS\System32\CoreMessaging.dll
0x00007ffc1b2d0000 - 0x00007ffc1b426000 	C:\WINDOWS\SYSTEM32\wintypes.dll
0x00007ffc1e150000 - 0x00007ffc1e183000 	C:\WINDOWS\SYSTEM32\ntmarta.dll

dbghelp: loaded successfully - version: 4.0.5 - missing functions: none
symbol engine: initialized successfully - sym options: 0x614 - pdb path: .;D:\Coding\Java\JDK15\bin;C:\WINDOWS\SYSTEM32;C:\WINDOWS\WinSxS\amd64_microsoft.windows.common-controls_6595b64144ccf1df_6.0.19041.488_none_ca04af081b815d21;D:\Coding\Java\JDK15\bin\server;C:\WINDOWS\System32\DriverStore\FileRepository\nv_dispi.inf_amd64_60daf66a00f2e0b6

VM Arguments:
jvm_args: -Dfile.encoding=Cp1252 -XX:+ShowCodeDetailsInExceptionMessages 
java_command: com.example.Main
java_class_path (initial): D:\Coding\Java\Eclipse\FinalProject\bin
Launcher Type: SUN_STANDARD

[Global flags]
     intx CICompilerCount                          = 3                                         {product} {ergonomic}
     uint ConcGCThreads                            = 1                                         {product} {ergonomic}
     uint G1ConcRefinementThreads                  = 4                                         {product} {ergonomic}
   size_t G1HeapRegionSize                         = 1048576                                   {product} {ergonomic}
    uintx GCDrainStackTargetSize                   = 64                                        {product} {ergonomic}
   size_t InitialHeapSize                          = 134217728                                 {product} {ergonomic}
   size_t MarkStackSize                            = 4194304                                   {product} {ergonomic}
   size_t MaxHeapSize                              = 2136997888                                {product} {ergonomic}
   size_t MaxNewSize                               = 1281359872                                {product} {ergonomic}
   size_t MinHeapDeltaBytes                        = 1048576                                   {product} {ergonomic}
   size_t MinHeapSize                              = 8388608                                   {product} {ergonomic}
    uintx NonNMethodCodeHeapSize                   = 5832780                                {pd product} {ergonomic}
    uintx NonProfiledCodeHeapSize                  = 122912730                              {pd product} {ergonomic}
    uintx ProfiledCodeHeapSize                     = 122912730                              {pd product} {ergonomic}
    uintx ReservedCodeCacheSize                    = 251658240                              {pd product} {ergonomic}
     bool SegmentedCodeCache                       = true                                      {product} {ergonomic}
     bool ShowCodeDetailsInExceptionMessages       = true                                   {manageable} {command line}
   size_t SoftMaxHeapSize                          = 2136997888                             {manageable} {ergonomic}
     bool UseCompressedClassPointers               = true                                 {lp64_product} {ergonomic}
     bool UseCompressedOops                        = true                                 {lp64_product} {ergonomic}
     bool UseG1GC                                  = true                                      {product} {ergonomic}
     bool UseLargePagesIndividualAllocation        = false                                  {pd product} {ergonomic}

Logging:
Log output configuration:
 #0: stdout all=warning uptime,level,tags
 #1: stderr all=off uptime,level,tags

Environment Variables:
PATH=D:/Coding/Java/JDK15/bin/server;D:/Coding/Java/JDK15/bin;C:\Program Files\Common Files\Oracle\Java\javapath;C:\Program Files (x86)\Common Files\Oracle\Java\javapath;C:\Program Files (x86)\NVIDIA Corporation\PhysX\Common;C:\ProgramData\Oracle\Java\javapath;C:\WINDOWS\system32;C:\WINDOWS;C:\WINDOWS\System32\Wbem;C:\WINDOWS\System32\WindowsPowerShell\v1.0\;C:\Program Files (x86)\Common Files\Acronis\SnapAPI\;C:\Program Files (x86)\Windows Live\Shared;C:\Users\user\AppData\Local\Microsoft\WindowsApps;C:\adb;C:\ADB\;C:\WINDOWS\system32;C:\WINDOWS;C:\WINDOWS\System32\Wbem;C:\WINDOWS\System32\WindowsPowerShell\v1.0\;C:\WINDOWS\System32\OpenSSH\;C:\Program Files\dotnet\;D:\XAMPP\XAMPP\php;C:\ProgramData\ComposerSetup\bin;D:\Coding Stuff\Git\Git\cmd;D:\Coding\Python\Anaconda\Anaconda;D:\Coding\Python\Anaconda\Anaconda\Library\mingw-w64\bin;D:\Coding\Python\Anaconda\Anaconda\Library\usr\bin;D:\Coding\Python\Anaconda\Anaconda\Library\bin;D:\Coding\Python\Anaconda\Anaconda\Scripts;C:\Users\user\AppData\Local\Programs\Python\Python38\Scripts\;C:\Users\user\AppData\Local\Programs\Python\Python38\;C:\Users\user\AppData\Local\Microsoft\WindowsApps;C:\Users\user\AppData\Roaming\Composer\vendor\bin;D:\Coding\Sublime Text\Sublime Text 3;D:\Coding\Java\JDK15\bin;C:\Users\user\AppData\Local\GitHubDesktop\bin;D:\Coding\Git\Git\bin;;C:\WINDOWS\system32;
USERNAME=Cheath
OS=Windows_NT
PROCESSOR_IDENTIFIER=Intel64 Family 6 Model 94 Stepping 3, GenuineIntel



---------------  S Y S T E M  ---------------

OS:
 Windows 10 , 64 bit Build 19041 (10.0.19041.662)
OS uptime: 13 days 1:11 hours

CPU: total 4 (initial active 4) (2 cores per cpu, 2 threads per core) family 6 model 94 stepping 3, cmov, cx8, fxsr, mmx, sse, sse2, sse3, ssse3, sse4.1, sse4.2, popcnt, vzeroupper, avx, avx2, aes, clmul, erms, 3dnowpref, lzcnt, ht, tsc, tscinvbit, bmi1, bmi2, adx, fma, clflush, clflushopt

Memory: 4k page, system-wide physical 8144M (496M free)
TotalPageFile size 20508M (AvailPageFile size 9M)
current process WorkingSet (physical memory assigned to process): 158M, peak: 160M
current process commit charge ("private bytes"): 298M, peak: 301M

vm_info: Java HotSpot(TM) 64-Bit Server VM (15+36-1562) for windows-amd64 JRE (15+36-1562), built on Aug 11 2020 22:38:02 by "mach5one" with unknown MS VC++:1925

END.
